This file contains any messages produced by compilers while
running configure, to aid debugging if configure makes a mistake.

It was created by libpng configure 1.5.2, which was
generated by GNU Autoconf 2.68.  Invocation command line was

  $ ./configure --host=arm-eabi

## --------- ##
## Platform. ##
## --------- ##

hostname = localhost.localdomain
uname -m = i686
uname -r = 2.6.35.12-88.fc14.i686
uname -s = Linux
uname -v = #1 SMP Thu Mar 31 22:12:38 UTC 2011

/usr/bin/uname -p = unknown
/bin/uname -X     = unknown

/bin/arch              = i686
/usr/bin/arch -k       = unknown
/usr/convex/getsysinfo = unknown
/usr/bin/hostinfo      = unknown
/bin/machine           = unknown
/usr/bin/oslevel       = unknown
/bin/universe          = unknown

PATH: /usr/lib/qt-3.3/bin
PATH: /usr/local/bin
PATH: /usr/bin
PATH: /bin
PATH: /usr/local/sbin
PATH: /usr/sbin
PATH: /sbin
PATH: /home/user/bin


## ----------- ##
## Core tests. ##
## ----------- ##

configure:2304: checking for a BSD-compatible install
configure:2372: result: /usr/bin/install -c
configure:2383: checking whether build environment is sane
configure:2433: result: yes
configure:2482: checking for arm-eabi-strip
configure:2512: result: no
configure:2522: checking for strip
configure:2538: found /usr/bin/strip
configure:2549: result: strip
configure:2574: checking for a thread-safe mkdir -p
configure:2613: result: /bin/mkdir -p
configure:2626: checking for gawk
configure:2642: found /usr/bin/gawk
configure:2653: result: gawk
configure:2664: checking whether make sets $(MAKE)
configure:2686: result: yes
configure:2767: checking whether to enable maintainer-specific portions of Makefiles
configure:2776: result: no
configure:2815: checking for arm-eabi-gcc
configure:2842: result: /home/user/android-ndk/build/prebuilt/linux-x86/arm-eabi-4.4.0/bin/arm-eabi-gcc
configure:3111: checking for C compiler version
configure:3120: /home/user/android-ndk/build/prebuilt/linux-x86/arm-eabi-4.4.0/bin/arm-eabi-gcc --version >&5
arm-eabi-gcc (GCC) 4.4.0
Copyright (C) 2009 Free Software Foundation, Inc.
This is free software; see the source for copying conditions.  There is NO
warranty; not even for MERCHANTABILITY or FITNESS FOR A PARTICULAR PURPOSE.

configure:3131: $? = 0
configure:3120: /home/user/android-ndk/build/prebuilt/linux-x86/arm-eabi-4.4.0/bin/arm-eabi-gcc -v >&5
Using built-in specs.
Target: arm-eabi
Configured with: /tmp/xsrc/build/../gcc/gcc-4.4.0/configure --prefix=/tmp/xndk/build/prebuilt/linux-x86/arm-eabi-4.4.0 --target=arm-eabi --host=x86_64-unknown-linux-gnu --build=x86_64-unknown-linux-gnu --enable-languages=c,c++ --with-gmp=/tmp/ndk-prebuilt-939/toolchain-arm-eabi-4.4.0/temp-install --with-mpfr=/tmp/ndk-prebuilt-939/toolchain-arm-eabi-4.4.0/temp-install --disable-libssp --enable-threads --disable-nls --disable-libmudflap --disable-libgomp --disable-libstdc__-v3 --disable-sjlj-exceptions --disable-shared --disable-tls --with-float=soft --with-fpu=vfp --with-arch=armv5te --enable-target-optspace --with-abi=aapcs --disable-nls --prefix=/tmp/xndk/build/prebuilt/linux-x86/arm-eabi-4.4.0 --with-sysroot=/opt/digit/repo/froyo/ndk/build/platforms/android-3/arch-arm --with-binutils-version=2.19 --with-gcc-version=4.4.0 --with-gdb-version=6.6 --program-transform-name='s&^&arm-eabi-&'
Thread model: single
gcc version 4.4.0 (GCC) 
configure:3131: $? = 0
configure:3120: /home/user/android-ndk/build/prebuilt/linux-x86/arm-eabi-4.4.0/bin/arm-eabi-gcc -V >&5
arm-eabi-gcc: '-V' option must have argument
configure:3131: $? = 1
configure:3120: /home/user/android-ndk/build/prebuilt/linux-x86/arm-eabi-4.4.0/bin/arm-eabi-gcc -qversion >&5
arm-eabi-gcc: unrecognized option '-qversion'
arm-eabi-gcc: no input files
configure:3131: $? = 1
configure:3151: checking whether the C compiler works
configure:3173: /home/user/android-ndk/build/prebuilt/linux-x86/arm-eabi-4.4.0/bin/arm-eabi-gcc -fPIC -DANDROID -nostdlib -I/home/user/android-ndk/build/platforms/android-3/arch-arm/usr/include/ -Wl,-rpath-link=/home/user/android-ndk/build/platforms/android-3/arch-arm/usr/lib/ -L/home/user/android-ndk/build/platforms/android-3/arch-arm/usr/lib/ conftest.c -lc  >&5
/home/user/android-ndk/build/prebuilt/linux-x86/arm-eabi-4.4.0/bin/../lib/gcc/arm-eabi/4.4.0/../../../../arm-eabi/bin/ld: warning: cannot find entry symbol _start; defaulting to 00008278
configure:3177: $? = 0
configure:3225: result: yes
configure:3228: checking for C compiler default output file name
configure:3230: result: a.out
configure:3236: checking for suffix of executables
configure:3243: /home/user/android-ndk/build/prebuilt/linux-x86/arm-eabi-4.4.0/bin/arm-eabi-gcc -o conftest -fPIC -DANDROID -nostdlib -I/home/user/android-ndk/build/platforms/android-3/arch-arm/usr/include/ -Wl,-rpath-link=/home/user/android-ndk/build/platforms/android-3/arch-arm/usr/lib/ -L/home/user/android-ndk/build/platforms/android-3/arch-arm/usr/lib/ conftest.c -lc  >&5
/home/user/android-ndk/build/prebuilt/linux-x86/arm-eabi-4.4.0/bin/../lib/gcc/arm-eabi/4.4.0/../../../../arm-eabi/bin/ld: warning: cannot find entry symbol _start; defaulting to 00008278
configure:3247: $? = 0
configure:3269: result: 
configure:3291: checking whether we are cross compiling
configure:3299: /home/user/android-ndk/build/prebuilt/linux-x86/arm-eabi-4.4.0/bin/arm-eabi-gcc -o conftest -fPIC -DANDROID -nostdlib -I/home/user/android-ndk/build/platforms/android-3/arch-arm/usr/include/ -Wl,-rpath-link=/home/user/android-ndk/build/platforms/android-3/arch-arm/usr/lib/ -L/home/user/android-ndk/build/platforms/android-3/arch-arm/usr/lib/ conftest.c -lc  >&5
/home/user/android-ndk/build/prebuilt/linux-x86/arm-eabi-4.4.0/bin/../lib/gcc/arm-eabi/4.4.0/../../../../arm-eabi/bin/ld: warning: cannot find entry symbol _start; defaulting to 000082ec
configure:3303: $? = 0
configure:3310: ./conftest
./configure: line 3312: ./conftest: cannot execute binary file
configure:3314: $? = 126
configure:3329: result: yes
configure:3334: checking for suffix of object files
configure:3356: /home/user/android-ndk/build/prebuilt/linux-x86/arm-eabi-4.4.0/bin/arm-eabi-gcc -c -fPIC -DANDROID -nostdlib -I/home/user/android-ndk/build/platforms/android-3/arch-arm/usr/include/ conftest.c >&5
configure:3360: $? = 0
configure:3381: result: o
configure:3385: checking whether we are using the GNU C compiler
configure:3404: /home/user/android-ndk/build/prebuilt/linux-x86/arm-eabi-4.4.0/bin/arm-eabi-gcc -c -fPIC -DANDROID -nostdlib -I/home/user/android-ndk/build/platforms/android-3/arch-arm/usr/include/ conftest.c >&5
configure:3404: $? = 0
configure:3413: result: yes
configure:3422: checking whether /home/user/android-ndk/build/prebuilt/linux-x86/arm-eabi-4.4.0/bin/arm-eabi-gcc accepts -g
configure:3442: /home/user/android-ndk/build/prebuilt/linux-x86/arm-eabi-4.4.0/bin/arm-eabi-gcc -c -g -I/home/user/android-ndk/build/platforms/android-3/arch-arm/usr/include/ conftest.c >&5
configure:3442: $? = 0
configure:3483: result: yes
configure:3500: checking for /home/user/android-ndk/build/prebuilt/linux-x86/arm-eabi-4.4.0/bin/arm-eabi-gcc option to accept ISO C89
configure:3564: /home/user/android-ndk/build/prebuilt/linux-x86/arm-eabi-4.4.0/bin/arm-eabi-gcc  -c -fPIC -DANDROID -nostdlib -I/home/user/android-ndk/build/platforms/android-3/arch-arm/usr/include/ conftest.c >&5
configure:3564: $? = 0
configure:3577: result: none needed
configure:3608: checking for style of include used by make
configure:3636: result: GNU
configure:3661: checking dependency style of /home/user/android-ndk/build/prebuilt/linux-x86/arm-eabi-4.4.0/bin/arm-eabi-gcc
configure:3771: result: gcc3
configure:3790: checking build system type
configure:3804: result: i686-pc-linux-gnu
configure:3824: checking host system type
configure:3837: result: arm-unknown-eabi
configure:3857: checking for a sed that does not truncate output
configure:3921: result: /bin/sed
configure:3939: checking for grep that handles long lines and -e
configure:3997: result: /bin/grep
configure:4002: checking for egrep
configure:4064: result: /bin/grep -E
configure:4069: checking for fgrep
configure:4131: result: /bin/grep -F
configure:4158: checking how to print strings
configure:4185: result: printf
configure:4218: checking for ld used by /home/user/android-ndk/build/prebuilt/linux-x86/arm-eabi-4.4.0/bin/arm-eabi-gcc
configure:4285: result: /home/user/android-ndk/build/prebuilt/linux-x86/arm-eabi-4.4.0/arm-eabi/bin/ld
configure:4292: checking if the linker (/home/user/android-ndk/build/prebuilt/linux-x86/arm-eabi-4.4.0/arm-eabi/bin/ld) is GNU ld
configure:4307: result: yes
configure:4324: checking how to run the C preprocessor
configure:4355: /home/user/android-ndk/build/prebuilt/linux-x86/arm-eabi-4.4.0/bin/arm-eabi-gcc -E -I/home/user/android-ndk/build/platforms/android-3/arch-arm/usr/include/ conftest.c
configure:4355: $? = 0
configure:4369: /home/user/android-ndk/build/prebuilt/linux-x86/arm-eabi-4.4.0/bin/arm-eabi-gcc -E -I/home/user/android-ndk/build/platforms/android-3/arch-arm/usr/include/ conftest.c
conftest.c:11:28: error: ac_nonexistent.h: No such file or directory
configure:4369: $? = 1
configure: failed program was:
| /* confdefs.h */
| #define PACKAGE_NAME "libpng"
| #define PACKAGE_TARNAME "libpng"
| #define PACKAGE_VERSION "1.5.2"
| #define PACKAGE_STRING "libpng 1.5.2"
| #define PACKAGE_BUGREPORT "png-mng-implement@lists.sourceforge.net"
| #define PACKAGE_URL ""
| #define PACKAGE "libpng"
| #define VERSION "1.5.2"
| /* end confdefs.h.  */
| #include <ac_nonexistent.h>
configure:4394: result: /home/user/android-ndk/build/prebuilt/linux-x86/arm-eabi-4.4.0/bin/arm-eabi-gcc -E
configure:4414: /home/user/android-ndk/build/prebuilt/linux-x86/arm-eabi-4.4.0/bin/arm-eabi-gcc -E -I/home/user/android-ndk/build/platforms/android-3/arch-arm/usr/include/ conftest.c
configure:4414: $? = 0
configure:4428: /home/user/android-ndk/build/prebuilt/linux-x86/arm-eabi-4.4.0/bin/arm-eabi-gcc -E -I/home/user/android-ndk/build/platforms/android-3/arch-arm/usr/include/ conftest.c
conftest.c:11:28: error: ac_nonexistent.h: No such file or directory
configure:4428: $? = 1
configure: failed program was:
| /* confdefs.h */
| #define PACKAGE_NAME "libpng"
| #define PACKAGE_TARNAME "libpng"
| #define PACKAGE_VERSION "1.5.2"
| #define PACKAGE_STRING "libpng 1.5.2"
| #define PACKAGE_BUGREPORT "png-mng-implement@lists.sourceforge.net"
| #define PACKAGE_URL ""
| #define PACKAGE "libpng"
| #define VERSION "1.5.2"
| /* end confdefs.h.  */
| #include <ac_nonexistent.h>
configure:4459: checking for arm-eabi-sed
configure:4486: result: /bin/sed
configure:4551: checking for arm-eabi-awk
configure:4578: result: gawk
configure:4641: checking whether ln -s works
configure:4645: result: yes
configure:4652: checking whether make sets $(MAKE)
configure:4674: result: yes
configure:4725: checking for BSD- or MS-compatible name lister (nm)
configure:4774: result: no
configure:4788: checking for arm-eabi-dumpbin
configure:4818: result: no
configure:4788: checking for arm-eabi-link
configure:4818: result: no
configure:4832: checking for dumpbin
configure:4862: result: no
configure:4832: checking for link
configure:4848: found /bin/link
configure:4859: result: link -dump
configure:4875: WARNING: using cross tools not prefixed with host triplet
configure:4904: checking the name lister (nm) interface
configure:4911: /home/user/android-ndk/build/prebuilt/linux-x86/arm-eabi-4.4.0/bin/arm-eabi-gcc -c -fPIC -DANDROID -nostdlib -I/home/user/android-ndk/build/platforms/android-3/arch-arm/usr/include/ conftest.c >&5
configure:4914: nm "conftest.o"
configure:4917: output
00000000 b $d
00000000 B some_variable
configure:4924: result: BSD nm
configure:4928: checking the maximum length of command line arguments
configure:5053: result: 1572864
configure:5070: checking whether the shell understands some XSI constructs
configure:5080: result: yes
configure:5084: checking whether the shell understands "+="
configure:5090: result: yes
configure:5125: checking how to convert i686-pc-linux-gnu file names to arm-unknown-eabi format
configure:5165: result: func_convert_file_noop
configure:5172: checking how to convert i686-pc-linux-gnu file names to toolchain format
configure:5192: result: func_convert_file_noop
configure:5199: checking for /home/user/android-ndk/build/prebuilt/linux-x86/arm-eabi-4.4.0/arm-eabi/bin/ld option to reload object files
configure:5206: result: -r
configure:5240: checking for arm-eabi-objdump
configure:5270: result: no
configure:5280: checking for objdump
configure:5296: found /usr/bin/objdump
configure:5307: result: objdump
configure:5336: checking how to recognize dependent libraries
configure:5538: result: unknown
configure:5583: checking for arm-eabi-dlltool
configure:5613: result: no
configure:5623: checking for dlltool
configure:5653: result: no
configure:5680: checking how to associate runtime and link libraries
configure:5707: result: printf %s\n
configure:5724: checking for arm-eabi-ar
configure:5754: result: no
configure:5768: checking for ar
configure:5784: found /usr/bin/ar
configure:5795: result: ar
configure:5832: checking for archiver @FILE support
configure:5849: /home/user/android-ndk/build/prebuilt/linux-x86/arm-eabi-4.4.0/bin/arm-eabi-gcc -c -fPIC -DANDROID -nostdlib -I/home/user/android-ndk/build/platforms/android-3/arch-arm/usr/include/ conftest.c >&5
configure:5849: $? = 0
configure:5852: ar cru libconftest.a @conftest.lst >&5
configure:5855: $? = 0
configure:5860: ar cru libconftest.a @conftest.lst >&5
ar: conftest.o: No such file or directory
configure:5863: $? = 1
configure:5875: result: @
configure:5893: checking for arm-eabi-strip
configure:5920: result: strip
configure:5992: checking for arm-eabi-ranlib
configure:6022: result: no
configure:6032: checking for ranlib
configure:6048: found /usr/bin/ranlib
configure:6059: result: ranlib
configure:6161: checking command to parse nm output from /home/user/android-ndk/build/prebuilt/linux-x86/arm-eabi-4.4.0/bin/arm-eabi-gcc object
configure:6280: /home/user/android-ndk/build/prebuilt/linux-x86/arm-eabi-4.4.0/bin/arm-eabi-gcc -c -fPIC -DANDROID -nostdlib -I/home/user/android-ndk/build/platforms/android-3/arch-arm/usr/include/ conftest.c >&5
configure:6283: $? = 0
configure:6287: nm conftest.o \| sed -n -e 's/^.*[ ]\([ABCDGIRSTW][ABCDGIRSTW]*\)[ ][ ]*\([_A-Za-z][_A-Za-z0-9]*\)$/\1 \2 \2/p' | sed '/ __gnu_lto/d' \> conftest.nm
configure:6290: $? = 0
configure:6356: /home/user/android-ndk/build/prebuilt/linux-x86/arm-eabi-4.4.0/bin/arm-eabi-gcc -o conftest -fPIC -DANDROID -nostdlib -I/home/user/android-ndk/build/platforms/android-3/arch-arm/usr/include/ -Wl,-rpath-link=/home/user/android-ndk/build/platforms/android-3/arch-arm/usr/lib/ -L/home/user/android-ndk/build/platforms/android-3/arch-arm/usr/lib/ conftest.c conftstm.o >&5
/home/user/android-ndk/build/prebuilt/linux-x86/arm-eabi-4.4.0/bin/../lib/gcc/arm-eabi/4.4.0/../../../../arm-eabi/bin/ld: warning: cannot find entry symbol _start; defaulting to 00008094
configure:6359: $? = 0
configure:6397: result: ok
configure:6434: checking for sysroot
configure:6464: result: no
configure:6667: checking for arm-eabi-mt
configure:6697: result: no
configure:6707: checking for mt
configure:6737: result: no
configure:6757: checking if : is a manifest tool
configure:6763: : '-?'
configure:6771: result: no
configure:7399: checking for ANSI C header files
configure:7419: /home/user/android-ndk/build/prebuilt/linux-x86/arm-eabi-4.4.0/bin/arm-eabi-gcc -c -fPIC -DANDROID -nostdlib -I/home/user/android-ndk/build/platforms/android-3/arch-arm/usr/include/ conftest.c >&5
configure:7419: $? = 0
configure:7503: result: yes
configure:7516: checking for sys/types.h
configure:7516: /home/user/android-ndk/build/prebuilt/linux-x86/arm-eabi-4.4.0/bin/arm-eabi-gcc -c -fPIC -DANDROID -nostdlib -I/home/user/android-ndk/build/platforms/android-3/arch-arm/usr/include/ conftest.c >&5
configure:7516: $? = 0
configure:7516: result: yes
configure:7516: checking for sys/stat.h
configure:7516: /home/user/android-ndk/build/prebuilt/linux-x86/arm-eabi-4.4.0/bin/arm-eabi-gcc -c -fPIC -DANDROID -nostdlib -I/home/user/android-ndk/build/platforms/android-3/arch-arm/usr/include/ conftest.c >&5
configure:7516: $? = 0
configure:7516: result: yes
configure:7516: checking for stdlib.h
configure:7516: /home/user/android-ndk/build/prebuilt/linux-x86/arm-eabi-4.4.0/bin/arm-eabi-gcc -c -fPIC -DANDROID -nostdlib -I/home/user/android-ndk/build/platforms/android-3/arch-arm/usr/include/ conftest.c >&5
configure:7516: $? = 0
configure:7516: result: yes
configure:7516: checking for string.h
configure:7516: /home/user/android-ndk/build/prebuilt/linux-x86/arm-eabi-4.4.0/bin/arm-eabi-gcc -c -fPIC -DANDROID -nostdlib -I/home/user/android-ndk/build/platforms/android-3/arch-arm/usr/include/ conftest.c >&5
configure:7516: $? = 0
configure:7516: result: yes
configure:7516: checking for memory.h
configure:7516: /home/user/android-ndk/build/prebuilt/linux-x86/arm-eabi-4.4.0/bin/arm-eabi-gcc -c -fPIC -DANDROID -nostdlib -I/home/user/android-ndk/build/platforms/android-3/arch-arm/usr/include/ conftest.c >&5
configure:7516: $? = 0
configure:7516: result: yes
configure:7516: checking for strings.h
configure:7516: /home/user/android-ndk/build/prebuilt/linux-x86/arm-eabi-4.4.0/bin/arm-eabi-gcc -c -fPIC -DANDROID -nostdlib -I/home/user/android-ndk/build/platforms/android-3/arch-arm/usr/include/ conftest.c >&5
configure:7516: $? = 0
configure:7516: result: yes
configure:7516: checking for inttypes.h
configure:7516: /home/user/android-ndk/build/prebuilt/linux-x86/arm-eabi-4.4.0/bin/arm-eabi-gcc -c -fPIC -DANDROID -nostdlib -I/home/user/android-ndk/build/platforms/android-3/arch-arm/usr/include/ conftest.c >&5
configure:7516: $? = 0
configure:7516: result: yes
configure:7516: checking for stdint.h
configure:7516: /home/user/android-ndk/build/prebuilt/linux-x86/arm-eabi-4.4.0/bin/arm-eabi-gcc -c -fPIC -DANDROID -nostdlib -I/home/user/android-ndk/build/platforms/android-3/arch-arm/usr/include/ conftest.c >&5
configure:7516: $? = 0
configure:7516: result: yes
configure:7516: checking for unistd.h
configure:7516: /home/user/android-ndk/build/prebuilt/linux-x86/arm-eabi-4.4.0/bin/arm-eabi-gcc -c -fPIC -DANDROID -nostdlib -I/home/user/android-ndk/build/platforms/android-3/arch-arm/usr/include/ conftest.c >&5
configure:7516: $? = 0
configure:7516: result: yes
configure:7530: checking for dlfcn.h
configure:7530: /home/user/android-ndk/build/prebuilt/linux-x86/arm-eabi-4.4.0/bin/arm-eabi-gcc -c -fPIC -DANDROID -nostdlib -I/home/user/android-ndk/build/platforms/android-3/arch-arm/usr/include/ conftest.c >&5
configure:7530: $? = 0
configure:7530: result: yes
configure:8015: checking for objdir
configure:8030: result: .libs
configure:8297: checking if /home/user/android-ndk/build/prebuilt/linux-x86/arm-eabi-4.4.0/bin/arm-eabi-gcc supports -fno-rtti -fno-exceptions
configure:8315: /home/user/android-ndk/build/prebuilt/linux-x86/arm-eabi-4.4.0/bin/arm-eabi-gcc -c -fPIC -DANDROID -nostdlib -I/home/user/android-ndk/build/platforms/android-3/arch-arm/usr/include/ -fno-rtti -fno-exceptions conftest.c >&5
cc1: warning: command line option "-fno-rtti" is valid for C++/ObjC++ but not for C
configure:8319: $? = 0
configure:8332: result: no
configure:8642: checking for /home/user/android-ndk/build/prebuilt/linux-x86/arm-eabi-4.4.0/bin/arm-eabi-gcc option to produce PIC
configure:8649: result: -fPIC -DPIC
configure:8657: checking if /home/user/android-ndk/build/prebuilt/linux-x86/arm-eabi-4.4.0/bin/arm-eabi-gcc PIC flag -fPIC -DPIC works
configure:8675: /home/user/android-ndk/build/prebuilt/linux-x86/arm-eabi-4.4.0/bin/arm-eabi-gcc -c -fPIC -DANDROID -nostdlib -I/home/user/android-ndk/build/platforms/android-3/arch-arm/usr/include/ -fPIC -DPIC -DPIC conftest.c >&5
configure:8679: $? = 0
configure:8692: result: yes
configure:8721: checking if /home/user/android-ndk/build/prebuilt/linux-x86/arm-eabi-4.4.0/bin/arm-eabi-gcc static flag -static works
/home/user/android-ndk/build/prebuilt/linux-x86/arm-eabi-4.4.0/bin/../lib/gcc/arm-eabi/4.4.0/../../../../arm-eabi/bin/ld: warning: cannot find entry symbol _start; defaulting to 00008074
configure:8749: result: no
configure:8764: checking if /home/user/android-ndk/build/prebuilt/linux-x86/arm-eabi-4.4.0/bin/arm-eabi-gcc supports -c -o file.o
configure:8785: /home/user/android-ndk/build/prebuilt/linux-x86/arm-eabi-4.4.0/bin/arm-eabi-gcc -c -fPIC -DANDROID -nostdlib -I/home/user/android-ndk/build/platforms/android-3/arch-arm/usr/include/ -o out/conftest2.o conftest.c >&5
configure:8789: $? = 0
configure:8811: result: yes
configure:8819: checking if /home/user/android-ndk/build/prebuilt/linux-x86/arm-eabi-4.4.0/bin/arm-eabi-gcc supports -c -o file.o
configure:8866: result: yes
configure:8899: checking whether the /home/user/android-ndk/build/prebuilt/linux-x86/arm-eabi-4.4.0/bin/arm-eabi-gcc linker (/home/user/android-ndk/build/prebuilt/linux-x86/arm-eabi-4.4.0/arm-eabi/bin/ld) supports shared libraries
configure:10057: result: yes
configure:10094: checking whether -lc should be explicitly linked in
configure:10102: /home/user/android-ndk/build/prebuilt/linux-x86/arm-eabi-4.4.0/bin/arm-eabi-gcc -c -fPIC -DANDROID -nostdlib -I/home/user/android-ndk/build/platforms/android-3/arch-arm/usr/include/ conftest.c >&5
configure:10105: $? = 0
configure:10120: /home/user/android-ndk/build/prebuilt/linux-x86/arm-eabi-4.4.0/bin/arm-eabi-gcc -shared  -fPIC -DPIC conftest.o  -v -Wl,-soname -Wl,conftest -o conftest 2\>\&1 \| /bin/grep  -lc  \>/dev/null 2\>\&1
configure:10123: $? = 1
configure:10137: result: yes
configure:10302: checking dynamic linker characteristics
configure:11038: result: no
configure:11145: checking how to hardcode library paths into programs
configure:11170: result: immediate
configure:11710: checking whether stripping libraries is possible
configure:11715: result: yes
configure:11750: checking if libtool supports shared libraries
configure:11752: result: no
configure:11755: checking whether to build shared libraries
configure:11776: result: no
configure:11779: checking whether to build static libraries
configure:11783: result: yes
configure:11823: checking for a C preprocessor that does not parse its input
configure:11829: /home/user/android-ndk/build/prebuilt/linux-x86/arm-eabi-4.4.0/bin/arm-eabi-gcc -E -I/home/user/android-ndk/build/platforms/android-3/arch-arm/usr/include/ conftest.c
configure:11829: $? = 0
configure:11849: result: /home/user/android-ndk/build/prebuilt/linux-x86/arm-eabi-4.4.0/bin/arm-eabi-gcc -E
configure:11860: checking for ANSI C header files
configure:11964: result: yes
configure:11975: checking malloc.h usability
configure:11975: /home/user/android-ndk/build/prebuilt/linux-x86/arm-eabi-4.4.0/bin/arm-eabi-gcc -c -fPIC -DANDROID -nostdlib -I/home/user/android-ndk/build/platforms/android-3/arch-arm/usr/include/ conftest.c >&5
configure:11975: $? = 0
configure:11975: result: yes
configure:11975: checking malloc.h presence
configure:11975: /home/user/android-ndk/build/prebuilt/linux-x86/arm-eabi-4.4.0/bin/arm-eabi-gcc -E -I/home/user/android-ndk/build/platforms/android-3/arch-arm/usr/include/ conftest.c
configure:11975: $? = 0
configure:11975: result: yes
configure:11975: checking for malloc.h
configure:11975: result: yes
configure:11975: checking for stdlib.h
configure:11975: result: yes
configure:11975: checking for string.h
configure:11975: result: yes
configure:11975: checking for strings.h
configure:11975: result: yes
configure:11987: checking for an ANSI C-conforming const
configure:12052: /home/user/android-ndk/build/prebuilt/linux-x86/arm-eabi-4.4.0/bin/arm-eabi-gcc -c -fPIC -DANDROID -nostdlib -I/home/user/android-ndk/build/platforms/android-3/arch-arm/usr/include/ conftest.c >&5
configure:12052: $? = 0
configure:12059: result: yes
configure:12067: checking for size_t
configure:12067: /home/user/android-ndk/build/prebuilt/linux-x86/arm-eabi-4.4.0/bin/arm-eabi-gcc -c -fPIC -DANDROID -nostdlib -I/home/user/android-ndk/build/platforms/android-3/arch-arm/usr/include/ conftest.c >&5
configure:12067: $? = 0
configure:12067: /home/user/android-ndk/build/prebuilt/linux-x86/arm-eabi-4.4.0/bin/arm-eabi-gcc -c -fPIC -DANDROID -nostdlib -I/home/user/android-ndk/build/platforms/android-3/arch-arm/usr/include/ conftest.c >&5
conftest.c: In function 'main':
conftest.c:64: error: expected expression before ')' token
configure:12067: $? = 1
configure: failed program was:
| /* confdefs.h */
| #define PACKAGE_NAME "libpng"
| #define PACKAGE_TARNAME "libpng"
| #define PACKAGE_VERSION "1.5.2"
| #define PACKAGE_STRING "libpng 1.5.2"
| #define PACKAGE_BUGREPORT "png-mng-implement@lists.sourceforge.net"
| #define PACKAGE_URL ""
| #define PACKAGE "libpng"
| #define VERSION "1.5.2"
| #define STDC_HEADERS 1
| #define HAVE_SYS_TYPES_H 1
| #define HAVE_SYS_STAT_H 1
| #define HAVE_STDLIB_H 1
| #define HAVE_STRING_H 1
| #define HAVE_MEMORY_H 1
| #define HAVE_STRINGS_H 1
| #define HAVE_INTTYPES_H 1
| #define HAVE_STDINT_H 1
| #define HAVE_UNISTD_H 1
| #define HAVE_DLFCN_H 1
| #define LT_OBJDIR ".libs/"
| #define STDC_HEADERS 1
| #define HAVE_MALLOC_H 1
| #define HAVE_STDLIB_H 1
| #define HAVE_STRING_H 1
| #define HAVE_STRINGS_H 1
| /* end confdefs.h.  */
| #include <stdio.h>
| #ifdef HAVE_SYS_TYPES_H
| # include <sys/types.h>
| #endif
| #ifdef HAVE_SYS_STAT_H
| # include <sys/stat.h>
| #endif
| #ifdef STDC_HEADERS
| # include <stdlib.h>
| # include <stddef.h>
| #else
| # ifdef HAVE_STDLIB_H
| #  include <stdlib.h>
| # endif
| #endif
| #ifdef HAVE_STRING_H
| # if !defined STDC_HEADERS && defined HAVE_MEMORY_H
| #  include <memory.h>
| # endif
| # include <string.h>
| #endif
| #ifdef HAVE_STRINGS_H
| # include <strings.h>
| #endif
| #ifdef HAVE_INTTYPES_H
| # include <inttypes.h>
| #endif
| #ifdef HAVE_STDINT_H
| # include <stdint.h>
| #endif
| #ifdef HAVE_UNISTD_H
| # include <unistd.h>
| #endif
| int
| main ()
| {
| if (sizeof ((size_t)))
| 	    return 0;
|   ;
|   return 0;
| }
configure:12067: result: yes
configure:12078: checking whether struct tm is in sys/time.h or time.h
configure:12098: /home/user/android-ndk/build/prebuilt/linux-x86/arm-eabi-4.4.0/bin/arm-eabi-gcc -c -fPIC -DANDROID -nostdlib -I/home/user/android-ndk/build/platforms/android-3/arch-arm/usr/include/ conftest.c >&5
configure:12098: $? = 0
configure:12105: result: time.h
configure:12115: checking for working strtod
configure:12166: result: no
configure:12175: checking for pow
configure:12175: /home/user/android-ndk/build/prebuilt/linux-x86/arm-eabi-4.4.0/bin/arm-eabi-gcc -o conftest -fPIC -DANDROID -nostdlib -I/home/user/android-ndk/build/platforms/android-3/arch-arm/usr/include/ -Wl,-rpath-link=/home/user/android-ndk/build/platforms/android-3/arch-arm/usr/lib/ -L/home/user/android-ndk/build/platforms/android-3/arch-arm/usr/lib/ conftest.c -lc  >&5
conftest.c:51: warning: conflicting types for built-in function 'pow'
/home/user/android-ndk/build/prebuilt/linux-x86/arm-eabi-4.4.0/bin/../lib/gcc/arm-eabi/4.4.0/../../../../arm-eabi/bin/ld: warning: cannot find entry symbol _start; defaulting to 000082b8
/tmp/cc0ZpOBT.o: In function `main':
conftest.c:(.text+0x8): undefined reference to `pow'
collect2: ld returned 1 exit status
configure:12175: $? = 1
configure: failed program was:
| /* confdefs.h */
| #define PACKAGE_NAME "libpng"
| #define PACKAGE_TARNAME "libpng"
| #define PACKAGE_VERSION "1.5.2"
| #define PACKAGE_STRING "libpng 1.5.2"
| #define PACKAGE_BUGREPORT "png-mng-implement@lists.sourceforge.net"
| #define PACKAGE_URL ""
| #define PACKAGE "libpng"
| #define VERSION "1.5.2"
| #define STDC_HEADERS 1
| #define HAVE_SYS_TYPES_H 1
| #define HAVE_SYS_STAT_H 1
| #define HAVE_STDLIB_H 1
| #define HAVE_STRING_H 1
| #define HAVE_MEMORY_H 1
| #define HAVE_STRINGS_H 1
| #define HAVE_INTTYPES_H 1
| #define HAVE_STDINT_H 1
| #define HAVE_UNISTD_H 1
| #define HAVE_DLFCN_H 1
| #define LT_OBJDIR ".libs/"
| #define STDC_HEADERS 1
| #define HAVE_MALLOC_H 1
| #define HAVE_STDLIB_H 1
| #define HAVE_STRING_H 1
| #define HAVE_STRINGS_H 1
| /* end confdefs.h.  */
| /* Define pow to an innocuous variant, in case <limits.h> declares pow.
|    For example, HP-UX 11i <limits.h> declares gettimeofday.  */
| #define pow innocuous_pow
| 
| /* System header to define __stub macros and hopefully few prototypes,
|     which can conflict with char pow (); below.
|     Prefer <limits.h> to <assert.h> if __STDC__ is defined, since
|     <limits.h> exists even on freestanding compilers.  */
| 
| #ifdef __STDC__
| # include <limits.h>
| #else
| # include <assert.h>
| #endif
| 
| #undef pow
| 
| /* Override any GCC internal prototype to avoid an error.
|    Use char because int might match the return type of a GCC
|    builtin and then its argument prototype would still apply.  */
| #ifdef __cplusplus
| extern "C"
| #endif
| char pow ();
| /* The GNU C library defines this for functions which it implements
|     to always fail with ENOSYS.  Some functions are actually named
|     something starting with __ and the normal name is an alias.  */
| #if defined __stub_pow || defined __stub___pow
| choke me
| #endif
| 
| int
| main ()
| {
| return pow ();
|   ;
|   return 0;
| }
configure:12175: result: no
configure:12181: checking for pow in -lm
configure:12206: /home/user/android-ndk/build/prebuilt/linux-x86/arm-eabi-4.4.0/bin/arm-eabi-gcc -o conftest -fPIC -DANDROID -nostdlib -I/home/user/android-ndk/build/platforms/android-3/arch-arm/usr/include/ -Wl,-rpath-link=/home/user/android-ndk/build/platforms/android-3/arch-arm/usr/lib/ -L/home/user/android-ndk/build/platforms/android-3/arch-arm/usr/lib/ conftest.c -lm  -lc  >&5
conftest.c:35: warning: conflicting types for built-in function 'pow'
/home/user/android-ndk/build/prebuilt/linux-x86/arm-eabi-4.4.0/bin/../lib/gcc/arm-eabi/4.4.0/../../../../arm-eabi/bin/ld: warning: cannot find entry symbol _start; defaulting to 000082c0
configure:12206: $? = 0
configure:12215: result: yes
configure:12230: checking for memset
configure:12230: /home/user/android-ndk/build/prebuilt/linux-x86/arm-eabi-4.4.0/bin/arm-eabi-gcc -o conftest -fPIC -DANDROID -nostdlib -I/home/user/android-ndk/build/platforms/android-3/arch-arm/usr/include/ -Wl,-rpath-link=/home/user/android-ndk/build/platforms/android-3/arch-arm/usr/lib/ -L/home/user/android-ndk/build/platforms/android-3/arch-arm/usr/lib/ conftest.c -lc  >&5
conftest.c:51: warning: conflicting types for built-in function 'memset'
/home/user/android-ndk/build/prebuilt/linux-x86/arm-eabi-4.4.0/bin/../lib/gcc/arm-eabi/4.4.0/../../../../arm-eabi/bin/ld: warning: cannot find entry symbol _start; defaulting to 000082bc
configure:12230: $? = 0
configure:12230: result: yes
configure:12243: checking for pow
configure:12243: result: no
configure:12250: checking for pow in -lm
configure:12284: result: yes
configure:12308: checking for zlibVersion in -lz
configure:12333: /home/user/android-ndk/build/prebuilt/linux-x86/arm-eabi-4.4.0/bin/arm-eabi-gcc -o conftest -fPIC -DANDROID -nostdlib -I/home/user/android-ndk/build/platforms/android-3/arch-arm/usr/include/ -Wl,-rpath-link=/home/user/android-ndk/build/platforms/android-3/arch-arm/usr/lib/ -L/home/user/android-ndk/build/platforms/android-3/arch-arm/usr/lib/ conftest.c -lz  -lm -lc  >&5
/home/user/android-ndk/build/prebuilt/linux-x86/arm-eabi-4.4.0/bin/../lib/gcc/arm-eabi/4.4.0/../../../../arm-eabi/bin/ld: warning: cannot find entry symbol _start; defaulting to 000082d0
configure:12333: $? = 0
configure:12342: result: yes
configure:12409: checking if libraries can be versioned
configure:12424: result: yes
configure:12446: checking for symbol prefix
configure:12453: result: 
configure:12475: pkgconfig directory is ${libdir}/pkgconfig
configure:12639: creating ./config.status

## ---------------------- ##
## Running config.status. ##
## ---------------------- ##

This file was extended by libpng config.status 1.5.2, which was
generated by GNU Autoconf 2.68.  Invocation command line was

  CONFIG_FILES    = 
  CONFIG_HEADERS  = 
  CONFIG_LINKS    = 
  CONFIG_COMMANDS = 
  $ ./config.status 

on localhost.localdomain

config.status:1112: creating Makefile
config.status:1112: creating libpng.pc
config.status:1112: creating libpng-config
config.status:1112: creating config.h
config.status:1341: executing depfiles commands
config.status:1341: executing libtool commands

## ---------------- ##
## Cache variables. ##
## ---------------- ##

ac_cv_build=i686-pc-linux-gnu
ac_cv_c_compiler_gnu=yes
ac_cv_c_const=yes
ac_cv_env_CC_set=set
ac_cv_env_CC_value=/home/user/android-ndk/build/prebuilt/linux-x86/arm-eabi-4.4.0/bin/arm-eabi-gcc
ac_cv_env_CFLAGS_set=set
ac_cv_env_CFLAGS_value='-fPIC -DANDROID -nostdlib'
ac_cv_env_CPPFLAGS_set=set
ac_cv_env_CPPFLAGS_value=-I/home/user/android-ndk/build/platforms/android-3/arch-arm/usr/include/
ac_cv_env_CPP_set=
ac_cv_env_CPP_value=
ac_cv_env_LDFLAGS_set=set
ac_cv_env_LDFLAGS_value='-Wl,-rpath-link=/home/user/android-ndk/build/platforms/android-3/arch-arm/usr/lib/ -L/home/user/android-ndk/build/platforms/android-3/arch-arm/usr/lib/'
ac_cv_env_LIBS_set=set
ac_cv_env_LIBS_value='-lc '
ac_cv_env_build_alias_set=
ac_cv_env_build_alias_value=
ac_cv_env_host_alias_set=set
ac_cv_env_host_alias_value=arm-eabi
ac_cv_env_target_alias_set=
ac_cv_env_target_alias_value=
ac_cv_func_memset=yes
ac_cv_func_pow=no
ac_cv_func_strtod=no
ac_cv_header_dlfcn_h=yes
ac_cv_header_inttypes_h=yes
ac_cv_header_malloc_h=yes
ac_cv_header_memory_h=yes
ac_cv_header_stdc=yes
ac_cv_header_stdint_h=yes
ac_cv_header_stdlib_h=yes
ac_cv_header_string_h=yes
ac_cv_header_strings_h=yes
ac_cv_header_sys_stat_h=yes
ac_cv_header_sys_types_h=yes
ac_cv_header_unistd_h=yes
ac_cv_host=arm-unknown-eabi
ac_cv_lib_m_pow=yes
ac_cv_lib_z_zlibVersion=yes
ac_cv_objext=o
ac_cv_path_EGREP='/bin/grep -E'
ac_cv_path_FGREP='/bin/grep -F'
ac_cv_path_GREP=/bin/grep
ac_cv_path_SED=/bin/sed
ac_cv_path_install='/usr/bin/install -c'
ac_cv_path_mkdir=/bin/mkdir
ac_cv_prog_AWK=gawk
ac_cv_prog_CC=/home/user/android-ndk/build/prebuilt/linux-x86/arm-eabi-4.4.0/bin/arm-eabi-gcc
ac_cv_prog_CPP='/home/user/android-ndk/build/prebuilt/linux-x86/arm-eabi-4.4.0/bin/arm-eabi-gcc -E'
ac_cv_prog_SED=/bin/sed
ac_cv_prog_STRIP=strip
ac_cv_prog_ac_ct_AR=ar
ac_cv_prog_ac_ct_DUMPBIN='link -dump'
ac_cv_prog_ac_ct_OBJDUMP=objdump
ac_cv_prog_ac_ct_RANLIB=ranlib
ac_cv_prog_ac_ct_STRIP=strip
ac_cv_prog_cc_c89=
ac_cv_prog_cc_g=yes
ac_cv_prog_make_make_set=yes
ac_cv_struct_tm=time.h
ac_cv_type_size_t=yes
am_cv_CC_dependencies_compiler_type=gcc3
lt_cv_ar_at_file=@
lt_cv_archive_cmds_need_lc=yes
lt_cv_deplibs_check_method=unknown
lt_cv_file_magic_cmd='$MAGIC_CMD'
lt_cv_file_magic_test_file=
lt_cv_ld_reload_flag=-r
lt_cv_nm_interface='BSD nm'
lt_cv_objdir=.libs
lt_cv_path_LD=/home/user/android-ndk/build/prebuilt/linux-x86/arm-eabi-4.4.0/arm-eabi/bin/ld
lt_cv_path_NM=no
lt_cv_path_mainfest_tool=no
lt_cv_prog_compiler_c_o=yes
lt_cv_prog_compiler_pic='-fPIC -DPIC'
lt_cv_prog_compiler_pic_works=yes
lt_cv_prog_compiler_rtti_exceptions=no
lt_cv_prog_compiler_static_works=no
lt_cv_prog_gnu_ld=yes
lt_cv_sharedlib_from_linklib_cmd='printf %s\n'
lt_cv_sys_global_symbol_pipe='sed -n -e '\''s/^.*[	 ]\([ABCDGIRSTW][ABCDGIRSTW]*\)[	 ][	 ]*\([_A-Za-z][_A-Za-z0-9]*\)$/\1 \2 \2/p'\'' | sed '\''/ __gnu_lto/d'\'''
lt_cv_sys_global_symbol_to_c_name_address='sed -n -e '\''s/^: \([^ ]*\)[ ]*$/  {\"\1\", (void *) 0},/p'\'' -e '\''s/^[ABCDGIRSTW]* \([^ ]*\) \([^ ]*\)$/  {"\2", (void *) \&\2},/p'\'''
lt_cv_sys_global_symbol_to_c_name_address_lib_prefix='sed -n -e '\''s/^: \([^ ]*\)[ ]*$/  {\"\1\", (void *) 0},/p'\'' -e '\''s/^[ABCDGIRSTW]* \([^ ]*\) \(lib[^ ]*\)$/  {"\2", (void *) \&\2},/p'\'' -e '\''s/^[ABCDGIRSTW]* \([^ ]*\) \([^ ]*\)$/  {"lib\2", (void *) \&\2},/p'\'''
lt_cv_sys_global_symbol_to_cdecl='sed -n -e '\''s/^T .* \(.*\)$/extern int \1();/p'\'' -e '\''s/^[ABCDGIRSTW]* .* \(.*\)$/extern char \1;/p'\'''
lt_cv_sys_max_cmd_len=1572864
lt_cv_to_host_file_cmd=func_convert_file_noop
lt_cv_to_tool_file_cmd=func_convert_file_noop

## ----------------- ##
## Output variables. ##
## ----------------- ##

ACLOCAL='${SHELL} /home/user/android-ndk-r5b/apps/HelloNDK/jni/sox/libpng-1.5.2/missing --run aclocal-1.11'
AMDEPBACKSLASH='\'
AMDEP_FALSE='#'
AMDEP_TRUE=''
AMTAR='${SHELL} /home/user/android-ndk-r5b/apps/HelloNDK/jni/sox/libpng-1.5.2/missing --run tar'
AR='ar'
AS='as'
AUTOCONF='${SHELL} /home/user/android-ndk-r5b/apps/HelloNDK/jni/sox/libpng-1.5.2/missing --run autoconf'
AUTOHEADER='${SHELL} /home/user/android-ndk-r5b/apps/HelloNDK/jni/sox/libpng-1.5.2/missing --run autoheader'
AUTOMAKE='${SHELL} /home/user/android-ndk-r5b/apps/HelloNDK/jni/sox/libpng-1.5.2/missing --run automake-1.11'
AWK='gawk'
CC='/home/user/android-ndk/build/prebuilt/linux-x86/arm-eabi-4.4.0/bin/arm-eabi-gcc'
CCDEPMODE='depmode=gcc3'
CFLAGS='-fPIC -DANDROID -nostdlib'
CPP='/home/user/android-ndk/build/prebuilt/linux-x86/arm-eabi-4.4.0/bin/arm-eabi-gcc -E'
CPPFLAGS='-I/home/user/android-ndk/build/platforms/android-3/arch-arm/usr/include/'
CYGPATH_W='echo'
DEFS='-DHAVE_CONFIG_H'
DEPDIR='.deps'
DFNCPP='/home/user/android-ndk/build/prebuilt/linux-x86/arm-eabi-4.4.0/bin/arm-eabi-gcc -E'
DLLTOOL='false'
DSYMUTIL=''
DUMPBIN=':'
ECHO_C=''
ECHO_N='-n'
ECHO_T=''
EGREP='/bin/grep -E'
EXEEXT=''
FGREP='/bin/grep -F'
GREP='/bin/grep'
HAVE_LD_VERSION_SCRIPT_FALSE='#'
HAVE_LD_VERSION_SCRIPT_TRUE=''
INSTALL_DATA='${INSTALL} -m 644'
INSTALL_PROGRAM='${INSTALL}'
INSTALL_SCRIPT='${INSTALL}'
INSTALL_STRIP_PROGRAM='$(install_sh) -c -s'
LD='/home/user/android-ndk/build/prebuilt/linux-x86/arm-eabi-4.4.0/arm-eabi/bin/ld'
LDFLAGS='-Wl,-rpath-link=/home/user/android-ndk/build/platforms/android-3/arch-arm/usr/lib/ -L/home/user/android-ndk/build/platforms/android-3/arch-arm/usr/lib/'
LIBOBJS=' ${LIBOBJDIR}strtod$U.o'
LIBPNG_DEFINES='-DPNG_CONFIGURE_LIBPNG'
LIBS='-lz -lm -lc '
LIBTOOL='$(SHELL) $(top_builddir)/libtool'
LIPO=''
LN_S='ln -s'
LTLIBOBJS=' ${LIBOBJDIR}strtod$U.lo'
MAINT='#'
MAINTAINER_MODE_FALSE=''
MAINTAINER_MODE_TRUE='#'
MAKEINFO='${SHELL} /home/user/android-ndk-r5b/apps/HelloNDK/jni/sox/libpng-1.5.2/missing --run makeinfo'
MANIFEST_TOOL=':'
MKDIR_P='/bin/mkdir -p'
NM='nm'
NMEDIT=''
OBJDUMP='objdump'
OBJEXT='o'
OTOOL64=''
OTOOL=''
PACKAGE='libpng'
PACKAGE_BUGREPORT='png-mng-implement@lists.sourceforge.net'
PACKAGE_NAME='libpng'
PACKAGE_STRING='libpng 1.5.2'
PACKAGE_TARNAME='libpng'
PACKAGE_URL=''
PACKAGE_VERSION='1.5.2'
PATH_SEPARATOR=':'
PNGLIB_MAJOR='1'
PNGLIB_MINOR='5'
PNGLIB_RELEASE='2'
PNGLIB_VERSION='1.5.2'
POW_LIB='-lm'
RANLIB='ranlib'
SED='/bin/sed'
SET_MAKE=''
SHELL='/bin/sh'
STRIP='strip'
SYMBOL_PREFIX=''
VERSION='1.5.2'
ac_ct_AR='ar'
ac_ct_CC=''
ac_ct_DUMPBIN='link -dump'
am__EXEEXT_FALSE=''
am__EXEEXT_TRUE='#'
am__fastdepCC_FALSE='#'
am__fastdepCC_TRUE=''
am__include='include'
am__isrc=''
am__leading_dot='.'
am__quote=''
am__tar='${AMTAR} chof - "$$tardir"'
am__untar='${AMTAR} xf -'
binconfigs='${binconfigs}'
bindir='${exec_prefix}/bin'
build='i686-pc-linux-gnu'
build_alias=''
build_cpu='i686'
build_os='linux-gnu'
build_vendor='pc'
datadir='${datarootdir}'
datarootdir='${prefix}/share'
docdir='${datarootdir}/doc/${PACKAGE_TARNAME}'
dvidir='${docdir}'
exec_prefix='${prefix}'
host='arm-unknown-eabi'
host_alias='arm-eabi'
host_cpu='arm'
host_os='eabi'
host_vendor='unknown'
htmldir='${docdir}'
includedir='${prefix}/include'
infodir='${datarootdir}/info'
install_sh='${SHELL} /home/user/android-ndk-r5b/apps/HelloNDK/jni/sox/libpng-1.5.2/install-sh'
libdir='${exec_prefix}/lib'
libexecdir='${exec_prefix}/libexec'
localedir='${datarootdir}/locale'
localstatedir='${prefix}/var'
mandir='${datarootdir}/man'
mkdir_p='/bin/mkdir -p'
oldincludedir='/usr/include'
pdfdir='${docdir}'
pkgconfigdir='${libdir}/pkgconfig'
prefix='/usr/local'
program_transform_name='s,x,x,'
psdir='${docdir}'
sbindir='${exec_prefix}/sbin'
sharedstatedir='${prefix}/com'
sysconfdir='${prefix}/etc'
target_alias=''

## ----------- ##
## confdefs.h. ##
## ----------- ##

/* confdefs.h */
#define PACKAGE_NAME "libpng"
#define PACKAGE_TARNAME "libpng"
#define PACKAGE_VERSION "1.5.2"
#define PACKAGE_STRING "libpng 1.5.2"
#define PACKAGE_BUGREPORT "png-mng-implement@lists.sourceforge.net"
#define PACKAGE_URL ""
#define PACKAGE "libpng"
#define VERSION "1.5.2"
#define STDC_HEADERS 1
#define HAVE_SYS_TYPES_H 1
#define HAVE_SYS_STAT_H 1
#define HAVE_STDLIB_H 1
#define HAVE_STRING_H 1
#define HAVE_MEMORY_H 1
#define HAVE_STRINGS_H 1
#define HAVE_INTTYPES_H 1
#define HAVE_STDINT_H 1
#define HAVE_UNISTD_H 1
#define HAVE_DLFCN_H 1
#define LT_OBJDIR ".libs/"
#define STDC_HEADERS 1
#define HAVE_MALLOC_H 1
#define HAVE_STDLIB_H 1
#define HAVE_STRING_H 1
#define HAVE_STRINGS_H 1
#define HAVE_MEMSET 1
#define HAVE_LIBM 1
#define HAVE_LIBZ 1

configure: exit 0
