This file contains any messages produced by compilers while
running configure, to aid debugging if configure makes a mistake.

It was created by wavpack configure 4.60.1, which was
generated by GNU Autoconf 2.61.  Invocation command line was

  $ ./configure --host=arm-eabi

## --------- ##
## Platform. ##
## --------- ##

hostname = localhost.localdomain
uname -m = i686
uname -r = 2.6.35.12-88.fc14.i686
uname -s = Linux
uname -v = #1 SMP Thu Mar 31 22:12:38 UTC 2011

/usr/bin/uname -p = unknown
/bin/uname -X     = unknown

/bin/arch              = i686
/usr/bin/arch -k       = unknown
/usr/convex/getsysinfo = unknown
/usr/bin/hostinfo      = unknown
/bin/machine           = unknown
/usr/bin/oslevel       = unknown
/bin/universe          = unknown

PATH: /usr/lib/qt-3.3/bin
PATH: /usr/local/bin
PATH: /usr/bin
PATH: /bin
PATH: /usr/local/sbin
PATH: /usr/sbin
PATH: /sbin
PATH: /home/user/bin


## ----------- ##
## Core tests. ##
## ----------- ##

configure:2005: checking for a BSD-compatible install
configure:2061: result: /usr/bin/install -c
configure:2072: checking whether build environment is sane
configure:2115: result: yes
configure:2143: checking for a thread-safe mkdir -p
configure:2182: result: /bin/mkdir -p
configure:2195: checking for gawk
configure:2211: found /usr/bin/gawk
configure:2222: result: gawk
configure:2233: checking whether make sets $(MAKE)
configure:2254: result: yes
configure:2325: checking for arm-eabi-strip
configure:2355: result: no
configure:2365: checking for strip
configure:2381: found /usr/bin/strip
configure:2392: result: strip
configure:2434: checking whether to enable maintainer-specific portions of Makefiles
configure:2443: result: no
configure:2517: checking for style of include used by make
configure:2545: result: GNU
configure:2575: checking for arm-eabi-gcc
configure:2602: result: /home/user/android-ndk/build/prebuilt/linux-x86/arm-eabi-4.4.0/bin/arm-eabi-gcc
configure:2880: checking for C compiler version
configure:2887: /home/user/android-ndk/build/prebuilt/linux-x86/arm-eabi-4.4.0/bin/arm-eabi-gcc --version >&5
arm-eabi-gcc (GCC) 4.4.0
Copyright (C) 2009 Free Software Foundation, Inc.
This is free software; see the source for copying conditions.  There is NO
warranty; not even for MERCHANTABILITY or FITNESS FOR A PARTICULAR PURPOSE.

configure:2890: $? = 0
configure:2897: /home/user/android-ndk/build/prebuilt/linux-x86/arm-eabi-4.4.0/bin/arm-eabi-gcc -v >&5
Using built-in specs.
Target: arm-eabi
Configured with: /tmp/xsrc/build/../gcc/gcc-4.4.0/configure --prefix=/tmp/xndk/build/prebuilt/linux-x86/arm-eabi-4.4.0 --target=arm-eabi --host=x86_64-unknown-linux-gnu --build=x86_64-unknown-linux-gnu --enable-languages=c,c++ --with-gmp=/tmp/ndk-prebuilt-939/toolchain-arm-eabi-4.4.0/temp-install --with-mpfr=/tmp/ndk-prebuilt-939/toolchain-arm-eabi-4.4.0/temp-install --disable-libssp --enable-threads --disable-nls --disable-libmudflap --disable-libgomp --disable-libstdc__-v3 --disable-sjlj-exceptions --disable-shared --disable-tls --with-float=soft --with-fpu=vfp --with-arch=armv5te --enable-target-optspace --with-abi=aapcs --disable-nls --prefix=/tmp/xndk/build/prebuilt/linux-x86/arm-eabi-4.4.0 --with-sysroot=/opt/digit/repo/froyo/ndk/build/platforms/android-3/arch-arm --with-binutils-version=2.19 --with-gcc-version=4.4.0 --with-gdb-version=6.6 --program-transform-name='s&^&arm-eabi-&'
Thread model: single
gcc version 4.4.0 (GCC) 
configure:2900: $? = 0
configure:2907: /home/user/android-ndk/build/prebuilt/linux-x86/arm-eabi-4.4.0/bin/arm-eabi-gcc -V >&5
arm-eabi-gcc: '-V' option must have argument
configure:2910: $? = 1
configure:2933: checking for C compiler default output file name
configure:2960: /home/user/android-ndk/build/prebuilt/linux-x86/arm-eabi-4.4.0/bin/arm-eabi-gcc -fPIC -DANDROID -nostdlib -I/home/user/android-ndk/build/platforms/android-3/arch-arm/usr/include/ -Wl,-rpath-link=/home/user/android-ndk/build/platforms/android-3/arch-arm/usr/lib/ -L/home/user/android-ndk/build/platforms/android-3/arch-arm/usr/lib/ conftest.c -lc  >&5
/home/user/android-ndk/build/prebuilt/linux-x86/arm-eabi-4.4.0/bin/../lib/gcc/arm-eabi/4.4.0/../../../../arm-eabi/bin/ld: warning: cannot find entry symbol _start; defaulting to 00008278
configure:2963: $? = 0
configure:3001: result: a.out
configure:3018: checking whether the C compiler works
configure:3028: ./a.out
./configure: line 3029: ./a.out: cannot execute binary file
configure:3031: $? = 126
configure:3048: result: yes
configure:3055: checking whether we are cross compiling
configure:3057: result: yes
configure:3060: checking for suffix of executables
configure:3067: /home/user/android-ndk/build/prebuilt/linux-x86/arm-eabi-4.4.0/bin/arm-eabi-gcc -o conftest -fPIC -DANDROID -nostdlib -I/home/user/android-ndk/build/platforms/android-3/arch-arm/usr/include/ -Wl,-rpath-link=/home/user/android-ndk/build/platforms/android-3/arch-arm/usr/lib/ -L/home/user/android-ndk/build/platforms/android-3/arch-arm/usr/lib/ conftest.c -lc  >&5
/home/user/android-ndk/build/prebuilt/linux-x86/arm-eabi-4.4.0/bin/../lib/gcc/arm-eabi/4.4.0/../../../../arm-eabi/bin/ld: warning: cannot find entry symbol _start; defaulting to 00008278
configure:3070: $? = 0
configure:3094: result: 
configure:3100: checking for suffix of object files
configure:3126: /home/user/android-ndk/build/prebuilt/linux-x86/arm-eabi-4.4.0/bin/arm-eabi-gcc -c -fPIC -DANDROID -nostdlib -I/home/user/android-ndk/build/platforms/android-3/arch-arm/usr/include/ conftest.c >&5
configure:3129: $? = 0
configure:3152: result: o
configure:3156: checking whether we are using the GNU C compiler
configure:3185: /home/user/android-ndk/build/prebuilt/linux-x86/arm-eabi-4.4.0/bin/arm-eabi-gcc -c -fPIC -DANDROID -nostdlib -I/home/user/android-ndk/build/platforms/android-3/arch-arm/usr/include/ conftest.c >&5
configure:3191: $? = 0
configure:3208: result: yes
configure:3213: checking whether /home/user/android-ndk/build/prebuilt/linux-x86/arm-eabi-4.4.0/bin/arm-eabi-gcc accepts -g
configure:3243: /home/user/android-ndk/build/prebuilt/linux-x86/arm-eabi-4.4.0/bin/arm-eabi-gcc -c -g -I/home/user/android-ndk/build/platforms/android-3/arch-arm/usr/include/ conftest.c >&5
configure:3249: $? = 0
configure:3348: result: yes
configure:3365: checking for /home/user/android-ndk/build/prebuilt/linux-x86/arm-eabi-4.4.0/bin/arm-eabi-gcc option to accept ISO C89
configure:3439: /home/user/android-ndk/build/prebuilt/linux-x86/arm-eabi-4.4.0/bin/arm-eabi-gcc  -c -fPIC -DANDROID -nostdlib -I/home/user/android-ndk/build/platforms/android-3/arch-arm/usr/include/ conftest.c >&5
configure:3445: $? = 0
configure:3468: result: none needed
configure:3488: checking dependency style of /home/user/android-ndk/build/prebuilt/linux-x86/arm-eabi-4.4.0/bin/arm-eabi-gcc
configure:3579: result: gcc3
configure:3600: checking how to run the C preprocessor
configure:3640: /home/user/android-ndk/build/prebuilt/linux-x86/arm-eabi-4.4.0/bin/arm-eabi-gcc -E -I/home/user/android-ndk/build/platforms/android-3/arch-arm/usr/include/ conftest.c
configure:3646: $? = 0
configure:3677: /home/user/android-ndk/build/prebuilt/linux-x86/arm-eabi-4.4.0/bin/arm-eabi-gcc -E -I/home/user/android-ndk/build/platforms/android-3/arch-arm/usr/include/ conftest.c
conftest.c:13:28: error: ac_nonexistent.h: No such file or directory
configure:3683: $? = 1
configure: failed program was:
| /* confdefs.h.  */
| #define PACKAGE_NAME "wavpack"
| #define PACKAGE_TARNAME "wavpack"
| #define PACKAGE_VERSION "4.60.1"
| #define PACKAGE_STRING "wavpack 4.60.1"
| #define PACKAGE_BUGREPORT "bryant@wavpack.com"
| #define LIBWAVPACK_MAJOR 4
| #define LIBWAVPACK_MINOR 60
| #define LIBWAVPACK_MICRO 1
| #define LIBWAVPACK_VERSION_STRING "4.60.1"
| #define VERSION_OS "Linux"
| /* end confdefs.h.  */
| #include <ac_nonexistent.h>
configure:3716: result: /home/user/android-ndk/build/prebuilt/linux-x86/arm-eabi-4.4.0/bin/arm-eabi-gcc -E
configure:3745: /home/user/android-ndk/build/prebuilt/linux-x86/arm-eabi-4.4.0/bin/arm-eabi-gcc -E -I/home/user/android-ndk/build/platforms/android-3/arch-arm/usr/include/ conftest.c
configure:3751: $? = 0
configure:3782: /home/user/android-ndk/build/prebuilt/linux-x86/arm-eabi-4.4.0/bin/arm-eabi-gcc -E -I/home/user/android-ndk/build/platforms/android-3/arch-arm/usr/include/ conftest.c
conftest.c:13:28: error: ac_nonexistent.h: No such file or directory
configure:3788: $? = 1
configure: failed program was:
| /* confdefs.h.  */
| #define PACKAGE_NAME "wavpack"
| #define PACKAGE_TARNAME "wavpack"
| #define PACKAGE_VERSION "4.60.1"
| #define PACKAGE_STRING "wavpack 4.60.1"
| #define PACKAGE_BUGREPORT "bryant@wavpack.com"
| #define LIBWAVPACK_MAJOR 4
| #define LIBWAVPACK_MINOR 60
| #define LIBWAVPACK_MICRO 1
| #define LIBWAVPACK_VERSION_STRING "4.60.1"
| #define VERSION_OS "Linux"
| /* end confdefs.h.  */
| #include <ac_nonexistent.h>
configure:3826: checking for grep that handles long lines and -e
configure:3900: result: /bin/grep
configure:3905: checking for egrep
configure:3983: result: /bin/grep -E
configure:3988: checking for ANSI C header files
configure:4018: /home/user/android-ndk/build/prebuilt/linux-x86/arm-eabi-4.4.0/bin/arm-eabi-gcc -c -fPIC -DANDROID -nostdlib -I/home/user/android-ndk/build/platforms/android-3/arch-arm/usr/include/ conftest.c >&5
configure:4024: $? = 0
configure:4152: result: yes
configure:4176: checking for sys/types.h
configure:4197: /home/user/android-ndk/build/prebuilt/linux-x86/arm-eabi-4.4.0/bin/arm-eabi-gcc -c -fPIC -DANDROID -nostdlib -I/home/user/android-ndk/build/platforms/android-3/arch-arm/usr/include/ conftest.c >&5
configure:4203: $? = 0
configure:4219: result: yes
configure:4176: checking for sys/stat.h
configure:4197: /home/user/android-ndk/build/prebuilt/linux-x86/arm-eabi-4.4.0/bin/arm-eabi-gcc -c -fPIC -DANDROID -nostdlib -I/home/user/android-ndk/build/platforms/android-3/arch-arm/usr/include/ conftest.c >&5
configure:4203: $? = 0
configure:4219: result: yes
configure:4176: checking for stdlib.h
configure:4197: /home/user/android-ndk/build/prebuilt/linux-x86/arm-eabi-4.4.0/bin/arm-eabi-gcc -c -fPIC -DANDROID -nostdlib -I/home/user/android-ndk/build/platforms/android-3/arch-arm/usr/include/ conftest.c >&5
configure:4203: $? = 0
configure:4219: result: yes
configure:4176: checking for string.h
configure:4197: /home/user/android-ndk/build/prebuilt/linux-x86/arm-eabi-4.4.0/bin/arm-eabi-gcc -c -fPIC -DANDROID -nostdlib -I/home/user/android-ndk/build/platforms/android-3/arch-arm/usr/include/ conftest.c >&5
configure:4203: $? = 0
configure:4219: result: yes
configure:4176: checking for memory.h
configure:4197: /home/user/android-ndk/build/prebuilt/linux-x86/arm-eabi-4.4.0/bin/arm-eabi-gcc -c -fPIC -DANDROID -nostdlib -I/home/user/android-ndk/build/platforms/android-3/arch-arm/usr/include/ conftest.c >&5
configure:4203: $? = 0
configure:4219: result: yes
configure:4176: checking for strings.h
configure:4197: /home/user/android-ndk/build/prebuilt/linux-x86/arm-eabi-4.4.0/bin/arm-eabi-gcc -c -fPIC -DANDROID -nostdlib -I/home/user/android-ndk/build/platforms/android-3/arch-arm/usr/include/ conftest.c >&5
configure:4203: $? = 0
configure:4219: result: yes
configure:4176: checking for inttypes.h
configure:4197: /home/user/android-ndk/build/prebuilt/linux-x86/arm-eabi-4.4.0/bin/arm-eabi-gcc -c -fPIC -DANDROID -nostdlib -I/home/user/android-ndk/build/platforms/android-3/arch-arm/usr/include/ conftest.c >&5
configure:4203: $? = 0
configure:4219: result: yes
configure:4176: checking for stdint.h
configure:4197: /home/user/android-ndk/build/prebuilt/linux-x86/arm-eabi-4.4.0/bin/arm-eabi-gcc -c -fPIC -DANDROID -nostdlib -I/home/user/android-ndk/build/platforms/android-3/arch-arm/usr/include/ conftest.c >&5
configure:4203: $? = 0
configure:4219: result: yes
configure:4176: checking for unistd.h
configure:4197: /home/user/android-ndk/build/prebuilt/linux-x86/arm-eabi-4.4.0/bin/arm-eabi-gcc -c -fPIC -DANDROID -nostdlib -I/home/user/android-ndk/build/platforms/android-3/arch-arm/usr/include/ conftest.c >&5
configure:4203: $? = 0
configure:4219: result: yes
configure:4231: checking whether byte ordering is bigendian
configure:4264: /home/user/android-ndk/build/prebuilt/linux-x86/arm-eabi-4.4.0/bin/arm-eabi-gcc -c -fPIC -DANDROID -nostdlib -I/home/user/android-ndk/build/platforms/android-3/arch-arm/usr/include/ conftest.c >&5
conftest.c: In function 'main':
conftest.c:30: error: 'bogus' undeclared (first use in this function)
conftest.c:30: error: (Each undeclared identifier is reported only once
conftest.c:30: error: for each function it appears in.)
conftest.c:30: error: expected ';' before 'endian'
configure:4270: $? = 1
configure: failed program was:
| /* confdefs.h.  */
| #define PACKAGE_NAME "wavpack"
| #define PACKAGE_TARNAME "wavpack"
| #define PACKAGE_VERSION "4.60.1"
| #define PACKAGE_STRING "wavpack 4.60.1"
| #define PACKAGE_BUGREPORT "bryant@wavpack.com"
| #define LIBWAVPACK_MAJOR 4
| #define LIBWAVPACK_MINOR 60
| #define LIBWAVPACK_MICRO 1
| #define LIBWAVPACK_VERSION_STRING "4.60.1"
| #define VERSION_OS "Linux"
| #define STDC_HEADERS 1
| #define HAVE_SYS_TYPES_H 1
| #define HAVE_SYS_STAT_H 1
| #define HAVE_STDLIB_H 1
| #define HAVE_STRING_H 1
| #define HAVE_MEMORY_H 1
| #define HAVE_STRINGS_H 1
| #define HAVE_INTTYPES_H 1
| #define HAVE_STDINT_H 1
| #define HAVE_UNISTD_H 1
| /* end confdefs.h.  */
| #include <sys/types.h>
| #include <sys/param.h>
| 
| int
| main ()
| {
| #if  ! (defined BYTE_ORDER && defined BIG_ENDIAN && defined LITTLE_ENDIAN 	&& BYTE_ORDER && BIG_ENDIAN && LITTLE_ENDIAN)
|  bogus endian macros
| #endif
| 
|   ;
|   return 0;
| }
configure:4356: /home/user/android-ndk/build/prebuilt/linux-x86/arm-eabi-4.4.0/bin/arm-eabi-gcc -c -fPIC -DANDROID -nostdlib -I/home/user/android-ndk/build/platforms/android-3/arch-arm/usr/include/ conftest.c >&5
configure:4362: $? = 0
configure:4448: result: no
configure:4477: checking for arm-eabi-gcc
configure:4504: result: /home/user/android-ndk/build/prebuilt/linux-x86/arm-eabi-4.4.0/bin/arm-eabi-gcc
configure:4782: checking for C compiler version
configure:4789: /home/user/android-ndk/build/prebuilt/linux-x86/arm-eabi-4.4.0/bin/arm-eabi-gcc --version >&5
arm-eabi-gcc (GCC) 4.4.0
Copyright (C) 2009 Free Software Foundation, Inc.
This is free software; see the source for copying conditions.  There is NO
warranty; not even for MERCHANTABILITY or FITNESS FOR A PARTICULAR PURPOSE.

configure:4792: $? = 0
configure:4799: /home/user/android-ndk/build/prebuilt/linux-x86/arm-eabi-4.4.0/bin/arm-eabi-gcc -v >&5
Using built-in specs.
Target: arm-eabi
Configured with: /tmp/xsrc/build/../gcc/gcc-4.4.0/configure --prefix=/tmp/xndk/build/prebuilt/linux-x86/arm-eabi-4.4.0 --target=arm-eabi --host=x86_64-unknown-linux-gnu --build=x86_64-unknown-linux-gnu --enable-languages=c,c++ --with-gmp=/tmp/ndk-prebuilt-939/toolchain-arm-eabi-4.4.0/temp-install --with-mpfr=/tmp/ndk-prebuilt-939/toolchain-arm-eabi-4.4.0/temp-install --disable-libssp --enable-threads --disable-nls --disable-libmudflap --disable-libgomp --disable-libstdc__-v3 --disable-sjlj-exceptions --disable-shared --disable-tls --with-float=soft --with-fpu=vfp --with-arch=armv5te --enable-target-optspace --with-abi=aapcs --disable-nls --prefix=/tmp/xndk/build/prebuilt/linux-x86/arm-eabi-4.4.0 --with-sysroot=/opt/digit/repo/froyo/ndk/build/platforms/android-3/arch-arm --with-binutils-version=2.19 --with-gcc-version=4.4.0 --with-gdb-version=6.6 --program-transform-name='s&^&arm-eabi-&'
Thread model: single
gcc version 4.4.0 (GCC) 
configure:4802: $? = 0
configure:4809: /home/user/android-ndk/build/prebuilt/linux-x86/arm-eabi-4.4.0/bin/arm-eabi-gcc -V >&5
arm-eabi-gcc: '-V' option must have argument
configure:4812: $? = 1
configure:4815: checking whether we are using the GNU C compiler
configure:4867: result: yes
configure:4872: checking whether /home/user/android-ndk/build/prebuilt/linux-x86/arm-eabi-4.4.0/bin/arm-eabi-gcc accepts -g
configure:5007: result: yes
configure:5024: checking for /home/user/android-ndk/build/prebuilt/linux-x86/arm-eabi-4.4.0/bin/arm-eabi-gcc option to accept ISO C89
configure:5127: result: none needed
configure:5147: checking dependency style of /home/user/android-ndk/build/prebuilt/linux-x86/arm-eabi-4.4.0/bin/arm-eabi-gcc
configure:5238: result: gcc3
configure:5333: checking build system type
configure:5351: result: i686-pc-linux-gnulibc1
configure:5373: checking host system type
configure:5388: result: arm-unknown-eabi
configure:5410: checking for a sed that does not truncate output
configure:5466: result: /bin/sed
configure:5480: checking for ld used by /home/user/android-ndk/build/prebuilt/linux-x86/arm-eabi-4.4.0/bin/arm-eabi-gcc
configure:5547: result: /home/user/android-ndk/build/prebuilt/linux-x86/arm-eabi-4.4.0/arm-eabi/bin/ld
configure:5556: checking if the linker (/home/user/android-ndk/build/prebuilt/linux-x86/arm-eabi-4.4.0/arm-eabi/bin/ld) is GNU ld
configure:5571: result: yes
configure:5576: checking for /home/user/android-ndk/build/prebuilt/linux-x86/arm-eabi-4.4.0/arm-eabi/bin/ld option to reload object files
configure:5583: result: -r
configure:5601: checking for BSD-compatible nm
configure:5650: result: nm
configure:5654: checking whether ln -s works
configure:5658: result: yes
configure:5665: checking how to recognize dependent libraries
configure:5851: result: unknown
configure:6395: checking dlfcn.h usability
configure:6412: /home/user/android-ndk/build/prebuilt/linux-x86/arm-eabi-4.4.0/bin/arm-eabi-gcc -c -fPIC -DANDROID -nostdlib -I/home/user/android-ndk/build/platforms/android-3/arch-arm/usr/include/ conftest.c >&5
configure:6418: $? = 0
configure:6432: result: yes
configure:6436: checking dlfcn.h presence
configure:6451: /home/user/android-ndk/build/prebuilt/linux-x86/arm-eabi-4.4.0/bin/arm-eabi-gcc -E -I/home/user/android-ndk/build/platforms/android-3/arch-arm/usr/include/ conftest.c
configure:6457: $? = 0
configure:6471: result: yes
configure:6504: checking for dlfcn.h
configure:6512: result: yes
configure:6539: checking for arm-eabi-g++
configure:6569: result: no
configure:6539: checking for arm-eabi-c++
configure:6569: result: no
configure:6539: checking for arm-eabi-gpp
configure:6569: result: no
configure:6539: checking for arm-eabi-aCC
configure:6569: result: no
configure:6539: checking for arm-eabi-CC
configure:6569: result: no
configure:6539: checking for arm-eabi-cxx
configure:6569: result: no
configure:6539: checking for arm-eabi-cc++
configure:6569: result: no
configure:6539: checking for arm-eabi-cl.exe
configure:6569: result: no
configure:6539: checking for arm-eabi-FCC
configure:6569: result: no
configure:6539: checking for arm-eabi-KCC
configure:6569: result: no
configure:6539: checking for arm-eabi-RCC
configure:6569: result: no
configure:6539: checking for arm-eabi-xlC_r
configure:6569: result: no
configure:6539: checking for arm-eabi-xlC
configure:6569: result: no
configure:6583: checking for g++
configure:6599: found /usr/bin/g++
configure:6610: result: g++
configure:6628: WARNING: In the future, Autoconf will not detect cross-tools
whose name does not start with the host triplet.  If you think this
configuration is useful to you, please write to autoconf@gnu.org.
configure:6641: checking for C++ compiler version
configure:6648: g++ --version >&5
g++ (GCC) 4.5.1 20100924 (Red Hat 4.5.1-4)
Copyright (C) 2010 Free Software Foundation, Inc.
This is free software; see the source for copying conditions.  There is NO
warranty; not even for MERCHANTABILITY or FITNESS FOR A PARTICULAR PURPOSE.

configure:6651: $? = 0
configure:6658: g++ -v >&5
Using built-in specs.
COLLECT_GCC=g++
COLLECT_LTO_WRAPPER=/usr/libexec/gcc/i686-redhat-linux/4.5.1/lto-wrapper
Target: i686-redhat-linux
Configured with: ../configure --prefix=/usr --mandir=/usr/share/man --infodir=/usr/share/info --with-bugurl=http://bugzilla.redhat.com/bugzilla --enable-bootstrap --enable-shared --enable-threads=posix --enable-checking=release --with-system-zlib --enable-__cxa_atexit --disable-libunwind-exceptions --enable-gnu-unique-object --enable-linker-build-id --enable-languages=c,c++,objc,obj-c++,java,fortran,ada,lto --enable-plugin --enable-java-awt=gtk --disable-dssi --with-java-home=/usr/lib/jvm/java-1.5.0-gcj-1.5.0.0/jre --enable-libgcj-multifile --enable-java-maintainer-mode --with-ecj-jar=/usr/share/java/eclipse-ecj.jar --disable-libjava-multilib --with-ppl --with-cloog --with-tune=generic --with-arch=i686 --build=i686-redhat-linux
Thread model: posix
gcc version 4.5.1 20100924 (Red Hat 4.5.1-4) (GCC) 
configure:6661: $? = 0
configure:6668: g++ -V >&5
g++: '-V' option must have argument
configure:6671: $? = 1
configure:6674: checking whether we are using the GNU C++ compiler
configure:6703: g++ -c  -I/home/user/android-ndk/build/platforms/android-3/arch-arm/usr/include/ conftest.cpp >&5
configure:6709: $? = 0
configure:6726: result: yes
configure:6731: checking whether g++ accepts -g
configure:6761: g++ -c -g -I/home/user/android-ndk/build/platforms/android-3/arch-arm/usr/include/ conftest.cpp >&5
configure:6767: $? = 0
configure:6866: result: yes
configure:6891: checking dependency style of g++
configure:6982: result: gcc3
configure:7007: checking how to run the C++ preprocessor
configure:7043: g++ -E -I/home/user/android-ndk/build/platforms/android-3/arch-arm/usr/include/ conftest.cpp
configure:7049: $? = 0
configure:7080: g++ -E -I/home/user/android-ndk/build/platforms/android-3/arch-arm/usr/include/ conftest.cpp
conftest.cpp:24:28: fatal error: ac_nonexistent.h: No such file or directory
compilation terminated.
configure:7086: $? = 1
configure: failed program was:
| /* confdefs.h.  */
| #define PACKAGE_NAME "wavpack"
| #define PACKAGE_TARNAME "wavpack"
| #define PACKAGE_VERSION "4.60.1"
| #define PACKAGE_STRING "wavpack 4.60.1"
| #define PACKAGE_BUGREPORT "bryant@wavpack.com"
| #define LIBWAVPACK_MAJOR 4
| #define LIBWAVPACK_MINOR 60
| #define LIBWAVPACK_MICRO 1
| #define LIBWAVPACK_VERSION_STRING "4.60.1"
| #define VERSION_OS "Linux"
| #define STDC_HEADERS 1
| #define HAVE_SYS_TYPES_H 1
| #define HAVE_SYS_STAT_H 1
| #define HAVE_STDLIB_H 1
| #define HAVE_STRING_H 1
| #define HAVE_MEMORY_H 1
| #define HAVE_STRINGS_H 1
| #define HAVE_INTTYPES_H 1
| #define HAVE_STDINT_H 1
| #define HAVE_UNISTD_H 1
| #define HAVE_DLFCN_H 1
| /* end confdefs.h.  */
| #include <ac_nonexistent.h>
configure:7119: result: g++ -E
configure:7148: g++ -E -I/home/user/android-ndk/build/platforms/android-3/arch-arm/usr/include/ conftest.cpp
configure:7154: $? = 0
configure:7185: g++ -E -I/home/user/android-ndk/build/platforms/android-3/arch-arm/usr/include/ conftest.cpp
conftest.cpp:24:28: fatal error: ac_nonexistent.h: No such file or directory
compilation terminated.
configure:7191: $? = 1
configure: failed program was:
| /* confdefs.h.  */
| #define PACKAGE_NAME "wavpack"
| #define PACKAGE_TARNAME "wavpack"
| #define PACKAGE_VERSION "4.60.1"
| #define PACKAGE_STRING "wavpack 4.60.1"
| #define PACKAGE_BUGREPORT "bryant@wavpack.com"
| #define LIBWAVPACK_MAJOR 4
| #define LIBWAVPACK_MINOR 60
| #define LIBWAVPACK_MICRO 1
| #define LIBWAVPACK_VERSION_STRING "4.60.1"
| #define VERSION_OS "Linux"
| #define STDC_HEADERS 1
| #define HAVE_SYS_TYPES_H 1
| #define HAVE_SYS_STAT_H 1
| #define HAVE_STDLIB_H 1
| #define HAVE_STRING_H 1
| #define HAVE_MEMORY_H 1
| #define HAVE_STRINGS_H 1
| #define HAVE_INTTYPES_H 1
| #define HAVE_STDINT_H 1
| #define HAVE_UNISTD_H 1
| #define HAVE_DLFCN_H 1
| /* end confdefs.h.  */
| #include <ac_nonexistent.h>
configure:7240: checking for arm-eabi-g77
configure:7270: result: no
configure:7240: checking for arm-eabi-xlf
configure:7270: result: no
configure:7240: checking for arm-eabi-f77
configure:7270: result: no
configure:7240: checking for arm-eabi-frt
configure:7270: result: no
configure:7240: checking for arm-eabi-pgf77
configure:7270: result: no
configure:7240: checking for arm-eabi-cf77
configure:7270: result: no
configure:7240: checking for arm-eabi-fort77
configure:7270: result: no
configure:7240: checking for arm-eabi-fl32
configure:7270: result: no
configure:7240: checking for arm-eabi-af77
configure:7270: result: no
configure:7240: checking for arm-eabi-xlf90
configure:7270: result: no
configure:7240: checking for arm-eabi-f90
configure:7270: result: no
configure:7240: checking for arm-eabi-pgf90
configure:7270: result: no
configure:7240: checking for arm-eabi-pghpf
configure:7270: result: no
configure:7240: checking for arm-eabi-epcf90
configure:7270: result: no
configure:7240: checking for arm-eabi-gfortran
configure:7270: result: no
configure:7240: checking for arm-eabi-g95
configure:7270: result: no
configure:7240: checking for arm-eabi-xlf95
configure:7270: result: no
configure:7240: checking for arm-eabi-f95
configure:7270: result: no
configure:7240: checking for arm-eabi-fort
configure:7270: result: no
configure:7240: checking for arm-eabi-ifort
configure:7270: result: no
configure:7240: checking for arm-eabi-ifc
configure:7270: result: no
configure:7240: checking for arm-eabi-efc
configure:7270: result: no
configure:7240: checking for arm-eabi-pgf95
configure:7270: result: no
configure:7240: checking for arm-eabi-lf95
configure:7270: result: no
configure:7240: checking for arm-eabi-ftn
configure:7270: result: no
configure:7284: checking for g77
configure:7314: result: no
configure:7284: checking for xlf
configure:7314: result: no
configure:7284: checking for f77
configure:7314: result: no
configure:7284: checking for frt
configure:7314: result: no
configure:7284: checking for pgf77
configure:7314: result: no
configure:7284: checking for cf77
configure:7314: result: no
configure:7284: checking for fort77
configure:7314: result: no
configure:7284: checking for fl32
configure:7314: result: no
configure:7284: checking for af77
configure:7314: result: no
configure:7284: checking for xlf90
configure:7314: result: no
configure:7284: checking for f90
configure:7314: result: no
configure:7284: checking for pgf90
configure:7314: result: no
configure:7284: checking for pghpf
configure:7314: result: no
configure:7284: checking for epcf90
configure:7314: result: no
configure:7284: checking for gfortran
configure:7314: result: no
configure:7284: checking for g95
configure:7314: result: no
configure:7284: checking for xlf95
configure:7314: result: no
configure:7284: checking for f95
configure:7314: result: no
configure:7284: checking for fort
configure:7314: result: no
configure:7284: checking for ifort
configure:7314: result: no
configure:7284: checking for ifc
configure:7314: result: no
configure:7284: checking for efc
configure:7314: result: no
configure:7284: checking for pgf95
configure:7314: result: no
configure:7284: checking for lf95
configure:7314: result: no
configure:7284: checking for ftn
configure:7314: result: no
configure:7341: checking for Fortran 77 compiler version
configure:7348:  --version >&5
./configure: line 7349: --version: command not found
configure:7351: $? = 127
configure:7358:  -v >&5
./configure: line 7359: -v: command not found
configure:7361: $? = 127
configure:7368:  -V >&5
./configure: line 7369: -V: command not found
configure:7371: $? = 127
configure:7379: checking whether we are using the GNU Fortran 77 compiler
configure:7398:  -c  conftest.F >&5
./configure: line 7399: -c: command not found
configure:7404: $? = 127
configure: failed program was:
|       program main
| #ifndef __GNUC__
|        choke me
| #endif
| 
|       end
configure:7421: result: no
configure:7427: checking whether  accepts -g
configure:7444:  -c -g conftest.f >&5
./configure: line 7445: -c: command not found
configure:7450: $? = 127
configure: failed program was:
|       program main
| 
|       end
configure:7466: result: no
configure:7495: checking the maximum length of command line arguments
configure:7607: result: 1572864
configure:7619: checking command to parse nm output from /home/user/android-ndk/build/prebuilt/linux-x86/arm-eabi-4.4.0/bin/arm-eabi-gcc object
configure:7724: /home/user/android-ndk/build/prebuilt/linux-x86/arm-eabi-4.4.0/bin/arm-eabi-gcc -c -fPIC -DANDROID -nostdlib -I/home/user/android-ndk/build/platforms/android-3/arch-arm/usr/include/ conftest.c >&5
configure:7727: $? = 0
configure:7731: nm conftest.o \| sed -n -e 's/^.*[ 	]\([ABCDGIRSTW][ABCDGIRSTW]*\)[ 	][ 	]*\([_A-Za-z][_A-Za-z0-9]*\)$/\1 \2 \2/p' \> conftest.nm
configure:7734: $? = 0
configure:7786: /home/user/android-ndk/build/prebuilt/linux-x86/arm-eabi-4.4.0/bin/arm-eabi-gcc -o conftest -fPIC -DANDROID -nostdlib -I/home/user/android-ndk/build/platforms/android-3/arch-arm/usr/include/ -Wl,-rpath-link=/home/user/android-ndk/build/platforms/android-3/arch-arm/usr/lib/ -L/home/user/android-ndk/build/platforms/android-3/arch-arm/usr/lib/ conftest.c conftstm.o >&5
/home/user/android-ndk/build/prebuilt/linux-x86/arm-eabi-4.4.0/bin/../lib/gcc/arm-eabi/4.4.0/../../../../arm-eabi/bin/ld: warning: cannot find entry symbol _start; defaulting to 00008094
configure:7789: $? = 0
configure:7827: result: ok
configure:7831: checking for objdir
configure:7846: result: .libs
configure:7898: checking for arm-eabi-ar
configure:7928: result: no
configure:7938: checking for ar
configure:7954: found /usr/bin/ar
configure:7965: result: ar
configure:7994: checking for arm-eabi-ranlib
configure:8024: result: no
configure:8034: checking for ranlib
configure:8050: found /usr/bin/ranlib
configure:8061: result: ranlib
configure:8090: checking for arm-eabi-strip
configure:8117: result: strip
configure:8755: checking if /home/user/android-ndk/build/prebuilt/linux-x86/arm-eabi-4.4.0/bin/arm-eabi-gcc supports -fno-rtti -fno-exceptions
configure:8773: /home/user/android-ndk/build/prebuilt/linux-x86/arm-eabi-4.4.0/bin/arm-eabi-gcc -c -fPIC -DANDROID -nostdlib -I/home/user/android-ndk/build/platforms/android-3/arch-arm/usr/include/ -fno-rtti -fno-exceptions conftest.c >&5
cc1: warning: command line option "-fno-rtti" is valid for C++/ObjC++ but not for C
configure:8777: $? = 0
configure:8790: result: no
configure:8805: checking for /home/user/android-ndk/build/prebuilt/linux-x86/arm-eabi-4.4.0/bin/arm-eabi-gcc option to produce PIC
configure:9037: result: -fPIC
configure:9045: checking if /home/user/android-ndk/build/prebuilt/linux-x86/arm-eabi-4.4.0/bin/arm-eabi-gcc PIC flag -fPIC works
configure:9063: /home/user/android-ndk/build/prebuilt/linux-x86/arm-eabi-4.4.0/bin/arm-eabi-gcc -c -fPIC -DANDROID -nostdlib -I/home/user/android-ndk/build/platforms/android-3/arch-arm/usr/include/ -fPIC -DPIC conftest.c >&5
configure:9067: $? = 0
configure:9080: result: yes
configure:9108: checking if /home/user/android-ndk/build/prebuilt/linux-x86/arm-eabi-4.4.0/bin/arm-eabi-gcc static flag -static works
/home/user/android-ndk/build/prebuilt/linux-x86/arm-eabi-4.4.0/bin/../lib/gcc/arm-eabi/4.4.0/../../../../arm-eabi/bin/ld: warning: cannot find entry symbol _start; defaulting to 00008074
configure:9136: result: no
configure:9146: checking if /home/user/android-ndk/build/prebuilt/linux-x86/arm-eabi-4.4.0/bin/arm-eabi-gcc supports -c -o file.o
configure:9167: /home/user/android-ndk/build/prebuilt/linux-x86/arm-eabi-4.4.0/bin/arm-eabi-gcc -c -fPIC -DANDROID -nostdlib -I/home/user/android-ndk/build/platforms/android-3/arch-arm/usr/include/ -o out/conftest2.o conftest.c >&5
configure:9171: $? = 0
configure:9193: result: yes
configure:9219: checking whether the /home/user/android-ndk/build/prebuilt/linux-x86/arm-eabi-4.4.0/bin/arm-eabi-gcc linker (/home/user/android-ndk/build/prebuilt/linux-x86/arm-eabi-4.4.0/arm-eabi/bin/ld) supports shared libraries
configure:10200: result: yes
configure:10221: checking whether -lc should be explicitly linked in
configure:10226: /home/user/android-ndk/build/prebuilt/linux-x86/arm-eabi-4.4.0/bin/arm-eabi-gcc -c -fPIC -DANDROID -nostdlib -I/home/user/android-ndk/build/platforms/android-3/arch-arm/usr/include/ conftest.c >&5
configure:10229: $? = 0
configure:10244: /home/user/android-ndk/build/prebuilt/linux-x86/arm-eabi-4.4.0/bin/arm-eabi-gcc -shared conftest.o  -v -Wl,-soname -Wl,conftest -o conftest 2\>\&1 \| grep  -lc  \>/dev/null 2\>\&1
configure:10247: $? = 1
configure:10259: result: yes
configure:10267: checking dynamic linker characteristics
configure:10881: result: no
configure:10905: checking how to hardcode library paths into programs
configure:10930: result: immediate
configure:10944: checking whether stripping libraries is possible
configure:10949: result: yes
configure:11751: checking if libtool supports shared libraries
configure:11753: result: no
configure:11756: checking whether to build shared libraries
configure:11777: result: no
configure:11780: checking whether to build static libraries
configure:11784: result: yes
configure:11878: creating libtool
configure:12471: checking for ld used by g++
configure:12538: result: /home/user/android-ndk/build/prebuilt/linux-x86/arm-eabi-4.4.0/arm-eabi/bin/ld
configure:12547: checking if the linker (/home/user/android-ndk/build/prebuilt/linux-x86/arm-eabi-4.4.0/arm-eabi/bin/ld) is GNU ld
configure:12562: result: yes
configure:12613: checking whether the g++ linker (/home/user/android-ndk/build/prebuilt/linux-x86/arm-eabi-4.4.0/arm-eabi/bin/ld) supports shared libraries
configure:13559: result: no
configure:13576: g++ -c -g -O2 -I/home/user/android-ndk/build/platforms/android-3/arch-arm/usr/include/ conftest.cpp >&5
configure:13579: $? = 0
configure:13735: checking for g++ option to produce PIC
configure:14019: result: -fPIC
configure:14027: checking if g++ PIC flag -fPIC works
configure:14045: g++ -c -g -O2 -I/home/user/android-ndk/build/platforms/android-3/arch-arm/usr/include/ -fPIC -DPIC conftest.cpp >&5
configure:14049: $? = 0
configure:14062: result: yes
configure:14090: checking if g++ static flag -static works
configure:14118: result: no
configure:14128: checking if g++ supports -c -o file.o
configure:14149: g++ -c -g -O2 -I/home/user/android-ndk/build/platforms/android-3/arch-arm/usr/include/ -o out/conftest2.o conftest.cpp >&5
configure:14153: $? = 0
configure:14175: result: yes
configure:14201: checking whether the g++ linker (/home/user/android-ndk/build/prebuilt/linux-x86/arm-eabi-4.4.0/arm-eabi/bin/ld) supports shared libraries
configure:14230: result: no
configure:14297: checking dynamic linker characteristics
configure:14859: result: no
configure:14883: checking how to hardcode library paths into programs
configure:14908: result: immediate
configure:21168: checking for a BSD-compatible install
configure:21224: result: /usr/bin/install -c
configure:21236: checking whether /home/user/android-ndk/build/prebuilt/linux-x86/arm-eabi-4.4.0/bin/arm-eabi-gcc and cc understand -c and -o together
configure:21271: /home/user/android-ndk/build/prebuilt/linux-x86/arm-eabi-4.4.0/bin/arm-eabi-gcc -c conftest.c -o conftest2.o >&5
configure:21274: $? = 0
configure:21280: /home/user/android-ndk/build/prebuilt/linux-x86/arm-eabi-4.4.0/bin/arm-eabi-gcc -c conftest.c -o conftest2.o >&5
configure:21283: $? = 0
configure:21294: cc -c conftest.c >&5
configure:21297: $? = 0
configure:21305: cc -c conftest.c -o conftest2.o >&5
configure:21308: $? = 0
configure:21314: cc -c conftest.c -o conftest2.o >&5
configure:21317: $? = 0
configure:21335: result: yes
configure:21362: checking for ANSI C header files
configure:21526: result: yes
configure:21676: checking for cos in -lm
configure:21711: /home/user/android-ndk/build/prebuilt/linux-x86/arm-eabi-4.4.0/bin/arm-eabi-gcc -o conftest -fPIC -DANDROID -nostdlib -I/home/user/android-ndk/build/platforms/android-3/arch-arm/usr/include/ -Wl,-rpath-link=/home/user/android-ndk/build/platforms/android-3/arch-arm/usr/lib/ -L/home/user/android-ndk/build/platforms/android-3/arch-arm/usr/lib/ conftest.c -lm  -lc  >&5
conftest.c:32: warning: conflicting types for built-in function 'cos'
/home/user/android-ndk/build/prebuilt/linux-x86/arm-eabi-4.4.0/bin/../lib/gcc/arm-eabi/4.4.0/../../../../arm-eabi/bin/ld: warning: cannot find entry symbol _start; defaulting to 000082c0
configure:21717: $? = 0
configure:21735: result: yes
configure:21747: checking host system type
configure:21762: result: arm-unknown-eabi
configure:21818: checking iconv.h usability
configure:21835: /home/user/android-ndk/build/prebuilt/linux-x86/arm-eabi-4.4.0/bin/arm-eabi-gcc -c -fPIC -DANDROID -nostdlib -I/home/user/android-ndk/build/platforms/android-3/arch-arm/usr/include/ conftest.c >&5
conftest.c:58:19: error: iconv.h: No such file or directory
configure:21841: $? = 1
configure: failed program was:
| /* confdefs.h.  */
| #define PACKAGE_NAME "wavpack"
| #define PACKAGE_TARNAME "wavpack"
| #define PACKAGE_VERSION "4.60.1"
| #define PACKAGE_STRING "wavpack 4.60.1"
| #define PACKAGE_BUGREPORT "bryant@wavpack.com"
| #define LIBWAVPACK_MAJOR 4
| #define LIBWAVPACK_MINOR 60
| #define LIBWAVPACK_MICRO 1
| #define LIBWAVPACK_VERSION_STRING "4.60.1"
| #define VERSION_OS "Linux"
| #define STDC_HEADERS 1
| #define HAVE_SYS_TYPES_H 1
| #define HAVE_SYS_STAT_H 1
| #define HAVE_STDLIB_H 1
| #define HAVE_STRING_H 1
| #define HAVE_MEMORY_H 1
| #define HAVE_STRINGS_H 1
| #define HAVE_INTTYPES_H 1
| #define HAVE_STDINT_H 1
| #define HAVE_UNISTD_H 1
| #define HAVE_DLFCN_H 1
| #define STDC_HEADERS 1
| /* end confdefs.h.  */
| #include <stdio.h>
| #ifdef HAVE_SYS_TYPES_H
| # include <sys/types.h>
| #endif
| #ifdef HAVE_SYS_STAT_H
| # include <sys/stat.h>
| #endif
| #ifdef STDC_HEADERS
| # include <stdlib.h>
| # include <stddef.h>
| #else
| # ifdef HAVE_STDLIB_H
| #  include <stdlib.h>
| # endif
| #endif
| #ifdef HAVE_STRING_H
| # if !defined STDC_HEADERS && defined HAVE_MEMORY_H
| #  include <memory.h>
| # endif
| # include <string.h>
| #endif
| #ifdef HAVE_STRINGS_H
| # include <strings.h>
| #endif
| #ifdef HAVE_INTTYPES_H
| # include <inttypes.h>
| #endif
| #ifdef HAVE_STDINT_H
| # include <stdint.h>
| #endif
| #ifdef HAVE_UNISTD_H
| # include <unistd.h>
| #endif
| #include <iconv.h>
configure:21855: result: no
configure:21859: checking iconv.h presence
configure:21874: /home/user/android-ndk/build/prebuilt/linux-x86/arm-eabi-4.4.0/bin/arm-eabi-gcc -E -I/home/user/android-ndk/build/platforms/android-3/arch-arm/usr/include/ conftest.c
conftest.c:25:19: error: iconv.h: No such file or directory
configure:21880: $? = 1
configure: failed program was:
| /* confdefs.h.  */
| #define PACKAGE_NAME "wavpack"
| #define PACKAGE_TARNAME "wavpack"
| #define PACKAGE_VERSION "4.60.1"
| #define PACKAGE_STRING "wavpack 4.60.1"
| #define PACKAGE_BUGREPORT "bryant@wavpack.com"
| #define LIBWAVPACK_MAJOR 4
| #define LIBWAVPACK_MINOR 60
| #define LIBWAVPACK_MICRO 1
| #define LIBWAVPACK_VERSION_STRING "4.60.1"
| #define VERSION_OS "Linux"
| #define STDC_HEADERS 1
| #define HAVE_SYS_TYPES_H 1
| #define HAVE_SYS_STAT_H 1
| #define HAVE_STDLIB_H 1
| #define HAVE_STRING_H 1
| #define HAVE_MEMORY_H 1
| #define HAVE_STRINGS_H 1
| #define HAVE_INTTYPES_H 1
| #define HAVE_STDINT_H 1
| #define HAVE_UNISTD_H 1
| #define HAVE_DLFCN_H 1
| #define STDC_HEADERS 1
| /* end confdefs.h.  */
| #include <iconv.h>
configure:21894: result: no
configure:21927: checking for iconv.h
configure:21934: result: no
configure:22058: error: Can't find iconv headers.

## ---------------- ##
## Cache variables. ##
## ---------------- ##

ac_cv_build=i686-pc-linux-gnulibc1
ac_cv_c_bigendian=no
ac_cv_c_compiler_gnu=yes
ac_cv_cxx_compiler_gnu=yes
ac_cv_env_CCC_set=
ac_cv_env_CCC_value=
ac_cv_env_CC_set=set
ac_cv_env_CC_value=/home/user/android-ndk/build/prebuilt/linux-x86/arm-eabi-4.4.0/bin/arm-eabi-gcc
ac_cv_env_CFLAGS_set=set
ac_cv_env_CFLAGS_value='-fPIC -DANDROID -nostdlib'
ac_cv_env_CPPFLAGS_set=set
ac_cv_env_CPPFLAGS_value=-I/home/user/android-ndk/build/platforms/android-3/arch-arm/usr/include/
ac_cv_env_CPP_set=
ac_cv_env_CPP_value=
ac_cv_env_CXXCPP_set=
ac_cv_env_CXXCPP_value=
ac_cv_env_CXXFLAGS_set=
ac_cv_env_CXXFLAGS_value=
ac_cv_env_CXX_set=
ac_cv_env_CXX_value=
ac_cv_env_F77_set=
ac_cv_env_F77_value=
ac_cv_env_FFLAGS_set=
ac_cv_env_FFLAGS_value=
ac_cv_env_LDFLAGS_set=set
ac_cv_env_LDFLAGS_value='-Wl,-rpath-link=/home/user/android-ndk/build/platforms/android-3/arch-arm/usr/lib/ -L/home/user/android-ndk/build/platforms/android-3/arch-arm/usr/lib/'
ac_cv_env_LIBS_set=set
ac_cv_env_LIBS_value='-lc '
ac_cv_env_build_alias_set=
ac_cv_env_build_alias_value=
ac_cv_env_host_alias_set=set
ac_cv_env_host_alias_value=arm-eabi
ac_cv_env_target_alias_set=
ac_cv_env_target_alias_value=
ac_cv_f77_compiler_gnu=no
ac_cv_header_dlfcn_h=yes
ac_cv_header_iconv_h=no
ac_cv_header_inttypes_h=yes
ac_cv_header_memory_h=yes
ac_cv_header_stdc=yes
ac_cv_header_stdint_h=yes
ac_cv_header_stdlib_h=yes
ac_cv_header_string_h=yes
ac_cv_header_strings_h=yes
ac_cv_header_sys_stat_h=yes
ac_cv_header_sys_types_h=yes
ac_cv_header_unistd_h=yes
ac_cv_host=arm-unknown-eabi
ac_cv_lib_m_cos=yes
ac_cv_objext=o
ac_cv_path_EGREP='/bin/grep -E'
ac_cv_path_GREP=/bin/grep
ac_cv_path_install='/usr/bin/install -c'
ac_cv_path_mkdir=/bin/mkdir
ac_cv_prog_AWK=gawk
ac_cv_prog_CC=/home/user/android-ndk/build/prebuilt/linux-x86/arm-eabi-4.4.0/bin/arm-eabi-gcc
ac_cv_prog_CPP='/home/user/android-ndk/build/prebuilt/linux-x86/arm-eabi-4.4.0/bin/arm-eabi-gcc -E'
ac_cv_prog_CXXCPP='g++ -E'
ac_cv_prog_STRIP=strip
ac_cv_prog_ac_ct_AR=ar
ac_cv_prog_ac_ct_CXX=g++
ac_cv_prog_ac_ct_RANLIB=ranlib
ac_cv_prog_ac_ct_STRIP=strip
ac_cv_prog_cc__home_user_android_ndk_build_prebuilt_linux_x86_arm_eabi_4_4_0_bin_arm_eabi_gcc_c_o=yes
ac_cv_prog_cc_c89=
ac_cv_prog_cc_g=yes
ac_cv_prog_cxx_g=yes
ac_cv_prog_f77_g=no
ac_cv_prog_make_make_set=yes
am_cv_CC_dependencies_compiler_type=gcc3
am_cv_CXX_dependencies_compiler_type=gcc3
lt_cv_deplibs_check_method=unknown
lt_cv_file_magic_cmd='$MAGIC_CMD'
lt_cv_file_magic_test_file=
lt_cv_ld_reload_flag=-r
lt_cv_objdir=.libs
lt_cv_path_LD=/home/user/android-ndk/build/prebuilt/linux-x86/arm-eabi-4.4.0/arm-eabi/bin/ld
lt_cv_path_LDCXX=/home/user/android-ndk/build/prebuilt/linux-x86/arm-eabi-4.4.0/arm-eabi/bin/ld
lt_cv_path_NM=nm
lt_cv_path_SED=/bin/sed
lt_cv_prog_compiler_c_o=yes
lt_cv_prog_compiler_c_o_CXX=yes
lt_cv_prog_compiler_pic_works=yes
lt_cv_prog_compiler_pic_works_CXX=yes
lt_cv_prog_compiler_rtti_exceptions=no
lt_cv_prog_compiler_static_works=no
lt_cv_prog_compiler_static_works_CXX=no
lt_cv_prog_gnu_ld=yes
lt_cv_prog_gnu_ldcxx=yes
lt_cv_sys_global_symbol_pipe='sed -n -e '\''s/^.*[ 	]\([ABCDGIRSTW][ABCDGIRSTW]*\)[ 	][ 	]*\([_A-Za-z][_A-Za-z0-9]*\)$/\1 \2 \2/p'\'''
lt_cv_sys_global_symbol_to_c_name_address='sed -n -e '\''s/^: \([^ ]*\) $/  {\"\1\", (lt_ptr) 0},/p'\'' -e '\''s/^[BCDEGRST] \([^ ]*\) \([^ ]*\)$/  {"\2", (lt_ptr) \&\2},/p'\'''
lt_cv_sys_global_symbol_to_cdecl='sed -n -e '\''s/^. .* \(.*\)$/extern int \1;/p'\'''
lt_cv_sys_lib_dlsearch_path_spec='/lib /usr/lib'
lt_cv_sys_lib_search_path_spec='/home/user/android-ndk/build/prebuilt/linux-x86/arm-eabi-4.4.0/lib/gcc/arm-eabi/4.4.0 /home/user/android-ndk/build/prebuilt/linux-x86/arm-eabi-4.4.0/lib/gcc /home/user/android-ndk/build/prebuilt/linux-x86/arm-eabi-4.4.0/arm-eabi/lib'
lt_cv_sys_max_cmd_len=1572864
lt_lt_cv_prog_compiler_c_o='"yes"'
lt_lt_cv_prog_compiler_c_o_CXX='"yes"'
lt_lt_cv_sys_global_symbol_pipe='"sed -n -e '\''s/^.*[ 	]\\([ABCDGIRSTW][ABCDGIRSTW]*\\)[ 	][ 	]*\\([_A-Za-z][_A-Za-z0-9]*\\)\$/\\1 \\2 \\2/p'\''"'
lt_lt_cv_sys_global_symbol_to_c_name_address='"sed -n -e '\''s/^: \\([^ ]*\\) \$/  {\\\"\\1\\\", (lt_ptr) 0},/p'\'' -e '\''s/^[BCDEGRST] \\([^ ]*\\) \\([^ ]*\\)\$/  {\"\\2\", (lt_ptr) \\&\\2},/p'\''"'
lt_lt_cv_sys_global_symbol_to_cdecl='"sed -n -e '\''s/^. .* \\(.*\\)\$/extern int \\1;/p'\''"'

## ----------------- ##
## Output variables. ##
## ----------------- ##

ACLOCAL='${SHELL} /home/user/android-ndk-r5b/apps/HelloNDK/jni/sox/wavpack-4.60.1/missing --run aclocal-1.10'
AMDEPBACKSLASH='\'
AMDEP_FALSE='#'
AMDEP_TRUE=''
AMTAR='${SHELL} /home/user/android-ndk-r5b/apps/HelloNDK/jni/sox/wavpack-4.60.1/missing --run tar'
AR='ar'
AS='as'
AUTOCONF='${SHELL} /home/user/android-ndk-r5b/apps/HelloNDK/jni/sox/wavpack-4.60.1/missing --run autoconf'
AUTOHEADER='${SHELL} /home/user/android-ndk-r5b/apps/HelloNDK/jni/sox/wavpack-4.60.1/missing --run autoheader'
AUTOMAKE='${SHELL} /home/user/android-ndk-r5b/apps/HelloNDK/jni/sox/wavpack-4.60.1/missing --run automake-1.10'
AWK='gawk'
CC='/home/user/android-ndk/build/prebuilt/linux-x86/arm-eabi-4.4.0/bin/arm-eabi-gcc'
CCDEPMODE='depmode=gcc3'
CFLAGS='-fPIC -DANDROID -nostdlib'
CPP='/home/user/android-ndk/build/prebuilt/linux-x86/arm-eabi-4.4.0/bin/arm-eabi-gcc -E'
CPPFLAGS='-I/home/user/android-ndk/build/platforms/android-3/arch-arm/usr/include/'
CXX='g++'
CXXCPP='g++ -E'
CXXDEPMODE='depmode=gcc3'
CXXFLAGS='-g -O2'
CYGPATH_W='echo'
DEFS=''
DEPDIR='.deps'
DLLTOOL='dlltool'
DSYMUTIL=''
ECHO='echo'
ECHO_C=''
ECHO_N='-n'
ECHO_T=''
EGREP='/bin/grep -E'
ENABLE_MAN_FALSE=''
ENABLE_MAN_TRUE=''
EXEEXT=''
F77=''
FFLAGS=''
GREP='/bin/grep'
ICONV=''
ICONV_LIBS=''
INSTALL_DATA='${INSTALL} -m 644'
INSTALL_PROGRAM='${INSTALL}'
INSTALL_SCRIPT='${INSTALL}'
INSTALL_STRIP_PROGRAM='$(install_sh) -c -s'
LDFLAGS='-Wl,-rpath-link=/home/user/android-ndk/build/platforms/android-3/arch-arm/usr/lib/ -L/home/user/android-ndk/build/platforms/android-3/arch-arm/usr/lib/'
LIBM='-lm'
LIBOBJS=''
LIBS='-lc '
LIBTOOL='$(SHELL) $(top_builddir)/libtool'
LN_S='ln -s'
LTLIBOBJS=''
LT_AGE='1'
LT_CURRENT='2'
LT_REVISION='4'
MAINT='#'
MAINTAINER_MODE_FALSE=''
MAINTAINER_MODE_TRUE='#'
MAKEINFO='${SHELL} /home/user/android-ndk-r5b/apps/HelloNDK/jni/sox/wavpack-4.60.1/missing --run makeinfo'
NMEDIT=''
OBJDUMP='objdump'
OBJEXT='o'
PACKAGE='wavpack'
PACKAGE_BUGREPORT='bryant@wavpack.com'
PACKAGE_NAME='wavpack'
PACKAGE_STRING='wavpack 4.60.1'
PACKAGE_TARNAME='wavpack'
PACKAGE_VERSION='4.60.1'
PATH_SEPARATOR=':'
RANLIB='ranlib'
SED='/bin/sed'
SET_MAKE=''
SHELL='/bin/sh'
STRIP='strip'
VERSION='4.60.1'
XMLCATALOG=''
XML_CATALOG_FILE=''
XSLTPROC=''
ac_ct_CC=''
ac_ct_CXX='g++'
ac_ct_F77=''
am__fastdepCC_FALSE='#'
am__fastdepCC_TRUE=''
am__fastdepCXX_FALSE='#'
am__fastdepCXX_TRUE=''
am__include='include'
am__isrc=''
am__leading_dot='.'
am__quote=''
am__tar='${AMTAR} chof - "$$tardir"'
am__untar='${AMTAR} xf -'
bindir='${exec_prefix}/bin'
build='i686-pc-linux-gnulibc1'
build_alias=''
build_cpu='i686'
build_os='linux-gnulibc1'
build_vendor='pc'
datadir='${datarootdir}'
datarootdir='${prefix}/share'
docdir='${datarootdir}/doc/${PACKAGE_TARNAME}'
dvidir='${docdir}'
exec_prefix='NONE'
host='arm-unknown-eabi'
host_alias='arm-eabi'
host_cpu='arm'
host_os='eabi'
host_vendor='unknown'
htmldir='${docdir}'
includedir='${prefix}/include'
infodir='${datarootdir}/info'
install_sh='$(SHELL) /home/user/android-ndk-r5b/apps/HelloNDK/jni/sox/wavpack-4.60.1/install-sh'
libdir='${exec_prefix}/lib'
libexecdir='${exec_prefix}/libexec'
localedir='${datarootdir}/locale'
localstatedir='${prefix}/var'
mandir='${datarootdir}/man'
mkdir_p='/bin/mkdir -p'
oldincludedir='/usr/include'
pdfdir='${docdir}'
prefix='NONE'
program_transform_name='s,x,x,'
psdir='${docdir}'
sbindir='${exec_prefix}/sbin'
sharedstatedir='${prefix}/com'
sysconfdir='${prefix}/etc'
target_alias=''

## ----------- ##
## confdefs.h. ##
## ----------- ##

#define PACKAGE_NAME "wavpack"
#define PACKAGE_TARNAME "wavpack"
#define PACKAGE_VERSION "4.60.1"
#define PACKAGE_STRING "wavpack 4.60.1"
#define PACKAGE_BUGREPORT "bryant@wavpack.com"
#define LIBWAVPACK_MAJOR 4
#define LIBWAVPACK_MINOR 60
#define LIBWAVPACK_MICRO 1
#define LIBWAVPACK_VERSION_STRING "4.60.1"
#define VERSION_OS "Linux"
#define STDC_HEADERS 1
#define HAVE_SYS_TYPES_H 1
#define HAVE_SYS_STAT_H 1
#define HAVE_STDLIB_H 1
#define HAVE_STRING_H 1
#define HAVE_MEMORY_H 1
#define HAVE_STRINGS_H 1
#define HAVE_INTTYPES_H 1
#define HAVE_STDINT_H 1
#define HAVE_UNISTD_H 1
#define HAVE_DLFCN_H 1
#define STDC_HEADERS 1

configure: exit 1
