This file contains any messages produced by compilers while
running configure, to aid debugging if configure makes a mistake.

It was created by MPEG Audio Decoder configure 0.15.1b, which was
generated by GNU Autoconf 2.59.  Invocation command line was

  $ ./configure --host=arm-eabi

## --------- ##
## Platform. ##
## --------- ##

hostname = localhost.localdomain
uname -m = i686
uname -r = 2.6.35.12-88.fc14.i686
uname -s = Linux
uname -v = #1 SMP Thu Mar 31 22:12:38 UTC 2011

/usr/bin/uname -p = unknown
/bin/uname -X     = unknown

/bin/arch              = i686
/usr/bin/arch -k       = unknown
/usr/convex/getsysinfo = unknown
hostinfo               = unknown
/bin/machine           = unknown
/usr/bin/oslevel       = unknown
/bin/universe          = unknown

PATH: /usr/lib/qt-3.3/bin
PATH: /usr/local/bin
PATH: /usr/bin
PATH: /bin
PATH: /usr/local/sbin
PATH: /usr/sbin
PATH: /sbin
PATH: /home/user/bin


## ----------- ##
## Core tests. ##
## ----------- ##

configure:1577: checking for a BSD-compatible install
configure:1632: result: /usr/bin/install -c
configure:1643: checking whether build environment is sane
configure:1686: result: yes
configure:1743: checking for gawk
configure:1759: found /usr/bin/gawk
configure:1769: result: gawk
configure:1779: checking whether make sets $(MAKE)
configure:1799: result: yes
configure:1878: checking for arm-eabi-strip
configure:1907: result: no
configure:1916: checking for strip
configure:1932: found /usr/bin/strip
configure:1943: result: strip
configure:1974: checking build system type
configure:1992: result: i686-pc-linux-gnulibc1
configure:2000: checking host system type
configure:2014: result: arm-unknown-eabi
configure:2032: checking for arm-eabi-gcc
configure:2058: result: /home/user/android-ndk/build/prebuilt/linux-x86/arm-eabi-4.4.0/bin/arm-eabi-gcc
configure:2340: checking for C compiler version
configure:2343: /home/user/android-ndk/build/prebuilt/linux-x86/arm-eabi-4.4.0/bin/arm-eabi-gcc --version </dev/null >&5
arm-eabi-gcc (GCC) 4.4.0
Copyright (C) 2009 Free Software Foundation, Inc.
This is free software; see the source for copying conditions.  There is NO
warranty; not even for MERCHANTABILITY or FITNESS FOR A PARTICULAR PURPOSE.

configure:2346: $? = 0
configure:2348: /home/user/android-ndk/build/prebuilt/linux-x86/arm-eabi-4.4.0/bin/arm-eabi-gcc -v </dev/null >&5
Using built-in specs.
Target: arm-eabi
Configured with: /tmp/xsrc/build/../gcc/gcc-4.4.0/configure --prefix=/tmp/xndk/build/prebuilt/linux-x86/arm-eabi-4.4.0 --target=arm-eabi --host=x86_64-unknown-linux-gnu --build=x86_64-unknown-linux-gnu --enable-languages=c,c++ --with-gmp=/tmp/ndk-prebuilt-939/toolchain-arm-eabi-4.4.0/temp-install --with-mpfr=/tmp/ndk-prebuilt-939/toolchain-arm-eabi-4.4.0/temp-install --disable-libssp --enable-threads --disable-nls --disable-libmudflap --disable-libgomp --disable-libstdc__-v3 --disable-sjlj-exceptions --disable-shared --disable-tls --with-float=soft --with-fpu=vfp --with-arch=armv5te --enable-target-optspace --with-abi=aapcs --disable-nls --prefix=/tmp/xndk/build/prebuilt/linux-x86/arm-eabi-4.4.0 --with-sysroot=/opt/digit/repo/froyo/ndk/build/platforms/android-3/arch-arm --with-binutils-version=2.19 --with-gcc-version=4.4.0 --with-gdb-version=6.6 --program-transform-name='s&^&arm-eabi-&'
Thread model: single
gcc version 4.4.0 (GCC) 
configure:2351: $? = 0
configure:2353: /home/user/android-ndk/build/prebuilt/linux-x86/arm-eabi-4.4.0/bin/arm-eabi-gcc -V </dev/null >&5
arm-eabi-gcc: '-V' option must have argument
configure:2356: $? = 1
configure:2379: checking for C compiler default output file name
configure:2382: /home/user/android-ndk/build/prebuilt/linux-x86/arm-eabi-4.4.0/bin/arm-eabi-gcc -fPIC -DANDROID -nostdlib -I/home/user/android-ndk/build/platforms/android-3/arch-arm/usr/include/ -Wl,-rpath-link=/home/user/android-ndk/build/platforms/android-3/arch-arm/usr/lib/ -L/home/user/android-ndk/build/platforms/android-3/arch-arm/usr/lib/ conftest.c -lc  >&5
/home/user/android-ndk/build/prebuilt/linux-x86/arm-eabi-4.4.0/bin/../lib/gcc/arm-eabi/4.4.0/../../../../arm-eabi/bin/ld: warning: cannot find entry symbol _start; defaulting to 00008278
configure:2385: $? = 0
configure:2431: result: a.out
configure:2436: checking whether the C compiler works
configure:2442: ./a.out
./configure: line 2443: ./a.out: cannot execute binary file
configure:2445: $? = 126
configure:2462: result: yes
configure:2469: checking whether we are cross compiling
configure:2471: result: yes
configure:2474: checking for suffix of executables
configure:2476: /home/user/android-ndk/build/prebuilt/linux-x86/arm-eabi-4.4.0/bin/arm-eabi-gcc -o conftest -fPIC -DANDROID -nostdlib -I/home/user/android-ndk/build/platforms/android-3/arch-arm/usr/include/ -Wl,-rpath-link=/home/user/android-ndk/build/platforms/android-3/arch-arm/usr/lib/ -L/home/user/android-ndk/build/platforms/android-3/arch-arm/usr/lib/ conftest.c -lc  >&5
/home/user/android-ndk/build/prebuilt/linux-x86/arm-eabi-4.4.0/bin/../lib/gcc/arm-eabi/4.4.0/../../../../arm-eabi/bin/ld: warning: cannot find entry symbol _start; defaulting to 00008278
configure:2479: $? = 0
configure:2504: result: 
configure:2510: checking for suffix of object files
configure:2531: /home/user/android-ndk/build/prebuilt/linux-x86/arm-eabi-4.4.0/bin/arm-eabi-gcc -c -fPIC -DANDROID -nostdlib -I/home/user/android-ndk/build/platforms/android-3/arch-arm/usr/include/ conftest.c >&5
configure:2534: $? = 0
configure:2556: result: o
configure:2560: checking whether we are using the GNU C compiler
configure:2584: /home/user/android-ndk/build/prebuilt/linux-x86/arm-eabi-4.4.0/bin/arm-eabi-gcc -c -fPIC -DANDROID -nostdlib -I/home/user/android-ndk/build/platforms/android-3/arch-arm/usr/include/ conftest.c >&5
configure:2590: $? = 0
configure:2593: test -z 			 || test ! -s conftest.err
configure:2596: $? = 0
configure:2599: test -s conftest.o
configure:2602: $? = 0
configure:2615: result: yes
configure:2621: checking whether /home/user/android-ndk/build/prebuilt/linux-x86/arm-eabi-4.4.0/bin/arm-eabi-gcc accepts -g
configure:2642: /home/user/android-ndk/build/prebuilt/linux-x86/arm-eabi-4.4.0/bin/arm-eabi-gcc -c -g -I/home/user/android-ndk/build/platforms/android-3/arch-arm/usr/include/ conftest.c >&5
configure:2648: $? = 0
configure:2651: test -z 			 || test ! -s conftest.err
configure:2654: $? = 0
configure:2657: test -s conftest.o
configure:2660: $? = 0
configure:2671: result: yes
configure:2688: checking for /home/user/android-ndk/build/prebuilt/linux-x86/arm-eabi-4.4.0/bin/arm-eabi-gcc option to accept ANSI C
configure:2758: /home/user/android-ndk/build/prebuilt/linux-x86/arm-eabi-4.4.0/bin/arm-eabi-gcc  -c -fPIC -DANDROID -nostdlib -I/home/user/android-ndk/build/platforms/android-3/arch-arm/usr/include/ conftest.c >&5
configure:2764: $? = 0
configure:2767: test -z 			 || test ! -s conftest.err
configure:2770: $? = 0
configure:2773: test -s conftest.o
configure:2776: $? = 0
configure:2794: result: none needed
configure:2812: /home/user/android-ndk/build/prebuilt/linux-x86/arm-eabi-4.4.0/bin/arm-eabi-gcc -c -fPIC -DANDROID -nostdlib -I/home/user/android-ndk/build/platforms/android-3/arch-arm/usr/include/ conftest.c >&5
conftest.c:2: error: expected '=', ',', ';', 'asm' or '__attribute__' before 'me'
configure:2818: $? = 1
configure: failed program was:
| #ifndef __cplusplus
|   choke me
| #endif
configure:2959: checking for style of include used by make
configure:2987: result: GNU
configure:3015: checking dependency style of /home/user/android-ndk/build/prebuilt/linux-x86/arm-eabi-4.4.0/bin/arm-eabi-gcc
configure:3098: result: gcc3
configure:3210: checking for a sed that does not truncate output
configure:3264: result: /bin/sed
configure:3267: checking for egrep
configure:3277: result: grep -E
configure:3293: checking for ld used by /home/user/android-ndk/build/prebuilt/linux-x86/arm-eabi-4.4.0/bin/arm-eabi-gcc
configure:3360: result: /home/user/android-ndk/build/prebuilt/linux-x86/arm-eabi-4.4.0/arm-eabi/bin/ld
configure:3369: checking if the linker (/home/user/android-ndk/build/prebuilt/linux-x86/arm-eabi-4.4.0/arm-eabi/bin/ld) is GNU ld
configure:3384: result: yes
configure:3389: checking for /home/user/android-ndk/build/prebuilt/linux-x86/arm-eabi-4.4.0/arm-eabi/bin/ld option to reload object files
configure:3396: result: -r
configure:3405: checking for BSD-compatible nm
configure:3447: result: nm
configure:3451: checking whether ln -s works
configure:3455: result: yes
configure:3462: checking how to recognise dependent libraries
configure:3636: result: unknown
configure:3849: checking how to run the C preprocessor
configure:3884: /home/user/android-ndk/build/prebuilt/linux-x86/arm-eabi-4.4.0/bin/arm-eabi-gcc -E -I/home/user/android-ndk/build/platforms/android-3/arch-arm/usr/include/ conftest.c
configure:3890: $? = 0
configure:3922: /home/user/android-ndk/build/prebuilt/linux-x86/arm-eabi-4.4.0/bin/arm-eabi-gcc -E -I/home/user/android-ndk/build/platforms/android-3/arch-arm/usr/include/ conftest.c
conftest.c:11:28: error: ac_nonexistent.h: No such file or directory
configure:3928: $? = 1
configure: failed program was:
| /* confdefs.h.  */
| 
| #define PACKAGE_NAME "MPEG Audio Decoder"
| #define PACKAGE_TARNAME "libmad"
| #define PACKAGE_VERSION "0.15.1b"
| #define PACKAGE_STRING "MPEG Audio Decoder 0.15.1b"
| #define PACKAGE_BUGREPORT "support@underbit.com"
| #define PACKAGE "libmad"
| #define VERSION "0.15.1b"
| /* end confdefs.h.  */
| #include <ac_nonexistent.h>
configure:3967: result: /home/user/android-ndk/build/prebuilt/linux-x86/arm-eabi-4.4.0/bin/arm-eabi-gcc -E
configure:3991: /home/user/android-ndk/build/prebuilt/linux-x86/arm-eabi-4.4.0/bin/arm-eabi-gcc -E -I/home/user/android-ndk/build/platforms/android-3/arch-arm/usr/include/ conftest.c
configure:3997: $? = 0
configure:4029: /home/user/android-ndk/build/prebuilt/linux-x86/arm-eabi-4.4.0/bin/arm-eabi-gcc -E -I/home/user/android-ndk/build/platforms/android-3/arch-arm/usr/include/ conftest.c
conftest.c:11:28: error: ac_nonexistent.h: No such file or directory
configure:4035: $? = 1
configure: failed program was:
| /* confdefs.h.  */
| 
| #define PACKAGE_NAME "MPEG Audio Decoder"
| #define PACKAGE_TARNAME "libmad"
| #define PACKAGE_VERSION "0.15.1b"
| #define PACKAGE_STRING "MPEG Audio Decoder 0.15.1b"
| #define PACKAGE_BUGREPORT "support@underbit.com"
| #define PACKAGE "libmad"
| #define VERSION "0.15.1b"
| /* end confdefs.h.  */
| #include <ac_nonexistent.h>
configure:4079: checking for ANSI C header files
configure:4104: /home/user/android-ndk/build/prebuilt/linux-x86/arm-eabi-4.4.0/bin/arm-eabi-gcc -c -fPIC -DANDROID -nostdlib -I/home/user/android-ndk/build/platforms/android-3/arch-arm/usr/include/ conftest.c >&5
configure:4110: $? = 0
configure:4113: test -z 			 || test ! -s conftest.err
configure:4116: $? = 0
configure:4119: test -s conftest.o
configure:4122: $? = 0
configure:4234: result: yes
configure:4258: checking for sys/types.h
configure:4274: /home/user/android-ndk/build/prebuilt/linux-x86/arm-eabi-4.4.0/bin/arm-eabi-gcc -c -fPIC -DANDROID -nostdlib -I/home/user/android-ndk/build/platforms/android-3/arch-arm/usr/include/ conftest.c >&5
configure:4280: $? = 0
configure:4283: test -z 			 || test ! -s conftest.err
configure:4286: $? = 0
configure:4289: test -s conftest.o
configure:4292: $? = 0
configure:4303: result: yes
configure:4258: checking for sys/stat.h
configure:4274: /home/user/android-ndk/build/prebuilt/linux-x86/arm-eabi-4.4.0/bin/arm-eabi-gcc -c -fPIC -DANDROID -nostdlib -I/home/user/android-ndk/build/platforms/android-3/arch-arm/usr/include/ conftest.c >&5
configure:4280: $? = 0
configure:4283: test -z 			 || test ! -s conftest.err
configure:4286: $? = 0
configure:4289: test -s conftest.o
configure:4292: $? = 0
configure:4303: result: yes
configure:4258: checking for stdlib.h
configure:4274: /home/user/android-ndk/build/prebuilt/linux-x86/arm-eabi-4.4.0/bin/arm-eabi-gcc -c -fPIC -DANDROID -nostdlib -I/home/user/android-ndk/build/platforms/android-3/arch-arm/usr/include/ conftest.c >&5
configure:4280: $? = 0
configure:4283: test -z 			 || test ! -s conftest.err
configure:4286: $? = 0
configure:4289: test -s conftest.o
configure:4292: $? = 0
configure:4303: result: yes
configure:4258: checking for string.h
configure:4274: /home/user/android-ndk/build/prebuilt/linux-x86/arm-eabi-4.4.0/bin/arm-eabi-gcc -c -fPIC -DANDROID -nostdlib -I/home/user/android-ndk/build/platforms/android-3/arch-arm/usr/include/ conftest.c >&5
configure:4280: $? = 0
configure:4283: test -z 			 || test ! -s conftest.err
configure:4286: $? = 0
configure:4289: test -s conftest.o
configure:4292: $? = 0
configure:4303: result: yes
configure:4258: checking for memory.h
configure:4274: /home/user/android-ndk/build/prebuilt/linux-x86/arm-eabi-4.4.0/bin/arm-eabi-gcc -c -fPIC -DANDROID -nostdlib -I/home/user/android-ndk/build/platforms/android-3/arch-arm/usr/include/ conftest.c >&5
configure:4280: $? = 0
configure:4283: test -z 			 || test ! -s conftest.err
configure:4286: $? = 0
configure:4289: test -s conftest.o
configure:4292: $? = 0
configure:4303: result: yes
configure:4258: checking for strings.h
configure:4274: /home/user/android-ndk/build/prebuilt/linux-x86/arm-eabi-4.4.0/bin/arm-eabi-gcc -c -fPIC -DANDROID -nostdlib -I/home/user/android-ndk/build/platforms/android-3/arch-arm/usr/include/ conftest.c >&5
configure:4280: $? = 0
configure:4283: test -z 			 || test ! -s conftest.err
configure:4286: $? = 0
configure:4289: test -s conftest.o
configure:4292: $? = 0
configure:4303: result: yes
configure:4258: checking for inttypes.h
configure:4274: /home/user/android-ndk/build/prebuilt/linux-x86/arm-eabi-4.4.0/bin/arm-eabi-gcc -c -fPIC -DANDROID -nostdlib -I/home/user/android-ndk/build/platforms/android-3/arch-arm/usr/include/ conftest.c >&5
configure:4280: $? = 0
configure:4283: test -z 			 || test ! -s conftest.err
configure:4286: $? = 0
configure:4289: test -s conftest.o
configure:4292: $? = 0
configure:4303: result: yes
configure:4258: checking for stdint.h
configure:4274: /home/user/android-ndk/build/prebuilt/linux-x86/arm-eabi-4.4.0/bin/arm-eabi-gcc -c -fPIC -DANDROID -nostdlib -I/home/user/android-ndk/build/platforms/android-3/arch-arm/usr/include/ conftest.c >&5
configure:4280: $? = 0
configure:4283: test -z 			 || test ! -s conftest.err
configure:4286: $? = 0
configure:4289: test -s conftest.o
configure:4292: $? = 0
configure:4303: result: yes
configure:4258: checking for unistd.h
configure:4274: /home/user/android-ndk/build/prebuilt/linux-x86/arm-eabi-4.4.0/bin/arm-eabi-gcc -c -fPIC -DANDROID -nostdlib -I/home/user/android-ndk/build/platforms/android-3/arch-arm/usr/include/ conftest.c >&5
configure:4280: $? = 0
configure:4283: test -z 			 || test ! -s conftest.err
configure:4286: $? = 0
configure:4289: test -s conftest.o
configure:4292: $? = 0
configure:4303: result: yes
configure:4329: checking dlfcn.h usability
configure:4341: /home/user/android-ndk/build/prebuilt/linux-x86/arm-eabi-4.4.0/bin/arm-eabi-gcc -c -fPIC -DANDROID -nostdlib -I/home/user/android-ndk/build/platforms/android-3/arch-arm/usr/include/ conftest.c >&5
configure:4347: $? = 0
configure:4350: test -z 			 || test ! -s conftest.err
configure:4353: $? = 0
configure:4356: test -s conftest.o
configure:4359: $? = 0
configure:4369: result: yes
configure:4373: checking dlfcn.h presence
configure:4383: /home/user/android-ndk/build/prebuilt/linux-x86/arm-eabi-4.4.0/bin/arm-eabi-gcc -E -I/home/user/android-ndk/build/platforms/android-3/arch-arm/usr/include/ conftest.c
configure:4389: $? = 0
configure:4409: result: yes
configure:4444: checking for dlfcn.h
configure:4451: result: yes
configure:4474: checking for arm-eabi-g++
configure:4503: result: no
configure:4474: checking for arm-eabi-c++
configure:4503: result: no
configure:4474: checking for arm-eabi-gpp
configure:4503: result: no
configure:4474: checking for arm-eabi-aCC
configure:4503: result: no
configure:4474: checking for arm-eabi-CC
configure:4503: result: no
configure:4474: checking for arm-eabi-cxx
configure:4503: result: no
configure:4474: checking for arm-eabi-cc++
configure:4503: result: no
configure:4474: checking for arm-eabi-cl
configure:4503: result: no
configure:4474: checking for arm-eabi-FCC
configure:4503: result: no
configure:4474: checking for arm-eabi-KCC
configure:4503: result: no
configure:4474: checking for arm-eabi-RCC
configure:4503: result: no
configure:4474: checking for arm-eabi-xlC_r
configure:4503: result: no
configure:4474: checking for arm-eabi-xlC
configure:4503: result: no
configure:4516: checking for g++
configure:4532: found /usr/bin/g++
configure:4542: result: g++
configure:4558: checking for C++ compiler version
configure:4561: g++ --version </dev/null >&5
g++ (GCC) 4.5.1 20100924 (Red Hat 4.5.1-4)
Copyright (C) 2010 Free Software Foundation, Inc.
This is free software; see the source for copying conditions.  There is NO
warranty; not even for MERCHANTABILITY or FITNESS FOR A PARTICULAR PURPOSE.

configure:4564: $? = 0
configure:4566: g++ -v </dev/null >&5
Using built-in specs.
COLLECT_GCC=g++
COLLECT_LTO_WRAPPER=/usr/libexec/gcc/i686-redhat-linux/4.5.1/lto-wrapper
Target: i686-redhat-linux
Configured with: ../configure --prefix=/usr --mandir=/usr/share/man --infodir=/usr/share/info --with-bugurl=http://bugzilla.redhat.com/bugzilla --enable-bootstrap --enable-shared --enable-threads=posix --enable-checking=release --with-system-zlib --enable-__cxa_atexit --disable-libunwind-exceptions --enable-gnu-unique-object --enable-linker-build-id --enable-languages=c,c++,objc,obj-c++,java,fortran,ada,lto --enable-plugin --enable-java-awt=gtk --disable-dssi --with-java-home=/usr/lib/jvm/java-1.5.0-gcj-1.5.0.0/jre --enable-libgcj-multifile --enable-java-maintainer-mode --with-ecj-jar=/usr/share/java/eclipse-ecj.jar --disable-libjava-multilib --with-ppl --with-cloog --with-tune=generic --with-arch=i686 --build=i686-redhat-linux
Thread model: posix
gcc version 4.5.1 20100924 (Red Hat 4.5.1-4) (GCC) 
configure:4569: $? = 0
configure:4571: g++ -V </dev/null >&5
g++: '-V' option must have argument
configure:4574: $? = 1
configure:4577: checking whether we are using the GNU C++ compiler
configure:4601: g++ -c  -I/home/user/android-ndk/build/platforms/android-3/arch-arm/usr/include/ conftest.cc >&5
configure:4607: $? = 0
configure:4610: test -z 			 || test ! -s conftest.err
configure:4613: $? = 0
configure:4616: test -s conftest.o
configure:4619: $? = 0
configure:4632: result: yes
configure:4638: checking whether g++ accepts -g
configure:4659: g++ -c -g -I/home/user/android-ndk/build/platforms/android-3/arch-arm/usr/include/ conftest.cc >&5
configure:4665: $? = 0
configure:4668: test -z 			 || test ! -s conftest.err
configure:4671: $? = 0
configure:4674: test -s conftest.o
configure:4677: $? = 0
configure:4688: result: yes
configure:4730: g++ -c -g -O2 -I/home/user/android-ndk/build/platforms/android-3/arch-arm/usr/include/ conftest.cc >&5
In file included from /home/user/android-ndk/build/platforms/android-3/arch-arm/usr/include/sys/_types.h:40:0,
                 from /home/user/android-ndk/build/platforms/android-3/arch-arm/usr/include/stdint.h:32,
                 from /home/user/android-ndk/build/platforms/android-3/arch-arm/usr/include/sys/types.h:34,
                 from /home/user/android-ndk/build/platforms/android-3/arch-arm/usr/include/strings.h:42,
                 from /home/user/android-ndk/build/platforms/android-3/arch-arm/usr/include/stdlib.h:42,
                 from conftest.cc:23:
/home/user/android-ndk/build/platforms/android-3/arch-arm/usr/include/machine/_types.h:44:24: error: conflicting declaration 'typedef long unsigned int size_t'
/usr/lib/gcc/i686-redhat-linux/4.5.1/include/stddef.h:211:23: error: 'size_t' has a previous declaration as 'typedef unsigned int size_t'
/home/user/android-ndk/build/platforms/android-3/arch-arm/usr/include/machine/_types.h:46:24: error: conflicting declaration 'typedef long int ptrdiff_t'
/usr/lib/gcc/i686-redhat-linux/4.5.1/include/stddef.h:149:26: error: 'ptrdiff_t' has a previous declaration as 'typedef int ptrdiff_t'
configure:4736: $? = 1
configure: failed program was:
| /* confdefs.h.  */
| 
| #define PACKAGE_NAME "MPEG Audio Decoder"
| #define PACKAGE_TARNAME "libmad"
| #define PACKAGE_VERSION "0.15.1b"
| #define PACKAGE_STRING "MPEG Audio Decoder 0.15.1b"
| #define PACKAGE_BUGREPORT "support@underbit.com"
| #define PACKAGE "libmad"
| #define VERSION "0.15.1b"
| #define STDC_HEADERS 1
| #define HAVE_SYS_TYPES_H 1
| #define HAVE_SYS_STAT_H 1
| #define HAVE_STDLIB_H 1
| #define HAVE_STRING_H 1
| #define HAVE_MEMORY_H 1
| #define HAVE_STRINGS_H 1
| #define HAVE_INTTYPES_H 1
| #define HAVE_STDINT_H 1
| #define HAVE_UNISTD_H 1
| #define HAVE_DLFCN_H 1
| /* end confdefs.h.  */
| 
| #include <stdlib.h>
| int
| main ()
| {
| exit (42);
|   ;
|   return 0;
| }
configure:4730: g++ -c -g -O2 -I/home/user/android-ndk/build/platforms/android-3/arch-arm/usr/include/ conftest.cc >&5
conftest.cc:22:40: error: 'void std::exit(int)' should have been declared inside 'std'
In file included from /home/user/android-ndk/build/platforms/android-3/arch-arm/usr/include/sys/_types.h:40:0,
                 from /home/user/android-ndk/build/platforms/android-3/arch-arm/usr/include/stdint.h:32,
                 from /home/user/android-ndk/build/platforms/android-3/arch-arm/usr/include/sys/types.h:34,
                 from /home/user/android-ndk/build/platforms/android-3/arch-arm/usr/include/strings.h:42,
                 from /home/user/android-ndk/build/platforms/android-3/arch-arm/usr/include/stdlib.h:42,
                 from conftest.cc:23:
/home/user/android-ndk/build/platforms/android-3/arch-arm/usr/include/machine/_types.h:44:24: error: conflicting declaration 'typedef long unsigned int size_t'
/usr/lib/gcc/i686-redhat-linux/4.5.1/include/stddef.h:211:23: error: 'size_t' has a previous declaration as 'typedef unsigned int size_t'
/home/user/android-ndk/build/platforms/android-3/arch-arm/usr/include/machine/_types.h:46:24: error: conflicting declaration 'typedef long int ptrdiff_t'
/usr/lib/gcc/i686-redhat-linux/4.5.1/include/stddef.h:149:26: error: 'ptrdiff_t' has a previous declaration as 'typedef int ptrdiff_t'
In file included from conftest.cc:23:0:
/home/user/android-ndk/build/platforms/android-3/arch-arm/usr/include/stdlib.h:50:32: warning: declaration of 'void exit(int)' with C language linkage
conftest.cc:22:17: warning: conflicts with previous declaration 'void std::exit(int)'
/home/user/android-ndk/build/platforms/android-3/arch-arm/usr/include/stdlib.h:50:32: warning: due to different exception specifications
configure:4736: $? = 1
configure: failed program was:
| /* confdefs.h.  */
| 
| #define PACKAGE_NAME "MPEG Audio Decoder"
| #define PACKAGE_TARNAME "libmad"
| #define PACKAGE_VERSION "0.15.1b"
| #define PACKAGE_STRING "MPEG Audio Decoder 0.15.1b"
| #define PACKAGE_BUGREPORT "support@underbit.com"
| #define PACKAGE "libmad"
| #define VERSION "0.15.1b"
| #define STDC_HEADERS 1
| #define HAVE_SYS_TYPES_H 1
| #define HAVE_SYS_STAT_H 1
| #define HAVE_STDLIB_H 1
| #define HAVE_STRING_H 1
| #define HAVE_MEMORY_H 1
| #define HAVE_STRINGS_H 1
| #define HAVE_INTTYPES_H 1
| #define HAVE_STDINT_H 1
| #define HAVE_UNISTD_H 1
| #define HAVE_DLFCN_H 1
| /* end confdefs.h.  */
| extern "C" void std::exit (int) throw (); using std::exit;
| #include <stdlib.h>
| int
| main ()
| {
| exit (42);
|   ;
|   return 0;
| }
configure:4730: g++ -c -g -O2 -I/home/user/android-ndk/build/platforms/android-3/arch-arm/usr/include/ conftest.cc >&5
conftest.cc:22:31: error: 'void std::exit(int)' should have been declared inside 'std'
In file included from /home/user/android-ndk/build/platforms/android-3/arch-arm/usr/include/sys/_types.h:40:0,
                 from /home/user/android-ndk/build/platforms/android-3/arch-arm/usr/include/stdint.h:32,
                 from /home/user/android-ndk/build/platforms/android-3/arch-arm/usr/include/sys/types.h:34,
                 from /home/user/android-ndk/build/platforms/android-3/arch-arm/usr/include/strings.h:42,
                 from /home/user/android-ndk/build/platforms/android-3/arch-arm/usr/include/stdlib.h:42,
                 from conftest.cc:23:
/home/user/android-ndk/build/platforms/android-3/arch-arm/usr/include/machine/_types.h:44:24: error: conflicting declaration 'typedef long unsigned int size_t'
/usr/lib/gcc/i686-redhat-linux/4.5.1/include/stddef.h:211:23: error: 'size_t' has a previous declaration as 'typedef unsigned int size_t'
/home/user/android-ndk/build/platforms/android-3/arch-arm/usr/include/machine/_types.h:46:24: error: conflicting declaration 'typedef long int ptrdiff_t'
/usr/lib/gcc/i686-redhat-linux/4.5.1/include/stddef.h:149:26: error: 'ptrdiff_t' has a previous declaration as 'typedef int ptrdiff_t'
configure:4736: $? = 1
configure: failed program was:
| /* confdefs.h.  */
| 
| #define PACKAGE_NAME "MPEG Audio Decoder"
| #define PACKAGE_TARNAME "libmad"
| #define PACKAGE_VERSION "0.15.1b"
| #define PACKAGE_STRING "MPEG Audio Decoder 0.15.1b"
| #define PACKAGE_BUGREPORT "support@underbit.com"
| #define PACKAGE "libmad"
| #define VERSION "0.15.1b"
| #define STDC_HEADERS 1
| #define HAVE_SYS_TYPES_H 1
| #define HAVE_SYS_STAT_H 1
| #define HAVE_STDLIB_H 1
| #define HAVE_STRING_H 1
| #define HAVE_MEMORY_H 1
| #define HAVE_STRINGS_H 1
| #define HAVE_INTTYPES_H 1
| #define HAVE_STDINT_H 1
| #define HAVE_UNISTD_H 1
| #define HAVE_DLFCN_H 1
| /* end confdefs.h.  */
| extern "C" void std::exit (int); using std::exit;
| #include <stdlib.h>
| int
| main ()
| {
| exit (42);
|   ;
|   return 0;
| }
configure:4730: g++ -c -g -O2 -I/home/user/android-ndk/build/platforms/android-3/arch-arm/usr/include/ conftest.cc >&5
In file included from /home/user/android-ndk/build/platforms/android-3/arch-arm/usr/include/sys/_types.h:40:0,
                 from /home/user/android-ndk/build/platforms/android-3/arch-arm/usr/include/stdint.h:32,
                 from /home/user/android-ndk/build/platforms/android-3/arch-arm/usr/include/sys/types.h:34,
                 from /home/user/android-ndk/build/platforms/android-3/arch-arm/usr/include/strings.h:42,
                 from /home/user/android-ndk/build/platforms/android-3/arch-arm/usr/include/stdlib.h:42,
                 from conftest.cc:23:
/home/user/android-ndk/build/platforms/android-3/arch-arm/usr/include/machine/_types.h:44:24: error: conflicting declaration 'typedef long unsigned int size_t'
/usr/lib/gcc/i686-redhat-linux/4.5.1/include/stddef.h:211:23: error: 'size_t' has a previous declaration as 'typedef unsigned int size_t'
/home/user/android-ndk/build/platforms/android-3/arch-arm/usr/include/machine/_types.h:46:24: error: conflicting declaration 'typedef long int ptrdiff_t'
/usr/lib/gcc/i686-redhat-linux/4.5.1/include/stddef.h:149:26: error: 'ptrdiff_t' has a previous declaration as 'typedef int ptrdiff_t'
In file included from conftest.cc:23:0:
/home/user/android-ndk/build/platforms/android-3/arch-arm/usr/include/stdlib.h:50:32: error: declaration of 'void exit(int)' throws different exceptions
conftest.cc:22:17: error: from previous declaration 'void exit(int) throw ()'
configure:4736: $? = 1
configure: failed program was:
| /* confdefs.h.  */
| 
| #define PACKAGE_NAME "MPEG Audio Decoder"
| #define PACKAGE_TARNAME "libmad"
| #define PACKAGE_VERSION "0.15.1b"
| #define PACKAGE_STRING "MPEG Audio Decoder 0.15.1b"
| #define PACKAGE_BUGREPORT "support@underbit.com"
| #define PACKAGE "libmad"
| #define VERSION "0.15.1b"
| #define STDC_HEADERS 1
| #define HAVE_SYS_TYPES_H 1
| #define HAVE_SYS_STAT_H 1
| #define HAVE_STDLIB_H 1
| #define HAVE_STRING_H 1
| #define HAVE_MEMORY_H 1
| #define HAVE_STRINGS_H 1
| #define HAVE_INTTYPES_H 1
| #define HAVE_STDINT_H 1
| #define HAVE_UNISTD_H 1
| #define HAVE_DLFCN_H 1
| /* end confdefs.h.  */
| extern "C" void exit (int) throw ();
| #include <stdlib.h>
| int
| main ()
| {
| exit (42);
|   ;
|   return 0;
| }
configure:4730: g++ -c -g -O2 -I/home/user/android-ndk/build/platforms/android-3/arch-arm/usr/include/ conftest.cc >&5
In file included from /home/user/android-ndk/build/platforms/android-3/arch-arm/usr/include/sys/_types.h:40:0,
                 from /home/user/android-ndk/build/platforms/android-3/arch-arm/usr/include/stdint.h:32,
                 from /home/user/android-ndk/build/platforms/android-3/arch-arm/usr/include/sys/types.h:34,
                 from /home/user/android-ndk/build/platforms/android-3/arch-arm/usr/include/strings.h:42,
                 from /home/user/android-ndk/build/platforms/android-3/arch-arm/usr/include/stdlib.h:42,
                 from conftest.cc:23:
/home/user/android-ndk/build/platforms/android-3/arch-arm/usr/include/machine/_types.h:44:24: error: conflicting declaration 'typedef long unsigned int size_t'
/usr/lib/gcc/i686-redhat-linux/4.5.1/include/stddef.h:211:23: error: 'size_t' has a previous declaration as 'typedef unsigned int size_t'
/home/user/android-ndk/build/platforms/android-3/arch-arm/usr/include/machine/_types.h:46:24: error: conflicting declaration 'typedef long int ptrdiff_t'
/usr/lib/gcc/i686-redhat-linux/4.5.1/include/stddef.h:149:26: error: 'ptrdiff_t' has a previous declaration as 'typedef int ptrdiff_t'
configure:4736: $? = 1
configure: failed program was:
| /* confdefs.h.  */
| 
| #define PACKAGE_NAME "MPEG Audio Decoder"
| #define PACKAGE_TARNAME "libmad"
| #define PACKAGE_VERSION "0.15.1b"
| #define PACKAGE_STRING "MPEG Audio Decoder 0.15.1b"
| #define PACKAGE_BUGREPORT "support@underbit.com"
| #define PACKAGE "libmad"
| #define VERSION "0.15.1b"
| #define STDC_HEADERS 1
| #define HAVE_SYS_TYPES_H 1
| #define HAVE_SYS_STAT_H 1
| #define HAVE_STDLIB_H 1
| #define HAVE_STRING_H 1
| #define HAVE_MEMORY_H 1
| #define HAVE_STRINGS_H 1
| #define HAVE_INTTYPES_H 1
| #define HAVE_STDINT_H 1
| #define HAVE_UNISTD_H 1
| #define HAVE_DLFCN_H 1
| /* end confdefs.h.  */
| extern "C" void exit (int);
| #include <stdlib.h>
| int
| main ()
| {
| exit (42);
|   ;
|   return 0;
| }
configure:4730: g++ -c -g -O2 -I/home/user/android-ndk/build/platforms/android-3/arch-arm/usr/include/ conftest.cc >&5
In file included from /home/user/android-ndk/build/platforms/android-3/arch-arm/usr/include/sys/_types.h:40:0,
                 from /home/user/android-ndk/build/platforms/android-3/arch-arm/usr/include/stdint.h:32,
                 from /home/user/android-ndk/build/platforms/android-3/arch-arm/usr/include/sys/types.h:34,
                 from /home/user/android-ndk/build/platforms/android-3/arch-arm/usr/include/strings.h:42,
                 from /home/user/android-ndk/build/platforms/android-3/arch-arm/usr/include/stdlib.h:42,
                 from conftest.cc:23:
/home/user/android-ndk/build/platforms/android-3/arch-arm/usr/include/machine/_types.h:44:24: error: conflicting declaration 'typedef long unsigned int size_t'
/usr/lib/gcc/i686-redhat-linux/4.5.1/include/stddef.h:211:23: error: 'size_t' has a previous declaration as 'typedef unsigned int size_t'
/home/user/android-ndk/build/platforms/android-3/arch-arm/usr/include/machine/_types.h:46:24: error: conflicting declaration 'typedef long int ptrdiff_t'
/usr/lib/gcc/i686-redhat-linux/4.5.1/include/stddef.h:149:26: error: 'ptrdiff_t' has a previous declaration as 'typedef int ptrdiff_t'
In file included from conftest.cc:23:0:
conftest.cc:22:6: error: previous declaration of 'void exit(int)' with 'C++' linkage
/home/user/android-ndk/build/platforms/android-3/arch-arm/usr/include/stdlib.h:50:32: error: conflicts with new declaration with 'C' linkage
configure:4736: $? = 1
configure: failed program was:
| /* confdefs.h.  */
| 
| #define PACKAGE_NAME "MPEG Audio Decoder"
| #define PACKAGE_TARNAME "libmad"
| #define PACKAGE_VERSION "0.15.1b"
| #define PACKAGE_STRING "MPEG Audio Decoder 0.15.1b"
| #define PACKAGE_BUGREPORT "support@underbit.com"
| #define PACKAGE "libmad"
| #define VERSION "0.15.1b"
| #define STDC_HEADERS 1
| #define HAVE_SYS_TYPES_H 1
| #define HAVE_SYS_STAT_H 1
| #define HAVE_STDLIB_H 1
| #define HAVE_STRING_H 1
| #define HAVE_MEMORY_H 1
| #define HAVE_STRINGS_H 1
| #define HAVE_INTTYPES_H 1
| #define HAVE_STDINT_H 1
| #define HAVE_UNISTD_H 1
| #define HAVE_DLFCN_H 1
| /* end confdefs.h.  */
| void exit (int);
| #include <stdlib.h>
| int
| main ()
| {
| exit (42);
|   ;
|   return 0;
| }
configure:4817: checking dependency style of g++
configure:4900: result: gcc3
configure:4922: checking how to run the C++ preprocessor
configure:4953: g++ -E -I/home/user/android-ndk/build/platforms/android-3/arch-arm/usr/include/ conftest.cc
configure:4959: $? = 0
configure:4991: g++ -E -I/home/user/android-ndk/build/platforms/android-3/arch-arm/usr/include/ conftest.cc
conftest.cc:25:28: fatal error: ac_nonexistent.h: No such file or directory
compilation terminated.
configure:4997: $? = 1
configure: failed program was:
| /* confdefs.h.  */
| 
| #define PACKAGE_NAME "MPEG Audio Decoder"
| #define PACKAGE_TARNAME "libmad"
| #define PACKAGE_VERSION "0.15.1b"
| #define PACKAGE_STRING "MPEG Audio Decoder 0.15.1b"
| #define PACKAGE_BUGREPORT "support@underbit.com"
| #define PACKAGE "libmad"
| #define VERSION "0.15.1b"
| #define STDC_HEADERS 1
| #define HAVE_SYS_TYPES_H 1
| #define HAVE_SYS_STAT_H 1
| #define HAVE_STDLIB_H 1
| #define HAVE_STRING_H 1
| #define HAVE_MEMORY_H 1
| #define HAVE_STRINGS_H 1
| #define HAVE_INTTYPES_H 1
| #define HAVE_STDINT_H 1
| #define HAVE_UNISTD_H 1
| #define HAVE_DLFCN_H 1
| #ifdef __cplusplus
| void exit (int);
| #endif
| /* end confdefs.h.  */
| #include <ac_nonexistent.h>
configure:5036: result: g++ -E
configure:5060: g++ -E -I/home/user/android-ndk/build/platforms/android-3/arch-arm/usr/include/ conftest.cc
configure:5066: $? = 0
configure:5098: g++ -E -I/home/user/android-ndk/build/platforms/android-3/arch-arm/usr/include/ conftest.cc
conftest.cc:25:28: fatal error: ac_nonexistent.h: No such file or directory
compilation terminated.
configure:5104: $? = 1
configure: failed program was:
| /* confdefs.h.  */
| 
| #define PACKAGE_NAME "MPEG Audio Decoder"
| #define PACKAGE_TARNAME "libmad"
| #define PACKAGE_VERSION "0.15.1b"
| #define PACKAGE_STRING "MPEG Audio Decoder 0.15.1b"
| #define PACKAGE_BUGREPORT "support@underbit.com"
| #define PACKAGE "libmad"
| #define VERSION "0.15.1b"
| #define STDC_HEADERS 1
| #define HAVE_SYS_TYPES_H 1
| #define HAVE_SYS_STAT_H 1
| #define HAVE_STDLIB_H 1
| #define HAVE_STRING_H 1
| #define HAVE_MEMORY_H 1
| #define HAVE_STRINGS_H 1
| #define HAVE_INTTYPES_H 1
| #define HAVE_STDINT_H 1
| #define HAVE_UNISTD_H 1
| #define HAVE_DLFCN_H 1
| #ifdef __cplusplus
| void exit (int);
| #endif
| /* end confdefs.h.  */
| #include <ac_nonexistent.h>
configure:5157: checking for arm-eabi-g77
configure:5186: result: no
configure:5157: checking for arm-eabi-f77
configure:5186: result: no
configure:5157: checking for arm-eabi-xlf
configure:5186: result: no
configure:5157: checking for arm-eabi-frt
configure:5186: result: no
configure:5157: checking for arm-eabi-pgf77
configure:5186: result: no
configure:5157: checking for arm-eabi-fort77
configure:5186: result: no
configure:5157: checking for arm-eabi-fl32
configure:5186: result: no
configure:5157: checking for arm-eabi-af77
configure:5186: result: no
configure:5157: checking for arm-eabi-f90
configure:5186: result: no
configure:5157: checking for arm-eabi-xlf90
configure:5186: result: no
configure:5157: checking for arm-eabi-pgf90
configure:5186: result: no
configure:5157: checking for arm-eabi-epcf90
configure:5186: result: no
configure:5157: checking for arm-eabi-f95
configure:5186: result: no
configure:5157: checking for arm-eabi-fort
configure:5186: result: no
configure:5157: checking for arm-eabi-xlf95
configure:5186: result: no
configure:5157: checking for arm-eabi-ifc
configure:5186: result: no
configure:5157: checking for arm-eabi-efc
configure:5186: result: no
configure:5157: checking for arm-eabi-pgf95
configure:5186: result: no
configure:5157: checking for arm-eabi-lf95
configure:5186: result: no
configure:5157: checking for arm-eabi-gfortran
configure:5186: result: no
configure:5199: checking for g77
configure:5228: result: no
configure:5199: checking for f77
configure:5228: result: no
configure:5199: checking for xlf
configure:5228: result: no
configure:5199: checking for frt
configure:5228: result: no
configure:5199: checking for pgf77
configure:5228: result: no
configure:5199: checking for fort77
configure:5228: result: no
configure:5199: checking for fl32
configure:5228: result: no
configure:5199: checking for af77
configure:5228: result: no
configure:5199: checking for f90
configure:5228: result: no
configure:5199: checking for xlf90
configure:5228: result: no
configure:5199: checking for pgf90
configure:5228: result: no
configure:5199: checking for epcf90
configure:5228: result: no
configure:5199: checking for f95
configure:5228: result: no
configure:5199: checking for fort
configure:5228: result: no
configure:5199: checking for xlf95
configure:5228: result: no
configure:5199: checking for ifc
configure:5228: result: no
configure:5199: checking for efc
configure:5228: result: no
configure:5199: checking for pgf95
configure:5228: result: no
configure:5199: checking for lf95
configure:5228: result: no
configure:5199: checking for gfortran
configure:5228: result: no
configure:5240: checking for Fortran 77 compiler version
configure:5243:  --version </dev/null >&5
./configure: line 5244: --version: command not found
configure:5246: $? = 127
configure:5248:  -v </dev/null >&5
./configure: line 5249: -v: command not found
configure:5251: $? = 127
configure:5253:  -V </dev/null >&5
./configure: line 5254: -V: command not found
configure:5256: $? = 127
configure:5264: checking whether we are using the GNU Fortran 77 compiler
configure:5278:  -c  conftest.F >&5
./configure: line 5279: -c: command not found
configure:5284: $? = 127
configure: failed program was:
|       program main
| #ifndef __GNUC__
|        choke me
| #endif
| 
|       end
configure:5309: result: no
configure:5315: checking whether  accepts -g
configure:5327:  -c -g conftest.f >&5
./configure: line 5328: -c: command not found
configure:5333: $? = 127
configure: failed program was:
|       program main
| 
|       end
configure:5357: result: no
configure:5387: checking the maximum length of command line arguments
configure:5452: result: 32768
configure:5463: checking command to parse nm output from /home/user/android-ndk/build/prebuilt/linux-x86/arm-eabi-4.4.0/bin/arm-eabi-gcc object
configure:5552: /home/user/android-ndk/build/prebuilt/linux-x86/arm-eabi-4.4.0/bin/arm-eabi-gcc -c -fPIC -DANDROID -nostdlib -I/home/user/android-ndk/build/platforms/android-3/arch-arm/usr/include/ conftest.c >&5
configure:5555: $? = 0
configure:5559: nm conftest.o \| sed -n -e 's/^.*[ 	]\([ABCDGIRSTW][ABCDGIRSTW]*\)[ 	][ 	]*\(\)\([_A-Za-z][_A-Za-z0-9]*\)$/\1 \2\3 \3/p' \> conftest.nm
configure:5562: $? = 0
configure:5614: /home/user/android-ndk/build/prebuilt/linux-x86/arm-eabi-4.4.0/bin/arm-eabi-gcc -o conftest -fPIC -DANDROID -nostdlib -I/home/user/android-ndk/build/platforms/android-3/arch-arm/usr/include/ -Wl,-rpath-link=/home/user/android-ndk/build/platforms/android-3/arch-arm/usr/lib/ -L/home/user/android-ndk/build/platforms/android-3/arch-arm/usr/lib/ conftest.c conftstm.o >&5
/home/user/android-ndk/build/prebuilt/linux-x86/arm-eabi-4.4.0/bin/../lib/gcc/arm-eabi/4.4.0/../../../../arm-eabi/bin/ld: warning: cannot find entry symbol _start; defaulting to 00008094
configure:5617: $? = 0
configure:5655: result: ok
configure:5659: checking for objdir
configure:5674: result: .libs
configure:5726: checking for arm-eabi-ar
configure:5755: result: no
configure:5764: checking for ar
configure:5780: found /usr/bin/ar
configure:5791: result: ar
configure:5806: checking for arm-eabi-ranlib
configure:5835: result: no
configure:5844: checking for ranlib
configure:5860: found /usr/bin/ranlib
configure:5871: result: ranlib
configure:5886: checking for arm-eabi-strip
configure:5912: result: strip
configure:6213: checking if /home/user/android-ndk/build/prebuilt/linux-x86/arm-eabi-4.4.0/bin/arm-eabi-gcc static flag  works
/home/user/android-ndk/build/prebuilt/linux-x86/arm-eabi-4.4.0/bin/../lib/gcc/arm-eabi/4.4.0/../../../../arm-eabi/bin/ld: warning: cannot find entry symbol _start; defaulting to 00008278
configure:6236: result: no
configure:6254: checking if /home/user/android-ndk/build/prebuilt/linux-x86/arm-eabi-4.4.0/bin/arm-eabi-gcc supports -fno-rtti -fno-exceptions
configure:6272: /home/user/android-ndk/build/prebuilt/linux-x86/arm-eabi-4.4.0/bin/arm-eabi-gcc -c -fPIC -DANDROID -nostdlib -I/home/user/android-ndk/build/platforms/android-3/arch-arm/usr/include/ -fno-rtti -fno-exceptions conftest.c >&5
cc1: warning: command line option "-fno-rtti" is valid for C++/ObjC++ but not for C
configure:6276: $? = 0
configure:6287: result: no
configure:6302: checking for /home/user/android-ndk/build/prebuilt/linux-x86/arm-eabi-4.4.0/bin/arm-eabi-gcc option to produce PIC
configure:6479: result: -fPIC
configure:6487: checking if /home/user/android-ndk/build/prebuilt/linux-x86/arm-eabi-4.4.0/bin/arm-eabi-gcc PIC flag -fPIC works
configure:6505: /home/user/android-ndk/build/prebuilt/linux-x86/arm-eabi-4.4.0/bin/arm-eabi-gcc -c -fPIC -DANDROID -nostdlib -I/home/user/android-ndk/build/platforms/android-3/arch-arm/usr/include/ -fPIC -DPIC conftest.c >&5
configure:6509: $? = 0
configure:6520: result: yes
configure:6544: checking if /home/user/android-ndk/build/prebuilt/linux-x86/arm-eabi-4.4.0/bin/arm-eabi-gcc supports -c -o file.o
configure:6565: /home/user/android-ndk/build/prebuilt/linux-x86/arm-eabi-4.4.0/bin/arm-eabi-gcc -c -fPIC -DANDROID -nostdlib -I/home/user/android-ndk/build/platforms/android-3/arch-arm/usr/include/ -o out/conftest2.o conftest.c >&5
configure:6569: $? = 0
configure:6589: result: yes
configure:6615: checking whether the /home/user/android-ndk/build/prebuilt/linux-x86/arm-eabi-4.4.0/bin/arm-eabi-gcc linker (/home/user/android-ndk/build/prebuilt/linux-x86/arm-eabi-4.4.0/arm-eabi/bin/ld) supports shared libraries
configure:7461: result: yes
configure:7487: checking whether -lc should be explicitly linked in
configure:7492: /home/user/android-ndk/build/prebuilt/linux-x86/arm-eabi-4.4.0/bin/arm-eabi-gcc -c -fPIC -DANDROID -nostdlib -I/home/user/android-ndk/build/platforms/android-3/arch-arm/usr/include/ conftest.c >&5
configure:7495: $? = 0
configure:7509: /home/user/android-ndk/build/prebuilt/linux-x86/arm-eabi-4.4.0/bin/arm-eabi-gcc -shared conftest.o  -v -Wl,-soname -Wl,conftest -o conftest 2\>\&1 \| grep  -lc  \>/dev/null 2\>\&1
configure:7512: $? = 1
configure:7524: result: yes
configure:7532: checking dynamic linker characteristics
configure:8072: result: no
configure:8076: checking how to hardcode library paths into programs
configure:8101: result: immediate
configure:8115: checking whether stripping libraries is possible
configure:8120: result: yes
configure:8943: checking if libtool supports shared libraries
configure:8945: result: no
configure:8948: checking whether to build shared libraries
configure:9006: result: no
configure:9009: checking whether to build static libraries
configure:9013: result: yes
configure:9105: creating libtool
configure:9652: checking for ld used by g++
configure:9719: result: /home/user/android-ndk/build/prebuilt/linux-x86/arm-eabi-4.4.0/arm-eabi/bin/ld
configure:9728: checking if the linker (/home/user/android-ndk/build/prebuilt/linux-x86/arm-eabi-4.4.0/arm-eabi/bin/ld) is GNU ld
configure:9743: result: yes
configure:9794: checking whether the g++ linker (/home/user/android-ndk/build/prebuilt/linux-x86/arm-eabi-4.4.0/arm-eabi/bin/ld) supports shared libraries
configure:10620: result: no
configure:10638: g++ -c -g -O2 -I/home/user/android-ndk/build/platforms/android-3/arch-arm/usr/include/ conftest.cc >&5
configure:10641: $? = 0
configure:10737: checking for g++ option to produce PIC
configure:10989: result: -fPIC
configure:10997: checking if g++ PIC flag -fPIC works
configure:11015: g++ -c -g -O2 -I/home/user/android-ndk/build/platforms/android-3/arch-arm/usr/include/ -fPIC -DPIC conftest.cc >&5
configure:11019: $? = 0
configure:11030: result: yes
configure:11054: checking if g++ supports -c -o file.o
configure:11075: g++ -c -g -O2 -I/home/user/android-ndk/build/platforms/android-3/arch-arm/usr/include/ -o out/conftest2.o conftest.cc >&5
configure:11079: $? = 0
configure:11099: result: yes
configure:11125: checking whether the g++ linker (/home/user/android-ndk/build/prebuilt/linux-x86/arm-eabi-4.4.0/arm-eabi/bin/ld) supports shared libraries
configure:11150: result: no
configure:11221: checking dynamic linker characteristics
configure:11761: result: no
configure:11765: checking how to hardcode library paths into programs
configure:11790: result: immediate
configure:11804: checking whether stripping libraries is possible
configure:11809: result: yes
configure:19171: checking for ANSI C header files
configure:19326: result: yes
configure:19336: checking for sys/wait.h that is POSIX.1 compatible
configure:19367: /home/user/android-ndk/build/prebuilt/linux-x86/arm-eabi-4.4.0/bin/arm-eabi-gcc -c -Wall -DANDROID -nostdlib -I/home/user/android-ndk/build/platforms/android-3/arch-arm/usr/include/ conftest.c >&5
configure:19373: $? = 0
configure:19376: test -z 			 || test ! -s conftest.err
configure:19379: $? = 0
configure:19382: test -s conftest.o
configure:19385: $? = 0
configure:19396: result: yes
configure:19425: checking assert.h usability
configure:19437: /home/user/android-ndk/build/prebuilt/linux-x86/arm-eabi-4.4.0/bin/arm-eabi-gcc -c -Wall -DANDROID -nostdlib -I/home/user/android-ndk/build/platforms/android-3/arch-arm/usr/include/ conftest.c >&5
configure:19443: $? = 0
configure:19446: test -z 			 || test ! -s conftest.err
configure:19449: $? = 0
configure:19452: test -s conftest.o
configure:19455: $? = 0
configure:19465: result: yes
configure:19469: checking assert.h presence
configure:19479: /home/user/android-ndk/build/prebuilt/linux-x86/arm-eabi-4.4.0/bin/arm-eabi-gcc -E -I/home/user/android-ndk/build/platforms/android-3/arch-arm/usr/include/ conftest.c
configure:19485: $? = 0
configure:19505: result: yes
configure:19540: checking for assert.h
configure:19547: result: yes
configure:19425: checking limits.h usability
configure:19437: /home/user/android-ndk/build/prebuilt/linux-x86/arm-eabi-4.4.0/bin/arm-eabi-gcc -c -Wall -DANDROID -nostdlib -I/home/user/android-ndk/build/platforms/android-3/arch-arm/usr/include/ conftest.c >&5
configure:19443: $? = 0
configure:19446: test -z 			 || test ! -s conftest.err
configure:19449: $? = 0
configure:19452: test -s conftest.o
configure:19455: $? = 0
configure:19465: result: yes
configure:19469: checking limits.h presence
configure:19479: /home/user/android-ndk/build/prebuilt/linux-x86/arm-eabi-4.4.0/bin/arm-eabi-gcc -E -I/home/user/android-ndk/build/platforms/android-3/arch-arm/usr/include/ conftest.c
configure:19485: $? = 0
configure:19505: result: yes
configure:19540: checking for limits.h
configure:19547: result: yes
configure:19416: checking for unistd.h
configure:19421: result: yes
configure:19416: checking for sys/types.h
configure:19421: result: yes
configure:19425: checking fcntl.h usability
configure:19437: /home/user/android-ndk/build/prebuilt/linux-x86/arm-eabi-4.4.0/bin/arm-eabi-gcc -c -Wall -DANDROID -nostdlib -I/home/user/android-ndk/build/platforms/android-3/arch-arm/usr/include/ conftest.c >&5
configure:19443: $? = 0
configure:19446: test -z 			 || test ! -s conftest.err
configure:19449: $? = 0
configure:19452: test -s conftest.o
configure:19455: $? = 0
configure:19465: result: yes
configure:19469: checking fcntl.h presence
configure:19479: /home/user/android-ndk/build/prebuilt/linux-x86/arm-eabi-4.4.0/bin/arm-eabi-gcc -E -I/home/user/android-ndk/build/platforms/android-3/arch-arm/usr/include/ conftest.c
configure:19485: $? = 0
configure:19505: result: yes
configure:19540: checking for fcntl.h
configure:19547: result: yes
configure:19425: checking errno.h usability
configure:19437: /home/user/android-ndk/build/prebuilt/linux-x86/arm-eabi-4.4.0/bin/arm-eabi-gcc -c -Wall -DANDROID -nostdlib -I/home/user/android-ndk/build/platforms/android-3/arch-arm/usr/include/ conftest.c >&5
configure:19443: $? = 0
configure:19446: test -z 			 || test ! -s conftest.err
configure:19449: $? = 0
configure:19452: test -s conftest.o
configure:19455: $? = 0
configure:19465: result: yes
configure:19469: checking errno.h presence
configure:19479: /home/user/android-ndk/build/prebuilt/linux-x86/arm-eabi-4.4.0/bin/arm-eabi-gcc -E -I/home/user/android-ndk/build/platforms/android-3/arch-arm/usr/include/ conftest.c
configure:19485: $? = 0
configure:19505: result: yes
configure:19540: checking for errno.h
configure:19547: result: yes
configure:19562: checking for an ANSI C-conforming const
configure:19629: /home/user/android-ndk/build/prebuilt/linux-x86/arm-eabi-4.4.0/bin/arm-eabi-gcc -c -Wall -DANDROID -nostdlib -I/home/user/android-ndk/build/platforms/android-3/arch-arm/usr/include/ conftest.c >&5
conftest.c: In function 'main':
conftest.c:60: warning: unused variable 's'
conftest.c:80: warning: unused variable 'foo'
conftest.c:47: warning: unused variable 'zero'
conftest.c:41: warning: unused variable 'x'
conftest.c:62: warning: 't' is used uninitialized in this function
configure:19635: $? = 0
configure:19638: test -z 			 || test ! -s conftest.err
configure:19641: $? = 0
configure:19644: test -s conftest.o
configure:19647: $? = 0
configure:19658: result: yes
configure:19668: checking for inline
configure:19689: /home/user/android-ndk/build/prebuilt/linux-x86/arm-eabi-4.4.0/bin/arm-eabi-gcc -c -Wall -DANDROID -nostdlib -I/home/user/android-ndk/build/platforms/android-3/arch-arm/usr/include/ conftest.c >&5
configure:19695: $? = 0
configure:19698: test -z 			 || test ! -s conftest.err
configure:19701: $? = 0
configure:19704: test -s conftest.o
configure:19707: $? = 0
configure:19719: result: inline
configure:19738: checking whether byte ordering is bigendian
configure:19765: /home/user/android-ndk/build/prebuilt/linux-x86/arm-eabi-4.4.0/bin/arm-eabi-gcc -c -Wall -DANDROID -nostdlib -I/home/user/android-ndk/build/platforms/android-3/arch-arm/usr/include/ conftest.c >&5
conftest.c: In function 'main':
conftest.c:40: error: 'bogus' undeclared (first use in this function)
conftest.c:40: error: (Each undeclared identifier is reported only once
conftest.c:40: error: for each function it appears in.)
conftest.c:40: error: expected ';' before 'endian'
configure:19771: $? = 1
configure: failed program was:
| /* confdefs.h.  */
| 
| #define PACKAGE_NAME "MPEG Audio Decoder"
| #define PACKAGE_TARNAME "libmad"
| #define PACKAGE_VERSION "0.15.1b"
| #define PACKAGE_STRING "MPEG Audio Decoder 0.15.1b"
| #define PACKAGE_BUGREPORT "support@underbit.com"
| #define PACKAGE "libmad"
| #define VERSION "0.15.1b"
| #define STDC_HEADERS 1
| #define HAVE_SYS_TYPES_H 1
| #define HAVE_SYS_STAT_H 1
| #define HAVE_STDLIB_H 1
| #define HAVE_STRING_H 1
| #define HAVE_MEMORY_H 1
| #define HAVE_STRINGS_H 1
| #define HAVE_INTTYPES_H 1
| #define HAVE_STDINT_H 1
| #define HAVE_UNISTD_H 1
| #define HAVE_DLFCN_H 1
| #ifdef __cplusplus
| void exit (int);
| #endif
| #define STDC_HEADERS 1
| #define HAVE_SYS_WAIT_H 1
| #define HAVE_ASSERT_H 1
| #define HAVE_LIMITS_H 1
| #define HAVE_UNISTD_H 1
| #define HAVE_SYS_TYPES_H 1
| #define HAVE_FCNTL_H 1
| #define HAVE_ERRNO_H 1
| /* end confdefs.h.  */
| #include <sys/types.h>
| #include <sys/param.h>
| 
| int
| main ()
| {
| #if !BYTE_ORDER || !BIG_ENDIAN || !LITTLE_ENDIAN
|  bogus endian macros
| #endif
| 
|   ;
|   return 0;
| }
configure:19864: /home/user/android-ndk/build/prebuilt/linux-x86/arm-eabi-4.4.0/bin/arm-eabi-gcc -c -Wall -DANDROID -nostdlib -I/home/user/android-ndk/build/platforms/android-3/arch-arm/usr/include/ conftest.c >&5
configure:19870: $? = 0
configure:19873: test -z 			 || test ! -s conftest.err
configure:19876: $? = 0
configure:19879: test -s conftest.o
configure:19882: $? = 0
configure:19946: result: no
configure:19965: checking for pid_t
configure:19989: /home/user/android-ndk/build/prebuilt/linux-x86/arm-eabi-4.4.0/bin/arm-eabi-gcc -c -Wall -DANDROID -nostdlib -I/home/user/android-ndk/build/platforms/android-3/arch-arm/usr/include/ conftest.c >&5
configure:19995: $? = 0
configure:19998: test -z 			 || test ! -s conftest.err
configure:20001: $? = 0
configure:20004: test -s conftest.o
configure:20007: $? = 0
configure:20018: result: yes
configure:20031: checking for int
configure:20055: /home/user/android-ndk/build/prebuilt/linux-x86/arm-eabi-4.4.0/bin/arm-eabi-gcc -c -Wall -DANDROID -nostdlib -I/home/user/android-ndk/build/platforms/android-3/arch-arm/usr/include/ conftest.c >&5
configure:20061: $? = 0
configure:20064: test -z 			 || test ! -s conftest.err
configure:20067: $? = 0
configure:20070: test -s conftest.o
configure:20073: $? = 0
configure:20084: result: yes
configure:20087: checking size of int
configure:20117: /home/user/android-ndk/build/prebuilt/linux-x86/arm-eabi-4.4.0/bin/arm-eabi-gcc -c -Wall -DANDROID -nostdlib -I/home/user/android-ndk/build/platforms/android-3/arch-arm/usr/include/ conftest.c >&5
configure:20123: $? = 0
configure:20126: test -z 			 || test ! -s conftest.err
configure:20129: $? = 0
configure:20132: test -s conftest.o
configure:20135: $? = 0
configure:20157: /home/user/android-ndk/build/prebuilt/linux-x86/arm-eabi-4.4.0/bin/arm-eabi-gcc -c -Wall -DANDROID -nostdlib -I/home/user/android-ndk/build/platforms/android-3/arch-arm/usr/include/ conftest.c >&5
conftest.c: In function 'main':
conftest.c:70: error: size of array 'test_array' is negative
configure:20163: $? = 1
configure: failed program was:
| /* confdefs.h.  */
| 
| #define PACKAGE_NAME "MPEG Audio Decoder"
| #define PACKAGE_TARNAME "libmad"
| #define PACKAGE_VERSION "0.15.1b"
| #define PACKAGE_STRING "MPEG Audio Decoder 0.15.1b"
| #define PACKAGE_BUGREPORT "support@underbit.com"
| #define PACKAGE "libmad"
| #define VERSION "0.15.1b"
| #define STDC_HEADERS 1
| #define HAVE_SYS_TYPES_H 1
| #define HAVE_SYS_STAT_H 1
| #define HAVE_STDLIB_H 1
| #define HAVE_STRING_H 1
| #define HAVE_MEMORY_H 1
| #define HAVE_STRINGS_H 1
| #define HAVE_INTTYPES_H 1
| #define HAVE_STDINT_H 1
| #define HAVE_UNISTD_H 1
| #define HAVE_DLFCN_H 1
| #ifdef __cplusplus
| void exit (int);
| #endif
| #define STDC_HEADERS 1
| #define HAVE_SYS_WAIT_H 1
| #define HAVE_ASSERT_H 1
| #define HAVE_LIMITS_H 1
| #define HAVE_UNISTD_H 1
| #define HAVE_SYS_TYPES_H 1
| #define HAVE_FCNTL_H 1
| #define HAVE_ERRNO_H 1
| /* end confdefs.h.  */
| #include <stdio.h>
| #if HAVE_SYS_TYPES_H
| # include <sys/types.h>
| #endif
| #if HAVE_SYS_STAT_H
| # include <sys/stat.h>
| #endif
| #if STDC_HEADERS
| # include <stdlib.h>
| # include <stddef.h>
| #else
| # if HAVE_STDLIB_H
| #  include <stdlib.h>
| # endif
| #endif
| #if HAVE_STRING_H
| # if !STDC_HEADERS && HAVE_MEMORY_H
| #  include <memory.h>
| # endif
| # include <string.h>
| #endif
| #if HAVE_STRINGS_H
| # include <strings.h>
| #endif
| #if HAVE_INTTYPES_H
| # include <inttypes.h>
| #else
| # if HAVE_STDINT_H
| #  include <stdint.h>
| # endif
| #endif
| #if HAVE_UNISTD_H
| # include <unistd.h>
| #endif
| int
| main ()
| {
| static int test_array [1 - 2 * !(((long) (sizeof (int))) <= 0)];
| test_array [0] = 0
| 
|   ;
|   return 0;
| }
configure:20157: /home/user/android-ndk/build/prebuilt/linux-x86/arm-eabi-4.4.0/bin/arm-eabi-gcc -c -Wall -DANDROID -nostdlib -I/home/user/android-ndk/build/platforms/android-3/arch-arm/usr/include/ conftest.c >&5
conftest.c: In function 'main':
conftest.c:70: error: size of array 'test_array' is negative
configure:20163: $? = 1
configure: failed program was:
| /* confdefs.h.  */
| 
| #define PACKAGE_NAME "MPEG Audio Decoder"
| #define PACKAGE_TARNAME "libmad"
| #define PACKAGE_VERSION "0.15.1b"
| #define PACKAGE_STRING "MPEG Audio Decoder 0.15.1b"
| #define PACKAGE_BUGREPORT "support@underbit.com"
| #define PACKAGE "libmad"
| #define VERSION "0.15.1b"
| #define STDC_HEADERS 1
| #define HAVE_SYS_TYPES_H 1
| #define HAVE_SYS_STAT_H 1
| #define HAVE_STDLIB_H 1
| #define HAVE_STRING_H 1
| #define HAVE_MEMORY_H 1
| #define HAVE_STRINGS_H 1
| #define HAVE_INTTYPES_H 1
| #define HAVE_STDINT_H 1
| #define HAVE_UNISTD_H 1
| #define HAVE_DLFCN_H 1
| #ifdef __cplusplus
| void exit (int);
| #endif
| #define STDC_HEADERS 1
| #define HAVE_SYS_WAIT_H 1
| #define HAVE_ASSERT_H 1
| #define HAVE_LIMITS_H 1
| #define HAVE_UNISTD_H 1
| #define HAVE_SYS_TYPES_H 1
| #define HAVE_FCNTL_H 1
| #define HAVE_ERRNO_H 1
| /* end confdefs.h.  */
| #include <stdio.h>
| #if HAVE_SYS_TYPES_H
| # include <sys/types.h>
| #endif
| #if HAVE_SYS_STAT_H
| # include <sys/stat.h>
| #endif
| #if STDC_HEADERS
| # include <stdlib.h>
| # include <stddef.h>
| #else
| # if HAVE_STDLIB_H
| #  include <stdlib.h>
| # endif
| #endif
| #if HAVE_STRING_H
| # if !STDC_HEADERS && HAVE_MEMORY_H
| #  include <memory.h>
| # endif
| # include <string.h>
| #endif
| #if HAVE_STRINGS_H
| # include <strings.h>
| #endif
| #if HAVE_INTTYPES_H
| # include <inttypes.h>
| #else
| # if HAVE_STDINT_H
| #  include <stdint.h>
| # endif
| #endif
| #if HAVE_UNISTD_H
| # include <unistd.h>
| #endif
| int
| main ()
| {
| static int test_array [1 - 2 * !(((long) (sizeof (int))) <= 1)];
| test_array [0] = 0
| 
|   ;
|   return 0;
| }
configure:20157: /home/user/android-ndk/build/prebuilt/linux-x86/arm-eabi-4.4.0/bin/arm-eabi-gcc -c -Wall -DANDROID -nostdlib -I/home/user/android-ndk/build/platforms/android-3/arch-arm/usr/include/ conftest.c >&5
conftest.c: In function 'main':
conftest.c:70: error: size of array 'test_array' is negative
configure:20163: $? = 1
configure: failed program was:
| /* confdefs.h.  */
| 
| #define PACKAGE_NAME "MPEG Audio Decoder"
| #define PACKAGE_TARNAME "libmad"
| #define PACKAGE_VERSION "0.15.1b"
| #define PACKAGE_STRING "MPEG Audio Decoder 0.15.1b"
| #define PACKAGE_BUGREPORT "support@underbit.com"
| #define PACKAGE "libmad"
| #define VERSION "0.15.1b"
| #define STDC_HEADERS 1
| #define HAVE_SYS_TYPES_H 1
| #define HAVE_SYS_STAT_H 1
| #define HAVE_STDLIB_H 1
| #define HAVE_STRING_H 1
| #define HAVE_MEMORY_H 1
| #define HAVE_STRINGS_H 1
| #define HAVE_INTTYPES_H 1
| #define HAVE_STDINT_H 1
| #define HAVE_UNISTD_H 1
| #define HAVE_DLFCN_H 1
| #ifdef __cplusplus
| void exit (int);
| #endif
| #define STDC_HEADERS 1
| #define HAVE_SYS_WAIT_H 1
| #define HAVE_ASSERT_H 1
| #define HAVE_LIMITS_H 1
| #define HAVE_UNISTD_H 1
| #define HAVE_SYS_TYPES_H 1
| #define HAVE_FCNTL_H 1
| #define HAVE_ERRNO_H 1
| /* end confdefs.h.  */
| #include <stdio.h>
| #if HAVE_SYS_TYPES_H
| # include <sys/types.h>
| #endif
| #if HAVE_SYS_STAT_H
| # include <sys/stat.h>
| #endif
| #if STDC_HEADERS
| # include <stdlib.h>
| # include <stddef.h>
| #else
| # if HAVE_STDLIB_H
| #  include <stdlib.h>
| # endif
| #endif
| #if HAVE_STRING_H
| # if !STDC_HEADERS && HAVE_MEMORY_H
| #  include <memory.h>
| # endif
| # include <string.h>
| #endif
| #if HAVE_STRINGS_H
| # include <strings.h>
| #endif
| #if HAVE_INTTYPES_H
| # include <inttypes.h>
| #else
| # if HAVE_STDINT_H
| #  include <stdint.h>
| # endif
| #endif
| #if HAVE_UNISTD_H
| # include <unistd.h>
| #endif
| int
| main ()
| {
| static int test_array [1 - 2 * !(((long) (sizeof (int))) <= 3)];
| test_array [0] = 0
| 
|   ;
|   return 0;
| }
configure:20157: /home/user/android-ndk/build/prebuilt/linux-x86/arm-eabi-4.4.0/bin/arm-eabi-gcc -c -Wall -DANDROID -nostdlib -I/home/user/android-ndk/build/platforms/android-3/arch-arm/usr/include/ conftest.c >&5
configure:20163: $? = 0
configure:20166: test -z 			 || test ! -s conftest.err
configure:20169: $? = 0
configure:20172: test -s conftest.o
configure:20175: $? = 0
configure:20317: /home/user/android-ndk/build/prebuilt/linux-x86/arm-eabi-4.4.0/bin/arm-eabi-gcc -c -Wall -DANDROID -nostdlib -I/home/user/android-ndk/build/platforms/android-3/arch-arm/usr/include/ conftest.c >&5
configure:20323: $? = 0
configure:20326: test -z 			 || test ! -s conftest.err
configure:20329: $? = 0
configure:20332: test -s conftest.o
configure:20335: $? = 0
configure:20317: /home/user/android-ndk/build/prebuilt/linux-x86/arm-eabi-4.4.0/bin/arm-eabi-gcc -c -Wall -DANDROID -nostdlib -I/home/user/android-ndk/build/platforms/android-3/arch-arm/usr/include/ conftest.c >&5
configure:20323: $? = 0
configure:20326: test -z 			 || test ! -s conftest.err
configure:20329: $? = 0
configure:20332: test -s conftest.o
configure:20335: $? = 0
configure:20430: result: 4
configure:20437: checking for long
configure:20461: /home/user/android-ndk/build/prebuilt/linux-x86/arm-eabi-4.4.0/bin/arm-eabi-gcc -c -Wall -DANDROID -nostdlib -I/home/user/android-ndk/build/platforms/android-3/arch-arm/usr/include/ conftest.c >&5
configure:20467: $? = 0
configure:20470: test -z 			 || test ! -s conftest.err
configure:20473: $? = 0
configure:20476: test -s conftest.o
configure:20479: $? = 0
configure:20490: result: yes
configure:20493: checking size of long
configure:20523: /home/user/android-ndk/build/prebuilt/linux-x86/arm-eabi-4.4.0/bin/arm-eabi-gcc -c -Wall -DANDROID -nostdlib -I/home/user/android-ndk/build/platforms/android-3/arch-arm/usr/include/ conftest.c >&5
configure:20529: $? = 0
configure:20532: test -z 			 || test ! -s conftest.err
configure:20535: $? = 0
configure:20538: test -s conftest.o
configure:20541: $? = 0
configure:20563: /home/user/android-ndk/build/prebuilt/linux-x86/arm-eabi-4.4.0/bin/arm-eabi-gcc -c -Wall -DANDROID -nostdlib -I/home/user/android-ndk/build/platforms/android-3/arch-arm/usr/include/ conftest.c >&5
conftest.c: In function 'main':
conftest.c:71: error: size of array 'test_array' is negative
configure:20569: $? = 1
configure: failed program was:
| /* confdefs.h.  */
| 
| #define PACKAGE_NAME "MPEG Audio Decoder"
| #define PACKAGE_TARNAME "libmad"
| #define PACKAGE_VERSION "0.15.1b"
| #define PACKAGE_STRING "MPEG Audio Decoder 0.15.1b"
| #define PACKAGE_BUGREPORT "support@underbit.com"
| #define PACKAGE "libmad"
| #define VERSION "0.15.1b"
| #define STDC_HEADERS 1
| #define HAVE_SYS_TYPES_H 1
| #define HAVE_SYS_STAT_H 1
| #define HAVE_STDLIB_H 1
| #define HAVE_STRING_H 1
| #define HAVE_MEMORY_H 1
| #define HAVE_STRINGS_H 1
| #define HAVE_INTTYPES_H 1
| #define HAVE_STDINT_H 1
| #define HAVE_UNISTD_H 1
| #define HAVE_DLFCN_H 1
| #ifdef __cplusplus
| void exit (int);
| #endif
| #define STDC_HEADERS 1
| #define HAVE_SYS_WAIT_H 1
| #define HAVE_ASSERT_H 1
| #define HAVE_LIMITS_H 1
| #define HAVE_UNISTD_H 1
| #define HAVE_SYS_TYPES_H 1
| #define HAVE_FCNTL_H 1
| #define HAVE_ERRNO_H 1
| #define SIZEOF_INT 4
| /* end confdefs.h.  */
| #include <stdio.h>
| #if HAVE_SYS_TYPES_H
| # include <sys/types.h>
| #endif
| #if HAVE_SYS_STAT_H
| # include <sys/stat.h>
| #endif
| #if STDC_HEADERS
| # include <stdlib.h>
| # include <stddef.h>
| #else
| # if HAVE_STDLIB_H
| #  include <stdlib.h>
| # endif
| #endif
| #if HAVE_STRING_H
| # if !STDC_HEADERS && HAVE_MEMORY_H
| #  include <memory.h>
| # endif
| # include <string.h>
| #endif
| #if HAVE_STRINGS_H
| # include <strings.h>
| #endif
| #if HAVE_INTTYPES_H
| # include <inttypes.h>
| #else
| # if HAVE_STDINT_H
| #  include <stdint.h>
| # endif
| #endif
| #if HAVE_UNISTD_H
| # include <unistd.h>
| #endif
| int
| main ()
| {
| static int test_array [1 - 2 * !(((long) (sizeof (long))) <= 0)];
| test_array [0] = 0
| 
|   ;
|   return 0;
| }
configure:20563: /home/user/android-ndk/build/prebuilt/linux-x86/arm-eabi-4.4.0/bin/arm-eabi-gcc -c -Wall -DANDROID -nostdlib -I/home/user/android-ndk/build/platforms/android-3/arch-arm/usr/include/ conftest.c >&5
conftest.c: In function 'main':
conftest.c:71: error: size of array 'test_array' is negative
configure:20569: $? = 1
configure: failed program was:
| /* confdefs.h.  */
| 
| #define PACKAGE_NAME "MPEG Audio Decoder"
| #define PACKAGE_TARNAME "libmad"
| #define PACKAGE_VERSION "0.15.1b"
| #define PACKAGE_STRING "MPEG Audio Decoder 0.15.1b"
| #define PACKAGE_BUGREPORT "support@underbit.com"
| #define PACKAGE "libmad"
| #define VERSION "0.15.1b"
| #define STDC_HEADERS 1
| #define HAVE_SYS_TYPES_H 1
| #define HAVE_SYS_STAT_H 1
| #define HAVE_STDLIB_H 1
| #define HAVE_STRING_H 1
| #define HAVE_MEMORY_H 1
| #define HAVE_STRINGS_H 1
| #define HAVE_INTTYPES_H 1
| #define HAVE_STDINT_H 1
| #define HAVE_UNISTD_H 1
| #define HAVE_DLFCN_H 1
| #ifdef __cplusplus
| void exit (int);
| #endif
| #define STDC_HEADERS 1
| #define HAVE_SYS_WAIT_H 1
| #define HAVE_ASSERT_H 1
| #define HAVE_LIMITS_H 1
| #define HAVE_UNISTD_H 1
| #define HAVE_SYS_TYPES_H 1
| #define HAVE_FCNTL_H 1
| #define HAVE_ERRNO_H 1
| #define SIZEOF_INT 4
| /* end confdefs.h.  */
| #include <stdio.h>
| #if HAVE_SYS_TYPES_H
| # include <sys/types.h>
| #endif
| #if HAVE_SYS_STAT_H
| # include <sys/stat.h>
| #endif
| #if STDC_HEADERS
| # include <stdlib.h>
| # include <stddef.h>
| #else
| # if HAVE_STDLIB_H
| #  include <stdlib.h>
| # endif
| #endif
| #if HAVE_STRING_H
| # if !STDC_HEADERS && HAVE_MEMORY_H
| #  include <memory.h>
| # endif
| # include <string.h>
| #endif
| #if HAVE_STRINGS_H
| # include <strings.h>
| #endif
| #if HAVE_INTTYPES_H
| # include <inttypes.h>
| #else
| # if HAVE_STDINT_H
| #  include <stdint.h>
| # endif
| #endif
| #if HAVE_UNISTD_H
| # include <unistd.h>
| #endif
| int
| main ()
| {
| static int test_array [1 - 2 * !(((long) (sizeof (long))) <= 1)];
| test_array [0] = 0
| 
|   ;
|   return 0;
| }
configure:20563: /home/user/android-ndk/build/prebuilt/linux-x86/arm-eabi-4.4.0/bin/arm-eabi-gcc -c -Wall -DANDROID -nostdlib -I/home/user/android-ndk/build/platforms/android-3/arch-arm/usr/include/ conftest.c >&5
conftest.c: In function 'main':
conftest.c:71: error: size of array 'test_array' is negative
configure:20569: $? = 1
configure: failed program was:
| /* confdefs.h.  */
| 
| #define PACKAGE_NAME "MPEG Audio Decoder"
| #define PACKAGE_TARNAME "libmad"
| #define PACKAGE_VERSION "0.15.1b"
| #define PACKAGE_STRING "MPEG Audio Decoder 0.15.1b"
| #define PACKAGE_BUGREPORT "support@underbit.com"
| #define PACKAGE "libmad"
| #define VERSION "0.15.1b"
| #define STDC_HEADERS 1
| #define HAVE_SYS_TYPES_H 1
| #define HAVE_SYS_STAT_H 1
| #define HAVE_STDLIB_H 1
| #define HAVE_STRING_H 1
| #define HAVE_MEMORY_H 1
| #define HAVE_STRINGS_H 1
| #define HAVE_INTTYPES_H 1
| #define HAVE_STDINT_H 1
| #define HAVE_UNISTD_H 1
| #define HAVE_DLFCN_H 1
| #ifdef __cplusplus
| void exit (int);
| #endif
| #define STDC_HEADERS 1
| #define HAVE_SYS_WAIT_H 1
| #define HAVE_ASSERT_H 1
| #define HAVE_LIMITS_H 1
| #define HAVE_UNISTD_H 1
| #define HAVE_SYS_TYPES_H 1
| #define HAVE_FCNTL_H 1
| #define HAVE_ERRNO_H 1
| #define SIZEOF_INT 4
| /* end confdefs.h.  */
| #include <stdio.h>
| #if HAVE_SYS_TYPES_H
| # include <sys/types.h>
| #endif
| #if HAVE_SYS_STAT_H
| # include <sys/stat.h>
| #endif
| #if STDC_HEADERS
| # include <stdlib.h>
| # include <stddef.h>
| #else
| # if HAVE_STDLIB_H
| #  include <stdlib.h>
| # endif
| #endif
| #if HAVE_STRING_H
| # if !STDC_HEADERS && HAVE_MEMORY_H
| #  include <memory.h>
| # endif
| # include <string.h>
| #endif
| #if HAVE_STRINGS_H
| # include <strings.h>
| #endif
| #if HAVE_INTTYPES_H
| # include <inttypes.h>
| #else
| # if HAVE_STDINT_H
| #  include <stdint.h>
| # endif
| #endif
| #if HAVE_UNISTD_H
| # include <unistd.h>
| #endif
| int
| main ()
| {
| static int test_array [1 - 2 * !(((long) (sizeof (long))) <= 3)];
| test_array [0] = 0
| 
|   ;
|   return 0;
| }
configure:20563: /home/user/android-ndk/build/prebuilt/linux-x86/arm-eabi-4.4.0/bin/arm-eabi-gcc -c -Wall -DANDROID -nostdlib -I/home/user/android-ndk/build/platforms/android-3/arch-arm/usr/include/ conftest.c >&5
configure:20569: $? = 0
configure:20572: test -z 			 || test ! -s conftest.err
configure:20575: $? = 0
configure:20578: test -s conftest.o
configure:20581: $? = 0
configure:20723: /home/user/android-ndk/build/prebuilt/linux-x86/arm-eabi-4.4.0/bin/arm-eabi-gcc -c -Wall -DANDROID -nostdlib -I/home/user/android-ndk/build/platforms/android-3/arch-arm/usr/include/ conftest.c >&5
configure:20729: $? = 0
configure:20732: test -z 			 || test ! -s conftest.err
configure:20735: $? = 0
configure:20738: test -s conftest.o
configure:20741: $? = 0
configure:20723: /home/user/android-ndk/build/prebuilt/linux-x86/arm-eabi-4.4.0/bin/arm-eabi-gcc -c -Wall -DANDROID -nostdlib -I/home/user/android-ndk/build/platforms/android-3/arch-arm/usr/include/ conftest.c >&5
configure:20729: $? = 0
configure:20732: test -z 			 || test ! -s conftest.err
configure:20735: $? = 0
configure:20738: test -s conftest.o
configure:20741: $? = 0
configure:20836: result: 4
configure:20843: checking for long long
configure:20867: /home/user/android-ndk/build/prebuilt/linux-x86/arm-eabi-4.4.0/bin/arm-eabi-gcc -c -Wall -DANDROID -nostdlib -I/home/user/android-ndk/build/platforms/android-3/arch-arm/usr/include/ conftest.c >&5
configure:20873: $? = 0
configure:20876: test -z 			 || test ! -s conftest.err
configure:20879: $? = 0
configure:20882: test -s conftest.o
configure:20885: $? = 0
configure:20896: result: yes
configure:20899: checking size of long long
configure:20929: /home/user/android-ndk/build/prebuilt/linux-x86/arm-eabi-4.4.0/bin/arm-eabi-gcc -c -Wall -DANDROID -nostdlib -I/home/user/android-ndk/build/platforms/android-3/arch-arm/usr/include/ conftest.c >&5
configure:20935: $? = 0
configure:20938: test -z 			 || test ! -s conftest.err
configure:20941: $? = 0
configure:20944: test -s conftest.o
configure:20947: $? = 0
configure:20969: /home/user/android-ndk/build/prebuilt/linux-x86/arm-eabi-4.4.0/bin/arm-eabi-gcc -c -Wall -DANDROID -nostdlib -I/home/user/android-ndk/build/platforms/android-3/arch-arm/usr/include/ conftest.c >&5
conftest.c: In function 'main':
conftest.c:72: error: size of array 'test_array' is negative
configure:20975: $? = 1
configure: failed program was:
| /* confdefs.h.  */
| 
| #define PACKAGE_NAME "MPEG Audio Decoder"
| #define PACKAGE_TARNAME "libmad"
| #define PACKAGE_VERSION "0.15.1b"
| #define PACKAGE_STRING "MPEG Audio Decoder 0.15.1b"
| #define PACKAGE_BUGREPORT "support@underbit.com"
| #define PACKAGE "libmad"
| #define VERSION "0.15.1b"
| #define STDC_HEADERS 1
| #define HAVE_SYS_TYPES_H 1
| #define HAVE_SYS_STAT_H 1
| #define HAVE_STDLIB_H 1
| #define HAVE_STRING_H 1
| #define HAVE_MEMORY_H 1
| #define HAVE_STRINGS_H 1
| #define HAVE_INTTYPES_H 1
| #define HAVE_STDINT_H 1
| #define HAVE_UNISTD_H 1
| #define HAVE_DLFCN_H 1
| #ifdef __cplusplus
| void exit (int);
| #endif
| #define STDC_HEADERS 1
| #define HAVE_SYS_WAIT_H 1
| #define HAVE_ASSERT_H 1
| #define HAVE_LIMITS_H 1
| #define HAVE_UNISTD_H 1
| #define HAVE_SYS_TYPES_H 1
| #define HAVE_FCNTL_H 1
| #define HAVE_ERRNO_H 1
| #define SIZEOF_INT 4
| #define SIZEOF_LONG 4
| /* end confdefs.h.  */
| #include <stdio.h>
| #if HAVE_SYS_TYPES_H
| # include <sys/types.h>
| #endif
| #if HAVE_SYS_STAT_H
| # include <sys/stat.h>
| #endif
| #if STDC_HEADERS
| # include <stdlib.h>
| # include <stddef.h>
| #else
| # if HAVE_STDLIB_H
| #  include <stdlib.h>
| # endif
| #endif
| #if HAVE_STRING_H
| # if !STDC_HEADERS && HAVE_MEMORY_H
| #  include <memory.h>
| # endif
| # include <string.h>
| #endif
| #if HAVE_STRINGS_H
| # include <strings.h>
| #endif
| #if HAVE_INTTYPES_H
| # include <inttypes.h>
| #else
| # if HAVE_STDINT_H
| #  include <stdint.h>
| # endif
| #endif
| #if HAVE_UNISTD_H
| # include <unistd.h>
| #endif
| int
| main ()
| {
| static int test_array [1 - 2 * !(((long) (sizeof (long long))) <= 0)];
| test_array [0] = 0
| 
|   ;
|   return 0;
| }
configure:20969: /home/user/android-ndk/build/prebuilt/linux-x86/arm-eabi-4.4.0/bin/arm-eabi-gcc -c -Wall -DANDROID -nostdlib -I/home/user/android-ndk/build/platforms/android-3/arch-arm/usr/include/ conftest.c >&5
conftest.c: In function 'main':
conftest.c:72: error: size of array 'test_array' is negative
configure:20975: $? = 1
configure: failed program was:
| /* confdefs.h.  */
| 
| #define PACKAGE_NAME "MPEG Audio Decoder"
| #define PACKAGE_TARNAME "libmad"
| #define PACKAGE_VERSION "0.15.1b"
| #define PACKAGE_STRING "MPEG Audio Decoder 0.15.1b"
| #define PACKAGE_BUGREPORT "support@underbit.com"
| #define PACKAGE "libmad"
| #define VERSION "0.15.1b"
| #define STDC_HEADERS 1
| #define HAVE_SYS_TYPES_H 1
| #define HAVE_SYS_STAT_H 1
| #define HAVE_STDLIB_H 1
| #define HAVE_STRING_H 1
| #define HAVE_MEMORY_H 1
| #define HAVE_STRINGS_H 1
| #define HAVE_INTTYPES_H 1
| #define HAVE_STDINT_H 1
| #define HAVE_UNISTD_H 1
| #define HAVE_DLFCN_H 1
| #ifdef __cplusplus
| void exit (int);
| #endif
| #define STDC_HEADERS 1
| #define HAVE_SYS_WAIT_H 1
| #define HAVE_ASSERT_H 1
| #define HAVE_LIMITS_H 1
| #define HAVE_UNISTD_H 1
| #define HAVE_SYS_TYPES_H 1
| #define HAVE_FCNTL_H 1
| #define HAVE_ERRNO_H 1
| #define SIZEOF_INT 4
| #define SIZEOF_LONG 4
| /* end confdefs.h.  */
| #include <stdio.h>
| #if HAVE_SYS_TYPES_H
| # include <sys/types.h>
| #endif
| #if HAVE_SYS_STAT_H
| # include <sys/stat.h>
| #endif
| #if STDC_HEADERS
| # include <stdlib.h>
| # include <stddef.h>
| #else
| # if HAVE_STDLIB_H
| #  include <stdlib.h>
| # endif
| #endif
| #if HAVE_STRING_H
| # if !STDC_HEADERS && HAVE_MEMORY_H
| #  include <memory.h>
| # endif
| # include <string.h>
| #endif
| #if HAVE_STRINGS_H
| # include <strings.h>
| #endif
| #if HAVE_INTTYPES_H
| # include <inttypes.h>
| #else
| # if HAVE_STDINT_H
| #  include <stdint.h>
| # endif
| #endif
| #if HAVE_UNISTD_H
| # include <unistd.h>
| #endif
| int
| main ()
| {
| static int test_array [1 - 2 * !(((long) (sizeof (long long))) <= 1)];
| test_array [0] = 0
| 
|   ;
|   return 0;
| }
configure:20969: /home/user/android-ndk/build/prebuilt/linux-x86/arm-eabi-4.4.0/bin/arm-eabi-gcc -c -Wall -DANDROID -nostdlib -I/home/user/android-ndk/build/platforms/android-3/arch-arm/usr/include/ conftest.c >&5
conftest.c: In function 'main':
conftest.c:72: error: size of array 'test_array' is negative
configure:20975: $? = 1
configure: failed program was:
| /* confdefs.h.  */
| 
| #define PACKAGE_NAME "MPEG Audio Decoder"
| #define PACKAGE_TARNAME "libmad"
| #define PACKAGE_VERSION "0.15.1b"
| #define PACKAGE_STRING "MPEG Audio Decoder 0.15.1b"
| #define PACKAGE_BUGREPORT "support@underbit.com"
| #define PACKAGE "libmad"
| #define VERSION "0.15.1b"
| #define STDC_HEADERS 1
| #define HAVE_SYS_TYPES_H 1
| #define HAVE_SYS_STAT_H 1
| #define HAVE_STDLIB_H 1
| #define HAVE_STRING_H 1
| #define HAVE_MEMORY_H 1
| #define HAVE_STRINGS_H 1
| #define HAVE_INTTYPES_H 1
| #define HAVE_STDINT_H 1
| #define HAVE_UNISTD_H 1
| #define HAVE_DLFCN_H 1
| #ifdef __cplusplus
| void exit (int);
| #endif
| #define STDC_HEADERS 1
| #define HAVE_SYS_WAIT_H 1
| #define HAVE_ASSERT_H 1
| #define HAVE_LIMITS_H 1
| #define HAVE_UNISTD_H 1
| #define HAVE_SYS_TYPES_H 1
| #define HAVE_FCNTL_H 1
| #define HAVE_ERRNO_H 1
| #define SIZEOF_INT 4
| #define SIZEOF_LONG 4
| /* end confdefs.h.  */
| #include <stdio.h>
| #if HAVE_SYS_TYPES_H
| # include <sys/types.h>
| #endif
| #if HAVE_SYS_STAT_H
| # include <sys/stat.h>
| #endif
| #if STDC_HEADERS
| # include <stdlib.h>
| # include <stddef.h>
| #else
| # if HAVE_STDLIB_H
| #  include <stdlib.h>
| # endif
| #endif
| #if HAVE_STRING_H
| # if !STDC_HEADERS && HAVE_MEMORY_H
| #  include <memory.h>
| # endif
| # include <string.h>
| #endif
| #if HAVE_STRINGS_H
| # include <strings.h>
| #endif
| #if HAVE_INTTYPES_H
| # include <inttypes.h>
| #else
| # if HAVE_STDINT_H
| #  include <stdint.h>
| # endif
| #endif
| #if HAVE_UNISTD_H
| # include <unistd.h>
| #endif
| int
| main ()
| {
| static int test_array [1 - 2 * !(((long) (sizeof (long long))) <= 3)];
| test_array [0] = 0
| 
|   ;
|   return 0;
| }
configure:20969: /home/user/android-ndk/build/prebuilt/linux-x86/arm-eabi-4.4.0/bin/arm-eabi-gcc -c -Wall -DANDROID -nostdlib -I/home/user/android-ndk/build/platforms/android-3/arch-arm/usr/include/ conftest.c >&5
conftest.c: In function 'main':
conftest.c:72: error: size of array 'test_array' is negative
configure:20975: $? = 1
configure: failed program was:
| /* confdefs.h.  */
| 
| #define PACKAGE_NAME "MPEG Audio Decoder"
| #define PACKAGE_TARNAME "libmad"
| #define PACKAGE_VERSION "0.15.1b"
| #define PACKAGE_STRING "MPEG Audio Decoder 0.15.1b"
| #define PACKAGE_BUGREPORT "support@underbit.com"
| #define PACKAGE "libmad"
| #define VERSION "0.15.1b"
| #define STDC_HEADERS 1
| #define HAVE_SYS_TYPES_H 1
| #define HAVE_SYS_STAT_H 1
| #define HAVE_STDLIB_H 1
| #define HAVE_STRING_H 1
| #define HAVE_MEMORY_H 1
| #define HAVE_STRINGS_H 1
| #define HAVE_INTTYPES_H 1
| #define HAVE_STDINT_H 1
| #define HAVE_UNISTD_H 1
| #define HAVE_DLFCN_H 1
| #ifdef __cplusplus
| void exit (int);
| #endif
| #define STDC_HEADERS 1
| #define HAVE_SYS_WAIT_H 1
| #define HAVE_ASSERT_H 1
| #define HAVE_LIMITS_H 1
| #define HAVE_UNISTD_H 1
| #define HAVE_SYS_TYPES_H 1
| #define HAVE_FCNTL_H 1
| #define HAVE_ERRNO_H 1
| #define SIZEOF_INT 4
| #define SIZEOF_LONG 4
| /* end confdefs.h.  */
| #include <stdio.h>
| #if HAVE_SYS_TYPES_H
| # include <sys/types.h>
| #endif
| #if HAVE_SYS_STAT_H
| # include <sys/stat.h>
| #endif
| #if STDC_HEADERS
| # include <stdlib.h>
| # include <stddef.h>
| #else
| # if HAVE_STDLIB_H
| #  include <stdlib.h>
| # endif
| #endif
| #if HAVE_STRING_H
| # if !STDC_HEADERS && HAVE_MEMORY_H
| #  include <memory.h>
| # endif
| # include <string.h>
| #endif
| #if HAVE_STRINGS_H
| # include <strings.h>
| #endif
| #if HAVE_INTTYPES_H
| # include <inttypes.h>
| #else
| # if HAVE_STDINT_H
| #  include <stdint.h>
| # endif
| #endif
| #if HAVE_UNISTD_H
| # include <unistd.h>
| #endif
| int
| main ()
| {
| static int test_array [1 - 2 * !(((long) (sizeof (long long))) <= 7)];
| test_array [0] = 0
| 
|   ;
|   return 0;
| }
configure:20969: /home/user/android-ndk/build/prebuilt/linux-x86/arm-eabi-4.4.0/bin/arm-eabi-gcc -c -Wall -DANDROID -nostdlib -I/home/user/android-ndk/build/platforms/android-3/arch-arm/usr/include/ conftest.c >&5
configure:20975: $? = 0
configure:20978: test -z 			 || test ! -s conftest.err
configure:20981: $? = 0
configure:20984: test -s conftest.o
configure:20987: $? = 0
configure:21129: /home/user/android-ndk/build/prebuilt/linux-x86/arm-eabi-4.4.0/bin/arm-eabi-gcc -c -Wall -DANDROID -nostdlib -I/home/user/android-ndk/build/platforms/android-3/arch-arm/usr/include/ conftest.c >&5
configure:21135: $? = 0
configure:21138: test -z 			 || test ! -s conftest.err
configure:21141: $? = 0
configure:21144: test -s conftest.o
configure:21147: $? = 0
configure:21129: /home/user/android-ndk/build/prebuilt/linux-x86/arm-eabi-4.4.0/bin/arm-eabi-gcc -c -Wall -DANDROID -nostdlib -I/home/user/android-ndk/build/platforms/android-3/arch-arm/usr/include/ conftest.c >&5
configure:21135: $? = 0
configure:21138: test -z 			 || test ! -s conftest.err
configure:21141: $? = 0
configure:21144: test -s conftest.o
configure:21147: $? = 0
configure:21129: /home/user/android-ndk/build/prebuilt/linux-x86/arm-eabi-4.4.0/bin/arm-eabi-gcc -c -Wall -DANDROID -nostdlib -I/home/user/android-ndk/build/platforms/android-3/arch-arm/usr/include/ conftest.c >&5
configure:21135: $? = 0
configure:21138: test -z 			 || test ! -s conftest.err
configure:21141: $? = 0
configure:21144: test -s conftest.o
configure:21147: $? = 0
configure:21242: result: 8
configure:21258: checking for waitpid
configure:21315: /home/user/android-ndk/build/prebuilt/linux-x86/arm-eabi-4.4.0/bin/arm-eabi-gcc -o conftest -Wall -DANDROID -nostdlib -I/home/user/android-ndk/build/platforms/android-3/arch-arm/usr/include/ -Wl,-rpath-link=/home/user/android-ndk/build/platforms/android-3/arch-arm/usr/lib/ -L/home/user/android-ndk/build/platforms/android-3/arch-arm/usr/lib/ conftest.c -lc  >&5
/home/user/android-ndk/build/prebuilt/linux-x86/arm-eabi-4.4.0/bin/../lib/gcc/arm-eabi/4.4.0/../../../../arm-eabi/bin/ld: warning: cannot find entry symbol _start; defaulting to 000082bc
configure:21321: $? = 0
configure:21324: test -z 			 || test ! -s conftest.err
configure:21327: $? = 0
configure:21330: test -s conftest
configure:21333: $? = 0
configure:21345: result: yes
configure:21258: checking for fcntl
configure:21315: /home/user/android-ndk/build/prebuilt/linux-x86/arm-eabi-4.4.0/bin/arm-eabi-gcc -o conftest -Wall -DANDROID -nostdlib -I/home/user/android-ndk/build/platforms/android-3/arch-arm/usr/include/ -Wl,-rpath-link=/home/user/android-ndk/build/platforms/android-3/arch-arm/usr/lib/ -L/home/user/android-ndk/build/platforms/android-3/arch-arm/usr/lib/ conftest.c -lc  >&5
/home/user/android-ndk/build/prebuilt/linux-x86/arm-eabi-4.4.0/bin/../lib/gcc/arm-eabi/4.4.0/../../../../arm-eabi/bin/ld: warning: cannot find entry symbol _start; defaulting to 000082bc
configure:21321: $? = 0
configure:21324: test -z 			 || test ! -s conftest.err
configure:21327: $? = 0
configure:21330: test -s conftest
configure:21333: $? = 0
configure:21345: result: yes
configure:21258: checking for pipe
configure:21315: /home/user/android-ndk/build/prebuilt/linux-x86/arm-eabi-4.4.0/bin/arm-eabi-gcc -o conftest -Wall -DANDROID -nostdlib -I/home/user/android-ndk/build/platforms/android-3/arch-arm/usr/include/ -Wl,-rpath-link=/home/user/android-ndk/build/platforms/android-3/arch-arm/usr/lib/ -L/home/user/android-ndk/build/platforms/android-3/arch-arm/usr/lib/ conftest.c -lc  >&5
/home/user/android-ndk/build/prebuilt/linux-x86/arm-eabi-4.4.0/bin/../lib/gcc/arm-eabi/4.4.0/../../../../arm-eabi/bin/ld: warning: cannot find entry symbol _start; defaulting to 000082bc
configure:21321: $? = 0
configure:21324: test -z 			 || test ! -s conftest.err
configure:21327: $? = 0
configure:21330: test -s conftest
configure:21333: $? = 0
configure:21345: result: yes
configure:21258: checking for fork
configure:21315: /home/user/android-ndk/build/prebuilt/linux-x86/arm-eabi-4.4.0/bin/arm-eabi-gcc -o conftest -Wall -DANDROID -nostdlib -I/home/user/android-ndk/build/platforms/android-3/arch-arm/usr/include/ -Wl,-rpath-link=/home/user/android-ndk/build/platforms/android-3/arch-arm/usr/lib/ -L/home/user/android-ndk/build/platforms/android-3/arch-arm/usr/lib/ conftest.c -lc  >&5
conftest.c:63: warning: conflicting types for built-in function 'fork'
/home/user/android-ndk/build/prebuilt/linux-x86/arm-eabi-4.4.0/bin/../lib/gcc/arm-eabi/4.4.0/../../../../arm-eabi/bin/ld: warning: cannot find entry symbol _start; defaulting to 000082bc
configure:21321: $? = 0
configure:21324: test -z 			 || test ! -s conftest.err
configure:21327: $? = 0
configure:21330: test -s conftest
configure:21333: $? = 0
configure:21345: result: yes
configure:21417: checking whether to optimize for speed or for accuracy
configure:21459: result: default
configure:21469: checking for architecture-specific fixed-point math routines
configure:21508: result: ARM
configure:21564: checking for ISO/IEC interpretation
configure:21582: result: best accepted practices
configure:21585: checking whether to enable profiling
configure:21596: result: no
configure:21599: checking whether to enable debugging
configure:21636: result: default
configure:21639: checking whether to enable experimental code
configure:21656: result: no
configure:21784: creating ./config.status

## ---------------------- ##
## Running config.status. ##
## ---------------------- ##

This file was extended by MPEG Audio Decoder config.status 0.15.1b, which was
generated by GNU Autoconf 2.59.  Invocation command line was

  CONFIG_FILES    = 
  CONFIG_HEADERS  = 
  CONFIG_LINKS    = 
  CONFIG_COMMANDS = 
  $ ./config.status 

on localhost.localdomain

config.status:759: creating Makefile
config.status:759: creating msvc++/Makefile
config.status:759: creating libmad.list
config.status:825: creating config.h
config.status:1143: executing depfiles commands

## ---------------- ##
## Cache variables. ##
## ---------------- ##

ac_cv_build=i686-pc-linux-gnulibc1
ac_cv_build_alias=i686-pc-linux-gnulibc1
ac_cv_c_bigendian=no
ac_cv_c_compiler_gnu=yes
ac_cv_c_const=yes
ac_cv_c_inline=inline
ac_cv_cxx_compiler_gnu=yes
ac_cv_env_CCASFLAGS_set=
ac_cv_env_CCASFLAGS_value=
ac_cv_env_CCAS_set=
ac_cv_env_CCAS_value=
ac_cv_env_CC_set=set
ac_cv_env_CC_value=/home/user/android-ndk/build/prebuilt/linux-x86/arm-eabi-4.4.0/bin/arm-eabi-gcc
ac_cv_env_CFLAGS_set=set
ac_cv_env_CFLAGS_value='-fPIC -DANDROID -nostdlib'
ac_cv_env_CPPFLAGS_set=set
ac_cv_env_CPPFLAGS_value=-I/home/user/android-ndk/build/platforms/android-3/arch-arm/usr/include/
ac_cv_env_CPP_set=
ac_cv_env_CPP_value=
ac_cv_env_CXXCPP_set=
ac_cv_env_CXXCPP_value=
ac_cv_env_CXXFLAGS_set=
ac_cv_env_CXXFLAGS_value=
ac_cv_env_CXX_set=
ac_cv_env_CXX_value=
ac_cv_env_F77_set=
ac_cv_env_F77_value=
ac_cv_env_FFLAGS_set=
ac_cv_env_FFLAGS_value=
ac_cv_env_LDFLAGS_set=set
ac_cv_env_LDFLAGS_value='-Wl,-rpath-link=/home/user/android-ndk/build/platforms/android-3/arch-arm/usr/lib/ -L/home/user/android-ndk/build/platforms/android-3/arch-arm/usr/lib/'
ac_cv_env_build_alias_set=
ac_cv_env_build_alias_value=
ac_cv_env_host_alias_set=set
ac_cv_env_host_alias_value=arm-eabi
ac_cv_env_target_alias_set=
ac_cv_env_target_alias_value=
ac_cv_exeext=
ac_cv_f77_compiler_gnu=no
ac_cv_func_fcntl=yes
ac_cv_func_fork=yes
ac_cv_func_pipe=yes
ac_cv_func_waitpid=yes
ac_cv_header_assert_h=yes
ac_cv_header_dlfcn_h=yes
ac_cv_header_errno_h=yes
ac_cv_header_fcntl_h=yes
ac_cv_header_inttypes_h=yes
ac_cv_header_limits_h=yes
ac_cv_header_memory_h=yes
ac_cv_header_stdc=yes
ac_cv_header_stdint_h=yes
ac_cv_header_stdlib_h=yes
ac_cv_header_string_h=yes
ac_cv_header_strings_h=yes
ac_cv_header_sys_stat_h=yes
ac_cv_header_sys_types_h=yes
ac_cv_header_sys_wait_h=yes
ac_cv_header_unistd_h=yes
ac_cv_host=arm-unknown-eabi
ac_cv_host_alias=arm-eabi
ac_cv_objext=o
ac_cv_path_install='/usr/bin/install -c'
ac_cv_prog_AWK=gawk
ac_cv_prog_CC=/home/user/android-ndk/build/prebuilt/linux-x86/arm-eabi-4.4.0/bin/arm-eabi-gcc
ac_cv_prog_CPP='/home/user/android-ndk/build/prebuilt/linux-x86/arm-eabi-4.4.0/bin/arm-eabi-gcc -E'
ac_cv_prog_CXXCPP='g++ -E'
ac_cv_prog_STRIP=strip
ac_cv_prog_ac_ct_AR=ar
ac_cv_prog_ac_ct_CXX=g++
ac_cv_prog_ac_ct_RANLIB=ranlib
ac_cv_prog_ac_ct_STRIP=strip
ac_cv_prog_cc_g=yes
ac_cv_prog_cc_stdc=
ac_cv_prog_cxx_g=yes
ac_cv_prog_egrep='grep -E'
ac_cv_prog_f77_g=no
ac_cv_prog_make_make_set=yes
ac_cv_sizeof_int=4
ac_cv_sizeof_long=4
ac_cv_sizeof_long_long=8
ac_cv_type_int=yes
ac_cv_type_long=yes
ac_cv_type_long_long=yes
ac_cv_type_pid_t=yes
am_cv_CC_dependencies_compiler_type=gcc3
am_cv_CXX_dependencies_compiler_type=gcc3
lt_cv_deplibs_check_method=unknown
lt_cv_file_magic_cmd='$MAGIC_CMD'
lt_cv_file_magic_test_file=
lt_cv_ld_reload_flag=-r
lt_cv_objdir=.libs
lt_cv_path_LD=/home/user/android-ndk/build/prebuilt/linux-x86/arm-eabi-4.4.0/arm-eabi/bin/ld
lt_cv_path_LDCXX=/home/user/android-ndk/build/prebuilt/linux-x86/arm-eabi-4.4.0/arm-eabi/bin/ld
lt_cv_path_NM=nm
lt_cv_path_SED=/bin/sed
lt_cv_prog_compiler_c_o=yes
lt_cv_prog_compiler_c_o_CXX=yes
lt_cv_prog_compiler_rtti_exceptions=no
lt_cv_prog_gnu_ld=yes
lt_cv_prog_gnu_ldcxx=yes
lt_cv_sys_global_symbol_pipe='sed -n -e '\''s/^.*[ 	]\([ABCDGIRSTW][ABCDGIRSTW]*\)[ 	][ 	]*\(\)\([_A-Za-z][_A-Za-z0-9]*\)$/\1 \2\3 \3/p'\'''
lt_cv_sys_global_symbol_to_c_name_address='sed -n -e '\''s/^: \([^ ]*\) $/  {\"\1\", (lt_ptr) 0},/p'\'' -e '\''s/^[BCDEGRST] \([^ ]*\) \([^ ]*\)$/  {"\2", (lt_ptr) \&\2},/p'\'''
lt_cv_sys_global_symbol_to_cdecl='sed -n -e '\''s/^. .* \(.*\)$/extern int \1;/p'\'''
lt_cv_sys_max_cmd_len=32768
lt_lt_cv_prog_compiler_c_o='"yes"'
lt_lt_cv_prog_compiler_c_o_CXX='"yes"'
lt_lt_cv_sys_global_symbol_pipe='"sed -n -e '\''s/^.*[ 	]\\([ABCDGIRSTW][ABCDGIRSTW]*\\)[ 	][ 	]*\\(\\)\\([_A-Za-z][_A-Za-z0-9]*\\)\$/\\1 \\2\\3 \\3/p'\''"'
lt_lt_cv_sys_global_symbol_to_c_name_address='"sed -n -e '\''s/^: \\([^ ]*\\) \$/  {\\\"\\1\\\", (lt_ptr) 0},/p'\'' -e '\''s/^[BCDEGRST] \\([^ ]*\\) \\([^ ]*\\)\$/  {\"\\2\", (lt_ptr) \\&\\2},/p'\''"'
lt_lt_cv_sys_global_symbol_to_cdecl='"sed -n -e '\''s/^. .* \\(.*\\)\$/extern int \\1;/p'\''"'

## ----------------- ##
## Output variables. ##
## ----------------- ##

ACLOCAL='${SHELL} /home/user/android-ndk-r5b/apps/HelloNDK/jni/sox/libmad-0.15.1b/missing --run aclocal-1.8'
AMDEPBACKSLASH='\'
AMDEP_FALSE='#'
AMDEP_TRUE=''
AMTAR='${SHELL} /home/user/android-ndk-r5b/apps/HelloNDK/jni/sox/libmad-0.15.1b/missing --run tar'
AR='ar'
ASO=' -DASO_INTERLEAVE1 -DASO_IMDCT'
ASO_OBJS='imdct_l_arm.lo'
AUTOCONF='${SHELL} /home/user/android-ndk-r5b/apps/HelloNDK/jni/sox/libmad-0.15.1b/missing --run autoconf'
AUTOHEADER='${SHELL} /home/user/android-ndk-r5b/apps/HelloNDK/jni/sox/libmad-0.15.1b/missing --run autoheader'
AUTOMAKE='${SHELL} /home/user/android-ndk-r5b/apps/HelloNDK/jni/sox/libmad-0.15.1b/missing --run automake-1.8'
AWK='gawk'
CC='/home/user/android-ndk/build/prebuilt/linux-x86/arm-eabi-4.4.0/bin/arm-eabi-gcc'
CCAS='/home/user/android-ndk/build/prebuilt/linux-x86/arm-eabi-4.4.0/bin/arm-eabi-gcc'
CCASFLAGS='-fPIC -DANDROID -nostdlib'
CCDEPMODE='depmode=gcc3'
CFLAGS='-Wall -DANDROID -nostdlib  -fPIC'
CPP='/home/user/android-ndk/build/prebuilt/linux-x86/arm-eabi-4.4.0/bin/arm-eabi-gcc -E'
CPPFLAGS='-I/home/user/android-ndk/build/platforms/android-3/arch-arm/usr/include/'
CXX='g++'
CXXCPP='g++ -E'
CXXDEPMODE='depmode=gcc3'
CXXFLAGS='-g -O2'
CYGPATH_W='echo'
DEFS='-DHAVE_CONFIG_H'
DEPDIR='.deps'
ECHO='echo'
ECHO_C=''
ECHO_N='-n'
ECHO_T=''
EGREP='grep -E'
EXEEXT=''
F77=''
FFLAGS=''
FPM='-DFPM_ARM'
INSTALL_DATA='${INSTALL} -m 644'
INSTALL_PROGRAM='${INSTALL}'
INSTALL_SCRIPT='${INSTALL}'
INSTALL_STRIP_PROGRAM='${SHELL} $(install_sh) -c -s'
LDFLAGS='-Wl,-rpath-link=/home/user/android-ndk/build/platforms/android-3/arch-arm/usr/lib/ -L/home/user/android-ndk/build/platforms/android-3/arch-arm/usr/lib/'
LIBOBJS=''
LIBS='-lc '
LIBTOOL='$(SHELL) $(top_builddir)/libtool'
LIBTOOL_DEPS='./ltmain.sh'
LN_S='ln -s'
LTLIBOBJS=''
MAKEINFO='${SHELL} /home/user/android-ndk-r5b/apps/HelloNDK/jni/sox/libmad-0.15.1b/missing --run makeinfo'
OBJEXT='o'
PACKAGE='libmad'
PACKAGE_BUGREPORT='support@underbit.com'
PACKAGE_NAME='MPEG Audio Decoder'
PACKAGE_STRING='MPEG Audio Decoder 0.15.1b'
PACKAGE_TARNAME='libmad'
PACKAGE_VERSION='0.15.1b'
PATH_SEPARATOR=':'
RANLIB='ranlib'
SET_MAKE=''
SHELL='/bin/sh'
STRIP='strip'
VERSION='0.15.1b'
ac_ct_AR='ar'
ac_ct_CC=''
ac_ct_CXX='g++'
ac_ct_F77=''
ac_ct_RANLIB='ranlib'
ac_ct_STRIP='strip'
am__fastdepCC_FALSE='#'
am__fastdepCC_TRUE=''
am__fastdepCXX_FALSE='#'
am__fastdepCXX_TRUE=''
am__include='include'
am__leading_dot='.'
am__quote=''
bindir='${exec_prefix}/bin'
build='i686-pc-linux-gnulibc1'
build_alias=''
build_cpu='i686'
build_os='linux-gnulibc1'
build_vendor='pc'
datadir='${prefix}/share'
exec_prefix='${prefix}'
host='arm-unknown-eabi'
host_alias='arm-eabi'
host_cpu='arm'
host_os='eabi'
host_vendor='unknown'
includedir='${prefix}/include'
infodir='${prefix}/info'
install_sh='/home/user/android-ndk-r5b/apps/HelloNDK/jni/sox/libmad-0.15.1b/install-sh'
libdir='${exec_prefix}/lib'
libexecdir='${exec_prefix}/libexec'
localstatedir='${prefix}/var'
mandir='${prefix}/man'
mkdir_p='mkdir -p -- .'
oldincludedir='/usr/include'
prefix='/usr/local'
program_transform_name='s,x,x,'
sbindir='${exec_prefix}/sbin'
sharedstatedir='${prefix}/com'
sysconfdir='${prefix}/etc'
target_alias=''

## ----------- ##
## confdefs.h. ##
## ----------- ##

#define HAVE_ASSERT_H 1
#define HAVE_DLFCN_H 1
#define HAVE_ERRNO_H 1
#define HAVE_FCNTL 1
#define HAVE_FCNTL_H 1
#define HAVE_FORK 1
#define HAVE_INTTYPES_H 1
#define HAVE_LIMITS_H 1
#define HAVE_MEMORY_H 1
#define HAVE_PIPE 1
#define HAVE_STDINT_H 1
#define HAVE_STDLIB_H 1
#define HAVE_STRINGS_H 1
#define HAVE_STRING_H 1
#define HAVE_SYS_STAT_H 1
#define HAVE_SYS_TYPES_H 1
#define HAVE_SYS_TYPES_H 1
#define HAVE_SYS_WAIT_H 1
#define HAVE_UNISTD_H 1
#define HAVE_UNISTD_H 1
#define HAVE_WAITPID 1
#define PACKAGE "libmad"
#define PACKAGE_BUGREPORT "support@underbit.com"
#define PACKAGE_NAME "MPEG Audio Decoder"
#define PACKAGE_STRING "MPEG Audio Decoder 0.15.1b"
#define PACKAGE_TARNAME "libmad"
#define PACKAGE_VERSION "0.15.1b"
#define SIZEOF_INT 4
#define SIZEOF_LONG 4
#define SIZEOF_LONG_LONG 8
#define STDC_HEADERS 1
#define STDC_HEADERS 1
#define VERSION "0.15.1b"
#endif
#ifdef __cplusplus
void exit (int);

configure: exit 0
